[2020-01-17 19:29:59.318][debug][command:6b0b0022-0ce5-4bcd-b58a-b3d5eee7a111][tid:01][com.facebook.buck.event.listener.RenderingConsole] Starting render scheduler (interval 100 ms)
[2020-01-17 19:29:59.336][debug][command:null][tid:19][com.facebook.buck.util.perf.ProcessTracker] startUp
[2020-01-17 19:29:59.336][debug][command:null][tid:19][com.facebook.buck.util.perf.ProcessTracker] startUp
[2020-01-17 19:29:59.366][debug][command:6b0b0022-0ce5-4bcd-b58a-b3d5eee7a111][tid:01][com.facebook.buck.util.environment.MacWifiSsidFinder] Getting current SSID..
[2020-01-17 19:29:59.398][debug][command:6b0b0022-0ce5-4bcd-b58a-b3d5eee7a111][tid:01][com.facebook.buck.util.environment.MacWifiSsidFinder] Getting SSID from Wi-Fi interface: <CWInterface: 0x7fa276e68510> [interfaceName=en0]
[2020-01-17 19:29:59.399][debug][command:6b0b0022-0ce5-4bcd-b58a-b3d5eee7a111][tid:01][com.facebook.buck.util.environment.MacWifiSsidFinder] Found SSID: WLANGSNET
[2020-01-17 19:29:59.526][debug][command:6b0b0022-0ce5-4bcd-b58a-b3d5eee7a111][tid:01][com.facebook.buck.util.randomizedtrial.RandomizedTrial] Determined key: 't719628@mact719628/depsaware_executor/6b0b0022-0ce5-4bcd-b58a-b3d5eee7a111'
[2020-01-17 19:29:59.549][debug][command:6b0b0022-0ce5-4bcd-b58a-b3d5eee7a111][tid:01][com.facebook.buck.cli.MainRunner] InvocationInfo BuildId=[6b0b0022-0ce5-4bcd-b58a-b3d5eee7a111] Args=[build, //BuckDemo:BuckDemo]
[2020-01-17 19:29:59.594][info ][command:6b0b0022-0ce5-4bcd-b58a-b3d5eee7a111][tid:01][com.facebook.buck.support.build.report.BuildReportUtils] Build report is not enabled
[2020-01-17 19:29:59.668][warn ][command:null][tid:23][com.facebook.buck.event.listener.PublicAnnouncementManager] Failed to get public announcements. Reason: Failed to establish connection to server.
[2020-01-17 19:29:59.668][warn ][command:null][tid:23][com.facebook.buck.event.listener.PublicAnnouncementManager] Failed to get public announcements. Reason: Failed to establish connection to server.
[2020-01-17 19:29:59.668][info ][command:6b0b0022-0ce5-4bcd-b58a-b3d5eee7a111][tid:01][com.facebook.buck.support.build.report.BuildReportUtils] Build report is not enabled
[2020-01-17 19:29:59.675][debug][command:null][tid:24][com.facebook.buck.util.environment.MacNetworkConfiguration] Determine network service order and extract device names
[2020-01-17 19:29:59.675][debug][command:null][tid:24][com.facebook.buck.util.environment.MacNetworkConfiguration] Determine network service order and extract device names
[2020-01-17 19:29:59.679][debug][command:null][tid:24][com.facebook.buck.util.ListeningProcessExecutor] Launching process with params ProcessExecutorParams{command=[networksetup, -listnetworkserviceorder, ]}
[2020-01-17 19:29:59.679][debug][command:null][tid:24][com.facebook.buck.util.ListeningProcessExecutor] Launching process with params ProcessExecutorParams{command=[networksetup, -listnetworkserviceorder, ]}
[2020-01-17 19:29:59.736][debug][command:null][tid:24][com.facebook.buck.util.ListeningProcessExecutor] Successfully launched process com.zaxxer.nuprocess.osx.OsxProcess@6918cc93
[2020-01-17 19:29:59.736][debug][command:null][tid:24][com.facebook.buck.util.ListeningProcessExecutor] Successfully launched process com.zaxxer.nuprocess.osx.OsxProcess@6918cc93
[2020-01-17 19:29:59.738][info ][command:6b0b0022-0ce5-4bcd-b58a-b3d5eee7a111][tid:20][com.facebook.buck.event.listener.LoggingBuildListener] Build started at 2020-01-17 19:29:59.737
[2020-01-17 19:29:59.739][debug][command:null][tid:24][com.facebook.buck.util.ListeningProcessExecutor] Waiting for process com.facebook.buck.util.ListeningProcessExecutor$LaunchedProcessImpl@39b7db35 timeout 1000 MILLISECONDS
[2020-01-17 19:29:59.739][debug][command:null][tid:24][com.facebook.buck.util.ListeningProcessExecutor] Waiting for process com.facebook.buck.util.ListeningProcessExecutor$LaunchedProcessImpl@39b7db35 timeout 1000 MILLISECONDS
[2020-01-17 19:29:59.780][debug][command:null][tid:24][com.facebook.buck.util.ListeningProcessExecutor] Wait for process returned 0
[2020-01-17 19:29:59.780][debug][command:null][tid:24][com.facebook.buck.util.ListeningProcessExecutor] Wait for process returned 0
[2020-01-17 19:29:59.780][debug][command:null][tid:24][com.facebook.buck.util.ListeningProcessExecutor] Destroying process com.facebook.buck.util.ListeningProcessExecutor$LaunchedProcessImpl@39b7db35 (force true)
[2020-01-17 19:29:59.780][debug][command:null][tid:24][com.facebook.buck.util.ListeningProcessExecutor] Destroying process com.facebook.buck.util.ListeningProcessExecutor$LaunchedProcessImpl@39b7db35 (force true)
[2020-01-17 19:29:59.780][debug][command:null][tid:24][com.facebook.buck.util.environment.MacNetworkConfiguration] Determine active state of media for device
[2020-01-17 19:29:59.780][debug][command:null][tid:24][com.facebook.buck.util.environment.MacNetworkConfiguration] Determine active state of media for device
[2020-01-17 19:29:59.781][debug][command:null][tid:24][com.facebook.buck.util.ListeningProcessExecutor] Launching process with params ProcessExecutorParams{command=[networksetup, -getMedia, en5]}
[2020-01-17 19:29:59.781][debug][command:null][tid:24][com.facebook.buck.util.ListeningProcessExecutor] Launching process with params ProcessExecutorParams{command=[networksetup, -getMedia, en5]}
[2020-01-17 19:29:59.783][debug][command:null][tid:24][com.facebook.buck.util.ListeningProcessExecutor] Successfully launched process com.zaxxer.nuprocess.osx.OsxProcess@41437381
[2020-01-17 19:29:59.783][debug][command:null][tid:24][com.facebook.buck.util.ListeningProcessExecutor] Successfully launched process com.zaxxer.nuprocess.osx.OsxProcess@41437381
[2020-01-17 19:29:59.785][debug][command:null][tid:24][com.facebook.buck.util.ListeningProcessExecutor] Waiting for process com.facebook.buck.util.ListeningProcessExecutor$LaunchedProcessImpl@7d87d90e timeout 1000 MILLISECONDS
[2020-01-17 19:29:59.785][debug][command:null][tid:24][com.facebook.buck.util.ListeningProcessExecutor] Waiting for process com.facebook.buck.util.ListeningProcessExecutor$LaunchedProcessImpl@7d87d90e timeout 1000 MILLISECONDS
[2020-01-17 19:29:59.811][debug][command:6b0b0022-0ce5-4bcd-b58a-b3d5eee7a111][tid:01][com.facebook.buck.parser.DaemonicParserState] Starting to invalidate caches for /Users/t719628/Documents/Douglas/Github/BuckDemo..
[2020-01-17 19:29:59.811][debug][command:6b0b0022-0ce5-4bcd-b58a-b3d5eee7a111][tid:01][com.facebook.buck.parser.DaemonicParserState] Cell caches were empty, no data invalidated.
[2020-01-17 19:29:59.823][debug][command:null][tid:24][com.facebook.buck.util.ListeningProcessExecutor] Wait for process returned 4
[2020-01-17 19:29:59.823][debug][command:null][tid:24][com.facebook.buck.util.ListeningProcessExecutor] Wait for process returned 4
[2020-01-17 19:29:59.824][debug][command:null][tid:24][com.facebook.buck.util.ListeningProcessExecutor] Destroying process com.facebook.buck.util.ListeningProcessExecutor$LaunchedProcessImpl@7d87d90e (force true)
[2020-01-17 19:29:59.824][debug][command:null][tid:24][com.facebook.buck.util.ListeningProcessExecutor] Destroying process com.facebook.buck.util.ListeningProcessExecutor$LaunchedProcessImpl@7d87d90e (force true)
[2020-01-17 19:29:59.824][debug][command:null][tid:24][com.facebook.buck.util.environment.MacNetworkConfiguration] Determine active state of media for device
[2020-01-17 19:29:59.824][debug][command:null][tid:24][com.facebook.buck.util.environment.MacNetworkConfiguration] Determine active state of media for device
[2020-01-17 19:29:59.824][debug][command:null][tid:24][com.facebook.buck.util.ListeningProcessExecutor] Launching process with params ProcessExecutorParams{command=[networksetup, -getMedia, en4]}
[2020-01-17 19:29:59.824][debug][command:null][tid:24][com.facebook.buck.util.ListeningProcessExecutor] Launching process with params ProcessExecutorParams{command=[networksetup, -getMedia, en4]}
[2020-01-17 19:29:59.827][debug][command:null][tid:24][com.facebook.buck.util.ListeningProcessExecutor] Successfully launched process com.zaxxer.nuprocess.osx.OsxProcess@52c41d66
[2020-01-17 19:29:59.827][debug][command:null][tid:24][com.facebook.buck.util.ListeningProcessExecutor] Successfully launched process com.zaxxer.nuprocess.osx.OsxProcess@52c41d66
[2020-01-17 19:29:59.829][debug][command:null][tid:24][com.facebook.buck.util.ListeningProcessExecutor] Waiting for process com.facebook.buck.util.ListeningProcessExecutor$LaunchedProcessImpl@1dd7d0e2 timeout 1000 MILLISECONDS
[2020-01-17 19:29:59.829][debug][command:null][tid:24][com.facebook.buck.util.ListeningProcessExecutor] Waiting for process com.facebook.buck.util.ListeningProcessExecutor$LaunchedProcessImpl@1dd7d0e2 timeout 1000 MILLISECONDS
[2020-01-17 19:29:59.835][debug][command:6b0b0022-0ce5-4bcd-b58a-b3d5eee7a111][tid:38][com.facebook.buck.io.ExecutableFinder] Executable 'python2' mapped to 'Optional[/usr/bin/python2]'
[2020-01-17 19:29:59.870][debug][command:null][tid:24][com.facebook.buck.util.ListeningProcessExecutor] Wait for process returned 4
[2020-01-17 19:29:59.870][debug][command:null][tid:24][com.facebook.buck.util.ListeningProcessExecutor] Wait for process returned 4
[2020-01-17 19:29:59.870][debug][command:null][tid:24][com.facebook.buck.util.ListeningProcessExecutor] Destroying process com.facebook.buck.util.ListeningProcessExecutor$LaunchedProcessImpl@1dd7d0e2 (force true)
[2020-01-17 19:29:59.870][debug][command:null][tid:24][com.facebook.buck.util.ListeningProcessExecutor] Destroying process com.facebook.buck.util.ListeningProcessExecutor$LaunchedProcessImpl@1dd7d0e2 (force true)
[2020-01-17 19:29:59.870][debug][command:null][tid:24][com.facebook.buck.util.environment.MacNetworkConfiguration] Determine active state of media for device
[2020-01-17 19:29:59.870][debug][command:null][tid:24][com.facebook.buck.util.environment.MacNetworkConfiguration] Determine active state of media for device
[2020-01-17 19:29:59.870][debug][command:null][tid:24][com.facebook.buck.util.ListeningProcessExecutor] Launching process with params ProcessExecutorParams{command=[networksetup, -getMedia, en0]}
[2020-01-17 19:29:59.870][debug][command:null][tid:24][com.facebook.buck.util.ListeningProcessExecutor] Launching process with params ProcessExecutorParams{command=[networksetup, -getMedia, en0]}
[2020-01-17 19:29:59.873][debug][command:null][tid:24][com.facebook.buck.util.ListeningProcessExecutor] Successfully launched process com.zaxxer.nuprocess.osx.OsxProcess@3be794df
[2020-01-17 19:29:59.873][debug][command:null][tid:24][com.facebook.buck.util.ListeningProcessExecutor] Successfully launched process com.zaxxer.nuprocess.osx.OsxProcess@3be794df
[2020-01-17 19:29:59.875][debug][command:null][tid:24][com.facebook.buck.util.ListeningProcessExecutor] Waiting for process com.facebook.buck.util.ListeningProcessExecutor$LaunchedProcessImpl@420fcbc5 timeout 1000 MILLISECONDS
[2020-01-17 19:29:59.875][debug][command:null][tid:24][com.facebook.buck.util.ListeningProcessExecutor] Waiting for process com.facebook.buck.util.ListeningProcessExecutor$LaunchedProcessImpl@420fcbc5 timeout 1000 MILLISECONDS
[2020-01-17 19:29:59.883][info ][command:6b0b0022-0ce5-4bcd-b58a-b3d5eee7a111][tid:38][com.facebook.buck.core.plugin.impl.DefaultBuckPluginManager] Time to load instances of interface com.facebook.buck.core.model.targetgraph.DescriptionProvider: 43
[2020-01-17 19:29:59.904][debug][command:null][tid:24][com.facebook.buck.util.ListeningProcessExecutor] Wait for process returned 0
[2020-01-17 19:29:59.904][debug][command:null][tid:24][com.facebook.buck.util.ListeningProcessExecutor] Wait for process returned 0
[2020-01-17 19:29:59.904][debug][command:null][tid:24][com.facebook.buck.util.ListeningProcessExecutor] Destroying process com.facebook.buck.util.ListeningProcessExecutor$LaunchedProcessImpl@420fcbc5 (force true)
[2020-01-17 19:29:59.904][debug][command:null][tid:24][com.facebook.buck.util.ListeningProcessExecutor] Destroying process com.facebook.buck.util.ListeningProcessExecutor$LaunchedProcessImpl@420fcbc5 (force true)
[2020-01-17 19:29:59.905][debug][command:null][tid:24][com.facebook.buck.util.environment.MacNetworkConfiguration] Determine WiFi SSID of device
[2020-01-17 19:29:59.905][debug][command:null][tid:24][com.facebook.buck.util.environment.MacNetworkConfiguration] Determine WiFi SSID of device
[2020-01-17 19:29:59.905][debug][command:null][tid:24][com.facebook.buck.util.ListeningProcessExecutor] Launching process with params ProcessExecutorParams{command=[networksetup, -getairportnetwork, en0]}
[2020-01-17 19:29:59.905][debug][command:null][tid:24][com.facebook.buck.util.ListeningProcessExecutor] Launching process with params ProcessExecutorParams{command=[networksetup, -getairportnetwork, en0]}
[2020-01-17 19:29:59.907][debug][command:null][tid:24][com.facebook.buck.util.ListeningProcessExecutor] Successfully launched process com.zaxxer.nuprocess.osx.OsxProcess@639b7a70
[2020-01-17 19:29:59.907][debug][command:null][tid:24][com.facebook.buck.util.ListeningProcessExecutor] Successfully launched process com.zaxxer.nuprocess.osx.OsxProcess@639b7a70
[2020-01-17 19:29:59.909][debug][command:null][tid:24][com.facebook.buck.util.ListeningProcessExecutor] Waiting for process com.facebook.buck.util.ListeningProcessExecutor$LaunchedProcessImpl@1e295cff timeout 1000 MILLISECONDS
[2020-01-17 19:29:59.909][debug][command:null][tid:24][com.facebook.buck.util.ListeningProcessExecutor] Waiting for process com.facebook.buck.util.ListeningProcessExecutor$LaunchedProcessImpl@1e295cff timeout 1000 MILLISECONDS
[2020-01-17 19:29:59.944][debug][command:null][tid:24][com.facebook.buck.util.ListeningProcessExecutor] Wait for process returned 0
[2020-01-17 19:29:59.944][debug][command:null][tid:24][com.facebook.buck.util.ListeningProcessExecutor] Wait for process returned 0
[2020-01-17 19:29:59.944][debug][command:null][tid:24][com.facebook.buck.util.ListeningProcessExecutor] Destroying process com.facebook.buck.util.ListeningProcessExecutor$LaunchedProcessImpl@1e295cff (force true)
[2020-01-17 19:29:59.944][debug][command:null][tid:24][com.facebook.buck.util.ListeningProcessExecutor] Destroying process com.facebook.buck.util.ListeningProcessExecutor$LaunchedProcessImpl@1e295cff (force true)
[2020-01-17 19:30:00.065][info ][command:6b0b0022-0ce5-4bcd-b58a-b3d5eee7a111][tid:38][com.facebook.buck.core.plugin.impl.DefaultBuckPluginManager] Time to load instances of interface com.facebook.buck.apple.XCodeDescriptionClassSupplier: 9
[2020-01-17 19:30:00.091][info ][command:6b0b0022-0ce5-4bcd-b58a-b3d5eee7a111][tid:38][com.facebook.buck.core.plugin.impl.DefaultBuckPluginManager] Time to load instances of interface com.facebook.buck.core.model.targetgraph.BuiltInProviderProvider: 5
[2020-01-17 19:30:00.570][debug][command:6b0b0022-0ce5-4bcd-b58a-b3d5eee7a111][tid:46][com.facebook.buck.apple.toolchain.impl.AppleToolchainDiscovery] Searching for Xcode toolchains under /Library/Developer/CommandLineTools/Toolchains
[2020-01-17 19:30:00.570][debug][command:6b0b0022-0ce5-4bcd-b58a-b3d5eee7a111][tid:46][com.facebook.buck.apple.toolchain.impl.AppleToolchainDiscovery] Skipping toolchain search path /Library/Developer/CommandLineTools/Toolchains that does not exist
[2020-01-17 19:30:00.573][debug][command:6b0b0022-0ce5-4bcd-b58a-b3d5eee7a111][tid:46][com.facebook.buck.apple.toolchain.impl.AppleSdkDiscovery] Searching for Xcode platforms under /Library/Developer/CommandLineTools/Platforms
[2020-01-17 19:30:00.575][debug][command:6b0b0022-0ce5-4bcd-b58a-b3d5eee7a111][tid:46][com.facebook.buck.apple.toolchain.impl.AppleSdkDiscovery] Skipping platform search path /Library/Developer/CommandLineTools/Platforms that does not exist
[2020-01-17 19:30:00.587][info ][command:6b0b0022-0ce5-4bcd-b58a-b3d5eee7a111][tid:46][com.facebook.buck.core.toolchain.impl.DefaultToolchainProvider] Cannot create a toolchain: android-ndk-location (UnconfiguredTargetConfiguration). Cause: Android NDK could not be found. Make sure to set one of these  environment variables: ANDROID_NDK_REPOSITORY, ANDROID_NDK, or NDK_HOME or ndk.ndk_path or ndk.ndk_repository_path in your .buckconfig
[2020-01-17 19:30:00.588][info ][command:6b0b0022-0ce5-4bcd-b58a-b3d5eee7a111][tid:46][com.facebook.buck.core.toolchain.impl.DefaultToolchainProvider] Cannot create a toolchain: ndk-cxx-platforms (UnconfiguredTargetConfiguration). Cause: Android NDK could not be found. Make sure to set one of these  environment variables: ANDROID_NDK_REPOSITORY, ANDROID_NDK, or NDK_HOME or ndk.ndk_path or ndk.ndk_repository_path in your .buckconfig
[2020-01-17 19:30:00.590][debug][command:6b0b0022-0ce5-4bcd-b58a-b3d5eee7a111][tid:46][com.facebook.buck.io.ExecutableFinder] Executable 'clang' mapped to 'Optional[/usr/bin/clang]'
[2020-01-17 19:30:00.591][debug][command:6b0b0022-0ce5-4bcd-b58a-b3d5eee7a111][tid:46][com.facebook.buck.io.ExecutableFinder] Executable 'clang++' mapped to 'Optional[/usr/bin/clang++]'
[2020-01-17 19:30:00.618][info ][command:6b0b0022-0ce5-4bcd-b58a-b3d5eee7a111][tid:46][com.facebook.buck.cxx.toolchain.impl.CxxPlatforms] Couldn't find default platform iphoneos-arm64, falling back to system default
[2020-01-17 19:30:00.655][debug][command:6b0b0022-0ce5-4bcd-b58a-b3d5eee7a111][tid:01][com.facebook.buck.core.model.actiongraph.computation.ActionGraphProvider] Computing TargetGraph HashCode...
[2020-01-17 19:30:00.655][info ][command:6b0b0022-0ce5-4bcd-b58a-b3d5eee7a111][tid:01][com.facebook.buck.core.model.actiongraph.computation.ActionGraphProvider] ActionGraph cache miss. Cache was empty.
[2020-01-17 19:30:00.662][debug][command:6b0b0022-0ce5-4bcd-b58a-b3d5eee7a111][tid:01][com.facebook.buck.core.model.actiongraph.computation.ParallelActionGraphFactory] start target graph walk
[2020-01-17 19:30:00.729][debug][command:null][tid:58][com.facebook.buck.cxx.toolchain.CxxToolProvider] Output of [/usr/bin/clang, --version]: [Apple clang version 11.0.0 (clang-1100.0.33.17), Target: x86_64-apple-darwin19.0.0, Thread model: posix, InstalledDir: /Library/Developer/CommandLineTools/usr/bin, ]
[2020-01-17 19:30:00.729][debug][command:null][tid:58][com.facebook.buck.cxx.toolchain.CxxToolProvider] Output of [/usr/bin/clang, --version]: [Apple clang version 11.0.0 (clang-1100.0.33.17), Target: x86_64-apple-darwin19.0.0, Thread model: posix, InstalledDir: /Library/Developer/CommandLineTools/usr/bin, ]
[2020-01-17 19:30:00.749][debug][command:null][tid:58][com.facebook.buck.cxx.toolchain.CxxToolProvider] Output of [/usr/bin/clang++, --version]: [Apple clang version 11.0.0 (clang-1100.0.33.17), Target: x86_64-apple-darwin19.0.0, Thread model: posix, InstalledDir: /Library/Developer/CommandLineTools/usr/bin, ]
[2020-01-17 19:30:00.749][debug][command:null][tid:58][com.facebook.buck.cxx.toolchain.CxxToolProvider] Output of [/usr/bin/clang++, --version]: [Apple clang version 11.0.0 (clang-1100.0.33.17), Target: x86_64-apple-darwin19.0.0, Thread model: posix, InstalledDir: /Library/Developer/CommandLineTools/usr/bin, ]
[2020-01-17 19:30:00.807][debug][command:null][tid:58][com.facebook.buck.core.rulekey.MissingExcludeReporter] Field com.facebook.buck.rules.args.ImmutableSourcePathArg.path should be annotated with @AddToRuleKey or @ExcludeFromRuleKey.
[2020-01-17 19:30:00.807][debug][command:null][tid:58][com.facebook.buck.core.rulekey.MissingExcludeReporter] Field com.facebook.buck.rules.args.ImmutableSourcePathArg.path should be annotated with @AddToRuleKey or @ExcludeFromRuleKey.
[2020-01-17 19:30:00.815][debug][command:null][tid:60][com.facebook.buck.apple.toolchain.impl.ProvisioningProfileStoreFactory] Provisioning profile search path: /Users/t719628/Library/MobileDevice/Provisioning Profiles
[2020-01-17 19:30:00.815][debug][command:null][tid:60][com.facebook.buck.apple.toolchain.impl.ProvisioningProfileStoreFactory] Provisioning profile search path: /Users/t719628/Library/MobileDevice/Provisioning Profiles
[2020-01-17 19:30:00.819][info ][command:6b0b0022-0ce5-4bcd-b58a-b3d5eee7a111][tid:20][com.facebook.buck.event.listener.LoggingBuildListener] Build finished at 2020-01-17 19:30:00.817
[2020-01-17 19:30:00.827][info ][command:6b0b0022-0ce5-4bcd-b58a-b3d5eee7a111][tid:20][com.facebook.buck.event.listener.AbstractConsoleEventBusListener] 
Top slow rules: Buck didn't spend time in rules.
[2020-01-17 19:30:00.827][info ][command:null][tid:16][com.facebook.buck.event.listener.AbstractConsoleEventBusListener] 
Top slow rules: Buck didn't spend time in rules.
[2020-01-17 19:30:00.827][info ][command:null][tid:16][com.facebook.buck.event.listener.AbstractConsoleEventBusListener] 
Top slow rules: Buck didn't spend time in rules.
[2020-01-17 19:30:00.828][info ][command:6b0b0022-0ce5-4bcd-b58a-b3d5eee7a111][tid:20][com.facebook.buck.event.listener.CriticalPathEventListener] Received command finished event for command : build
[2020-01-17 19:30:00.829][info ][command:null][tid:26][com.facebook.buck.core.graph.transformation.executor.impl.AbstractDepsAwareExecutor] Worker was interrupted
[2020-01-17 19:30:00.829][info ][command:null][tid:26][com.facebook.buck.core.graph.transformation.executor.impl.AbstractDepsAwareExecutor] Worker was interrupted
[2020-01-17 19:30:00.829][info ][command:null][tid:30][com.facebook.buck.core.graph.transformation.executor.impl.AbstractDepsAwareExecutor] Worker was interrupted
[2020-01-17 19:30:00.829][info ][command:null][tid:28][com.facebook.buck.core.graph.transformation.executor.impl.AbstractDepsAwareExecutor] Worker was interrupted
[2020-01-17 19:30:00.829][info ][command:null][tid:28][com.facebook.buck.core.graph.transformation.executor.impl.AbstractDepsAwareExecutor] Worker was interrupted
[2020-01-17 19:30:00.829][info ][command:null][tid:29][com.facebook.buck.core.graph.transformation.executor.impl.AbstractDepsAwareExecutor] Worker was interrupted
[2020-01-17 19:30:00.829][info ][command:null][tid:29][com.facebook.buck.core.graph.transformation.executor.impl.AbstractDepsAwareExecutor] Worker was interrupted
[2020-01-17 19:30:00.829][info ][command:null][tid:30][com.facebook.buck.core.graph.transformation.executor.impl.AbstractDepsAwareExecutor] Worker was interrupted
[2020-01-17 19:30:00.829][info ][command:null][tid:32][com.facebook.buck.core.graph.transformation.executor.impl.AbstractDepsAwareExecutor] Worker was interrupted
[2020-01-17 19:30:00.829][info ][command:null][tid:32][com.facebook.buck.core.graph.transformation.executor.impl.AbstractDepsAwareExecutor] Worker was interrupted
[2020-01-17 19:30:00.829][info ][command:null][tid:31][com.facebook.buck.core.graph.transformation.executor.impl.AbstractDepsAwareExecutor] Worker was interrupted
[2020-01-17 19:30:00.829][info ][command:null][tid:31][com.facebook.buck.core.graph.transformation.executor.impl.AbstractDepsAwareExecutor] Worker was interrupted
[2020-01-17 19:30:00.829][info ][command:null][tid:34][com.facebook.buck.core.graph.transformation.executor.impl.AbstractDepsAwareExecutor] Worker was interrupted
[2020-01-17 19:30:00.829][info ][command:null][tid:34][com.facebook.buck.core.graph.transformation.executor.impl.AbstractDepsAwareExecutor] Worker was interrupted
[2020-01-17 19:30:00.829][info ][command:null][tid:33][com.facebook.buck.core.graph.transformation.executor.impl.AbstractDepsAwareExecutor] Worker was interrupted
[2020-01-17 19:30:00.829][info ][command:null][tid:33][com.facebook.buck.core.graph.transformation.executor.impl.AbstractDepsAwareExecutor] Worker was interrupted
[2020-01-17 19:30:00.836][debug][command:6b0b0022-0ce5-4bcd-b58a-b3d5eee7a111][tid:19][com.facebook.buck.util.perf.ProcessTracker] shutDown
[2020-01-17 19:30:00.837][debug][command:6b0b0022-0ce5-4bcd-b58a-b3d5eee7a111][tid:01][com.facebook.buck.event.listener.RenderingConsole] Stopping render scheduler
[2020-01-17 19:30:00.838][info ][command:6b0b0022-0ce5-4bcd-b58a-b3d5eee7a111][tid:01][com.facebook.buck.cli.MainRunner] Awaiting termination of PROJECT executor service. Waiting for all jobs to complete, or up to maximum of 60 seconds...
[2020-01-17 19:30:00.838][info ][command:6b0b0022-0ce5-4bcd-b58a-b3d5eee7a111][tid:01][com.facebook.buck.cli.MainRunner] Successfully terminated PROJECT executor service.
[2020-01-17 19:30:00.838][info ][command:6b0b0022-0ce5-4bcd-b58a-b3d5eee7a111][tid:01][com.facebook.buck.cli.MainRunner] Awaiting termination of NETWORK executor service. Waiting for all jobs to complete, or up to maximum of 60 seconds...
[2020-01-17 19:30:00.839][info ][command:6b0b0022-0ce5-4bcd-b58a-b3d5eee7a111][tid:01][com.facebook.buck.cli.MainRunner] Successfully terminated NETWORK executor service.
[2020-01-17 19:30:00.839][info ][command:6b0b0022-0ce5-4bcd-b58a-b3d5eee7a111][tid:01][com.facebook.buck.cli.MainRunner] Awaiting termination of GRAPH_CPU executor service. Waiting for all jobs to complete, or up to maximum of 60 seconds...
[2020-01-17 19:30:00.839][info ][command:6b0b0022-0ce5-4bcd-b58a-b3d5eee7a111][tid:01][com.facebook.buck.cli.MainRunner] Successfully terminated GRAPH_CPU executor service.
[2020-01-17 19:30:00.839][info ][command:6b0b0022-0ce5-4bcd-b58a-b3d5eee7a111][tid:01][com.facebook.buck.cli.MainRunner] Awaiting termination of CPU executor service. Waiting for all jobs to complete, or up to maximum of 60 seconds...
[2020-01-17 19:30:00.839][info ][command:6b0b0022-0ce5-4bcd-b58a-b3d5eee7a111][tid:01][com.facebook.buck.cli.MainRunner] Successfully terminated CPU executor service.
[2020-01-17 19:30:00.840][info ][command:6b0b0022-0ce5-4bcd-b58a-b3d5eee7a111][tid:01][com.facebook.buck.cli.MainRunner] Awaiting termination of ScheduledExecutorService executor service. Waiting for all jobs to complete, or up to maximum of 60 seconds...
[2020-01-17 19:30:00.840][info ][command:6b0b0022-0ce5-4bcd-b58a-b3d5eee7a111][tid:01][com.facebook.buck.cli.MainRunner] Successfully terminated ScheduledExecutorService executor service.
[2020-01-17 19:30:00.840][info ][command:6b0b0022-0ce5-4bcd-b58a-b3d5eee7a111][tid:01][com.facebook.buck.cli.MainRunner] Awaiting termination of CounterAggregatorExecutor executor service. Waiting for all jobs to complete, or up to maximum of 20 seconds...
[2020-01-17 19:30:00.840][info ][command:6b0b0022-0ce5-4bcd-b58a-b3d5eee7a111][tid:01][com.facebook.buck.cli.MainRunner] Successfully terminated CounterAggregatorExecutor executor service.
[2020-01-17 19:30:00.840][info ][command:6b0b0022-0ce5-4bcd-b58a-b3d5eee7a111][tid:01][com.facebook.buck.cli.MainRunner] Awaiting termination of HTTP Read executor service. Waiting for all jobs to complete, or up to maximum of 1800 seconds...
[2020-01-17 19:30:00.841][info ][command:6b0b0022-0ce5-4bcd-b58a-b3d5eee7a111][tid:01][com.facebook.buck.cli.MainRunner] Successfully terminated HTTP Read executor service.
[2020-01-17 19:30:00.841][info ][command:6b0b0022-0ce5-4bcd-b58a-b3d5eee7a111][tid:01][com.facebook.buck.cli.MainRunner] Awaiting termination of HTTP Write executor service. Waiting for all jobs to complete, or up to maximum of 1800 seconds...
[2020-01-17 19:30:00.841][info ][command:6b0b0022-0ce5-4bcd-b58a-b3d5eee7a111][tid:01][com.facebook.buck.cli.MainRunner] Successfully terminated HTTP Write executor service.
[2020-01-17 19:30:00.841][info ][command:6b0b0022-0ce5-4bcd-b58a-b3d5eee7a111][tid:01][com.facebook.buck.cli.MainRunner] Awaiting termination of Disk IO executor service. Waiting for all jobs to complete, or up to maximum of 10 seconds...
[2020-01-17 19:30:00.841][info ][command:6b0b0022-0ce5-4bcd-b58a-b3d5eee7a111][tid:01][com.facebook.buck.cli.MainRunner] Successfully terminated Disk IO executor service.
[2020-01-17 19:30:00.846][info ][command:6b0b0022-0ce5-4bcd-b58a-b3d5eee7a111][tid:01][com.facebook.buck.cli.MainRunner] Auto fixing is not enabled for command build
[2020-01-17 19:30:00.875][debug][command:null][tid:63][com.facebook.buck.event.listener.ChromeTraceBuildListener] Writing Chrome trace to buck-out/log/2020-01-17_21h29m59s_buildcommand_6b0b0022-0ce5-4bcd-b58a-b3d5eee7a111/build.2020-01-17.19-29-59.6b0b0022-0ce5-4bcd-b58a-b3d5eee7a111.trace
[2020-01-17 19:30:00.882][warn ][command:null][tid:01][com.facebook.buck.cli.MainRunner] Command failed:
com.facebook.buck.core.exceptions.BuckUncheckedExecutionException: null: java.util.concurrent.ExecutionException: com.facebook.buck.core.exceptions.BuckUncheckedExecutionException: When creating rule //BuckDemo:BuckDemo.: com.facebook.buck.core.exceptions.BuckUncheckedExecutionException: null: java.util.concurrent.ExecutionException: com.facebook.buck.core.exceptions.BuckUncheckedExecutionException: When creating rule //BuckDemo:BuckDemo#dwarf-and-dsym.: com.facebook.buck.core.exceptions.BuckUncheckedExecutionException: null: java.util.concurrent.ExecutionException: com.facebook.buck.core.exceptions.BuckUncheckedExecutionException: When creating rule //BuckDemo:BuckDemo#dwarf-and-dsym,no-include-frameworks.: com.facebook.buck.core.exceptions.HumanReadableException: //BuckDemo:BuckDemo#dwarf-and-dsym,no-include-frameworks: Apple bundle requires an Apple platform, found 'default'

A common cause of this error is that the required SDK is missing.
Please check whether it's installed and retry.
Original exception: "Apple C++ Platform" has no flavor "default"; available ones: 
	at com.facebook.buck.util.concurrent.MoreFutures.getUncheckedInterruptibly(MoreFutures.java:192)
	at com.facebook.buck.core.model.actiongraph.computation.ParallelActionGraphFactory.create(ParallelActionGraphFactory.java:105)
	at com.facebook.buck.core.model.actiongraph.computation.ActionGraphFactory.createActionGraph(ActionGraphFactory.java:149)
	at com.facebook.buck.core.model.actiongraph.computation.ActionGraphProvider.createActionGraph(ActionGraphProvider.java:209)
	at com.facebook.buck.core.model.actiongraph.computation.ActionGraphProvider.getActionGraph(ActionGraphProvider.java:152)
	at com.facebook.buck.cli.BuildCommand.createActionGraphAndResolver(BuildCommand.java:832)
	at com.facebook.buck.cli.BuildCommand.createGraphsAndTargets(BuildCommand.java:412)
	at com.facebook.buck.cli.BuildCommand.executeBuildAndProcessResult(BuildCommand.java:476)
	at com.facebook.buck.cli.BuildCommand.run(BuildCommand.java:361)
	at com.facebook.buck.cli.BuildCommand.runWithoutHelpInternal(BuildCommand.java:303)
	at com.facebook.buck.cli.BuildCommand.runWithoutHelp(BuildCommand.java:285)
	at com.facebook.buck.cli.AbstractCommand.run(AbstractCommand.java:277)
	at com.facebook.buck.cli.AbstractContainerCommand.run(AbstractContainerCommand.java:90)
	at com.facebook.buck.cli.MainRunner.runMainWithExitCode(MainRunner.java:1443)
	at com.facebook.buck.cli.MainRunner.runMainThenExit(MainRunner.java:478)
	at com.facebook.buck.cli.MainWithoutNailgun.main(MainWithoutNailgun.java:57)
	at sun.reflect.NativeMethodAccessorImpl.invoke0(Native Method)
	at sun.reflect.NativeMethodAccessorImpl.invoke(NativeMethodAccessorImpl.java:62)
	at sun.reflect.DelegatingMethodAccessorImpl.invoke(DelegatingMethodAccessorImpl.java:43)
	at java.lang.reflect.Method.invoke(Method.java:498)
	at com.facebook.buck.cli.bootstrapper.ClassLoaderBootstrapper.main(ClassLoaderBootstrapper.java:55)
Caused by: java.util.concurrent.ExecutionException: com.facebook.buck.core.exceptions.BuckUncheckedExecutionException: When creating rule //BuckDemo:BuckDemo.: com.facebook.buck.core.exceptions.BuckUncheckedExecutionException: null: java.util.concurrent.ExecutionException: com.facebook.buck.core.exceptions.BuckUncheckedExecutionException: When creating rule //BuckDemo:BuckDemo#dwarf-and-dsym.: com.facebook.buck.core.exceptions.BuckUncheckedExecutionException: null: java.util.concurrent.ExecutionException: com.facebook.buck.core.exceptions.BuckUncheckedExecutionException: When creating rule //BuckDemo:BuckDemo#dwarf-and-dsym,no-include-frameworks.: com.facebook.buck.core.exceptions.HumanReadableException: //BuckDemo:BuckDemo#dwarf-and-dsym,no-include-frameworks: Apple bundle requires an Apple platform, found 'default'

A common cause of this error is that the required SDK is missing.
Please check whether it's installed and retry.
Original exception: "Apple C++ Platform" has no flavor "default"; available ones: 
	at com.google.common.util.concurrent.AbstractFuture.getDoneValue(AbstractFuture.java:528)
	at com.google.common.util.concurrent.AbstractFuture.get(AbstractFuture.java:507)
	at com.google.common.util.concurrent.AbstractFuture$TrustedFuture.get(AbstractFuture.java:85)
	at com.facebook.buck.util.concurrent.MoreFutures.getUncheckedInterruptibly(MoreFutures.java:187)
	... 20 more
Caused by: com.facebook.buck.core.exceptions.BuckUncheckedExecutionException: When creating rule //BuckDemo:BuckDemo.: com.facebook.buck.core.exceptions.BuckUncheckedExecutionException: null: java.util.concurrent.ExecutionException: com.facebook.buck.core.exceptions.BuckUncheckedExecutionException: When creating rule //BuckDemo:BuckDemo#dwarf-and-dsym.: com.facebook.buck.core.exceptions.BuckUncheckedExecutionException: null: java.util.concurrent.ExecutionException: com.facebook.buck.core.exceptions.BuckUncheckedExecutionException: When creating rule //BuckDemo:BuckDemo#dwarf-and-dsym,no-include-frameworks.: com.facebook.buck.core.exceptions.HumanReadableException: //BuckDemo:BuckDemo#dwarf-and-dsym,no-include-frameworks: Apple bundle requires an Apple platform, found 'default'

A common cause of this error is that the required SDK is missing.
Please check whether it's installed and retry.
Original exception: "Apple C++ Platform" has no flavor "default"; available ones: 
	at com.facebook.buck.core.rules.transformer.impl.DefaultTargetNodeToBuildRuleTransformer.transform(DefaultTargetNodeToBuildRuleTransformer.java:114)
	at com.facebook.buck.core.rules.transformer.TargetNodeToBuildRuleTransformer.transform(TargetNodeToBuildRuleTransformer.java:40)
	at com.facebook.buck.core.rules.resolver.impl.MultiThreadedActionGraphBuilder.lambda$17(MultiThreadedActionGraphBuilder.java:241)
	at com.facebook.buck.core.rules.resolver.impl.MultiThreadedActionGraphBuilder.lambda$19(MultiThreadedActionGraphBuilder.java:283)
	at com.facebook.buck.core.rules.resolver.impl.MultiThreadedActionGraphBuilder.lambda$16(MultiThreadedActionGraphBuilder.java:247)
	at com.facebook.buck.core.rules.resolver.impl.MultiThreadedActionGraphBuilder$Task.tryComplete(MultiThreadedActionGraphBuilder.java:344)
	at com.facebook.buck.core.rules.resolver.impl.MultiThreadedActionGraphBuilder$Task.tryComplete(MultiThreadedActionGraphBuilder.java:333)
	at java.util.concurrent.ThreadPoolExecutor.runWorker(ThreadPoolExecutor.java:1149)
	at java.util.concurrent.ThreadPoolExecutor$Worker.run(ThreadPoolExecutor.java:624)
	at java.lang.Thread.run(Thread.java:748)
Caused by: com.facebook.buck.core.exceptions.BuckUncheckedExecutionException: null: java.util.concurrent.ExecutionException: com.facebook.buck.core.exceptions.BuckUncheckedExecutionException: When creating rule //BuckDemo:BuckDemo#dwarf-and-dsym.: com.facebook.buck.core.exceptions.BuckUncheckedExecutionException: null: java.util.concurrent.ExecutionException: com.facebook.buck.core.exceptions.BuckUncheckedExecutionException: When creating rule //BuckDemo:BuckDemo#dwarf-and-dsym,no-include-frameworks.: com.facebook.buck.core.exceptions.HumanReadableException: //BuckDemo:BuckDemo#dwarf-and-dsym,no-include-frameworks: Apple bundle requires an Apple platform, found 'default'

A common cause of this error is that the required SDK is missing.
Please check whether it's installed and retry.
Original exception: "Apple C++ Platform" has no flavor "default"; available ones: 
	at com.facebook.buck.util.concurrent.MoreFutures.getUncheckedInterruptibly(MoreFutures.java:192)
	at com.facebook.buck.core.rules.resolver.impl.MultiThreadedActionGraphBuilder$Task.get(MultiThreadedActionGraphBuilder.java:317)
	at com.facebook.buck.core.rules.resolver.impl.MultiThreadedActionGraphBuilder$Task.access$2(MultiThreadedActionGraphBuilder.java:315)
	at com.facebook.buck.core.rules.resolver.impl.MultiThreadedActionGraphBuilder.requireRule(MultiThreadedActionGraphBuilder.java:220)
	at com.facebook.buck.apple.AppleBundleDescription.createBuildRule(AppleBundleDescription.java:164)
	at com.facebook.buck.apple.AppleBundleDescription.createBuildRule(AppleBundleDescription.java:1)
	at com.facebook.buck.core.rules.transformer.impl.DefaultTargetNodeToBuildRuleTransformer.transform(DefaultTargetNodeToBuildRuleTransformer.java:112)
	... 9 more
Caused by: java.util.concurrent.ExecutionException: com.facebook.buck.core.exceptions.BuckUncheckedExecutionException: When creating rule //BuckDemo:BuckDemo#dwarf-and-dsym.: com.facebook.buck.core.exceptions.BuckUncheckedExecutionException: null: java.util.concurrent.ExecutionException: com.facebook.buck.core.exceptions.BuckUncheckedExecutionException: When creating rule //BuckDemo:BuckDemo#dwarf-and-dsym,no-include-frameworks.: com.facebook.buck.core.exceptions.HumanReadableException: //BuckDemo:BuckDemo#dwarf-and-dsym,no-include-frameworks: Apple bundle requires an Apple platform, found 'default'

A common cause of this error is that the required SDK is missing.
Please check whether it's installed and retry.
Original exception: "Apple C++ Platform" has no flavor "default"; available ones: 
	at com.google.common.util.concurrent.AbstractFuture.getDoneValue(AbstractFuture.java:528)
	at com.google.common.util.concurrent.AbstractFuture.get(AbstractFuture.java:487)
	at com.google.common.util.concurrent.AbstractFuture$TrustedFuture.get(AbstractFuture.java:85)
	at com.facebook.buck.util.concurrent.MoreFutures.getUncheckedInterruptibly(MoreFutures.java:187)
	... 15 more
Caused by: com.facebook.buck.core.exceptions.BuckUncheckedExecutionException: When creating rule //BuckDemo:BuckDemo#dwarf-and-dsym.: com.facebook.buck.core.exceptions.BuckUncheckedExecutionException: null: java.util.concurrent.ExecutionException: com.facebook.buck.core.exceptions.BuckUncheckedExecutionException: When creating rule //BuckDemo:BuckDemo#dwarf-and-dsym,no-include-frameworks.: com.facebook.buck.core.exceptions.HumanReadableException: //BuckDemo:BuckDemo#dwarf-and-dsym,no-include-frameworks: Apple bundle requires an Apple platform, found 'default'

A common cause of this error is that the required SDK is missing.
Please check whether it's installed and retry.
Original exception: "Apple C++ Platform" has no flavor "default"; available ones: 
	at com.facebook.buck.core.rules.transformer.impl.DefaultTargetNodeToBuildRuleTransformer.transform(DefaultTargetNodeToBuildRuleTransformer.java:114)
	at com.facebook.buck.core.rules.transformer.TargetNodeToBuildRuleTransformer.transform(TargetNodeToBuildRuleTransformer.java:40)
	at com.facebook.buck.core.rules.resolver.impl.MultiThreadedActionGraphBuilder.lambda$17(MultiThreadedActionGraphBuilder.java:241)
	at com.facebook.buck.core.rules.resolver.impl.MultiThreadedActionGraphBuilder.lambda$19(MultiThreadedActionGraphBuilder.java:283)
	at com.facebook.buck.core.rules.resolver.impl.MultiThreadedActionGraphBuilder.lambda$16(MultiThreadedActionGraphBuilder.java:247)
	at com.facebook.buck.core.rules.resolver.impl.MultiThreadedActionGraphBuilder$Task.tryComplete(MultiThreadedActionGraphBuilder.java:344)
	at com.facebook.buck.core.rules.resolver.impl.MultiThreadedActionGraphBuilder$Task.tryComplete(MultiThreadedActionGraphBuilder.java:333)
	at com.facebook.buck.core.rules.resolver.impl.MultiThreadedActionGraphBuilder$Task.get(MultiThreadedActionGraphBuilder.java:316)
	... 14 more
Caused by: com.facebook.buck.core.exceptions.BuckUncheckedExecutionException: null: java.util.concurrent.ExecutionException: com.facebook.buck.core.exceptions.BuckUncheckedExecutionException: When creating rule //BuckDemo:BuckDemo#dwarf-and-dsym,no-include-frameworks.: com.facebook.buck.core.exceptions.HumanReadableException: //BuckDemo:BuckDemo#dwarf-and-dsym,no-include-frameworks: Apple bundle requires an Apple platform, found 'default'

A common cause of this error is that the required SDK is missing.
Please check whether it's installed and retry.
Original exception: "Apple C++ Platform" has no flavor "default"; available ones: 
	at com.facebook.buck.util.concurrent.MoreFutures.getUncheckedInterruptibly(MoreFutures.java:192)
	at com.facebook.buck.core.rules.resolver.impl.MultiThreadedActionGraphBuilder$Task.get(MultiThreadedActionGraphBuilder.java:317)
	at com.facebook.buck.core.rules.resolver.impl.MultiThreadedActionGraphBuilder$Task.access$2(MultiThreadedActionGraphBuilder.java:315)
	at com.facebook.buck.core.rules.resolver.impl.MultiThreadedActionGraphBuilder.requireRule(MultiThreadedActionGraphBuilder.java:220)
	at com.facebook.buck.apple.AppleBundleDescription.createBuildRule(AppleBundleDescription.java:169)
	at com.facebook.buck.apple.AppleBundleDescription.createBuildRule(AppleBundleDescription.java:1)
	at com.facebook.buck.core.rules.transformer.impl.DefaultTargetNodeToBuildRuleTransformer.transform(DefaultTargetNodeToBuildRuleTransformer.java:112)
	... 21 more
Caused by: java.util.concurrent.ExecutionException: com.facebook.buck.core.exceptions.BuckUncheckedExecutionException: When creating rule //BuckDemo:BuckDemo#dwarf-and-dsym,no-include-frameworks.: com.facebook.buck.core.exceptions.HumanReadableException: //BuckDemo:BuckDemo#dwarf-and-dsym,no-include-frameworks: Apple bundle requires an Apple platform, found 'default'

A common cause of this error is that the required SDK is missing.
Please check whether it's installed and retry.
Original exception: "Apple C++ Platform" has no flavor "default"; available ones: 
	at com.google.common.util.concurrent.AbstractFuture.getDoneValue(AbstractFuture.java:528)
	at com.google.common.util.concurrent.AbstractFuture.get(AbstractFuture.java:487)
	at com.google.common.util.concurrent.AbstractFuture$TrustedFuture.get(AbstractFuture.java:85)
	at com.facebook.buck.util.concurrent.MoreFutures.getUncheckedInterruptibly(MoreFutures.java:187)
	... 27 more
Caused by: com.facebook.buck.core.exceptions.BuckUncheckedExecutionException: When creating rule //BuckDemo:BuckDemo#dwarf-and-dsym,no-include-frameworks.: com.facebook.buck.core.exceptions.HumanReadableException: //BuckDemo:BuckDemo#dwarf-and-dsym,no-include-frameworks: Apple bundle requires an Apple platform, found 'default'

A common cause of this error is that the required SDK is missing.
Please check whether it's installed and retry.
Original exception: "Apple C++ Platform" has no flavor "default"; available ones: 
	at com.facebook.buck.core.rules.transformer.impl.DefaultTargetNodeToBuildRuleTransformer.transform(DefaultTargetNodeToBuildRuleTransformer.java:114)
	at com.facebook.buck.core.rules.transformer.TargetNodeToBuildRuleTransformer.transform(TargetNodeToBuildRuleTransformer.java:40)
	at com.facebook.buck.core.rules.resolver.impl.MultiThreadedActionGraphBuilder.lambda$17(MultiThreadedActionGraphBuilder.java:241)
	at com.facebook.buck.core.rules.resolver.impl.MultiThreadedActionGraphBuilder.lambda$19(MultiThreadedActionGraphBuilder.java:283)
	at com.facebook.buck.core.rules.resolver.impl.MultiThreadedActionGraphBuilder.lambda$16(MultiThreadedActionGraphBuilder.java:247)
	at com.facebook.buck.core.rules.resolver.impl.MultiThreadedActionGraphBuilder$Task.tryComplete(MultiThreadedActionGraphBuilder.java:344)
	at com.facebook.buck.core.rules.resolver.impl.MultiThreadedActionGraphBuilder$Task.tryComplete(MultiThreadedActionGraphBuilder.java:333)
	at com.facebook.buck.core.rules.resolver.impl.MultiThreadedActionGraphBuilder$Task.get(MultiThreadedActionGraphBuilder.java:316)
	... 26 more
Caused by: com.facebook.buck.core.exceptions.HumanReadableException: //BuckDemo:BuckDemo#dwarf-and-dsym,no-include-frameworks: Apple bundle requires an Apple platform, found 'default'

A common cause of this error is that the required SDK is missing.
Please check whether it's installed and retry.
Original exception: "Apple C++ Platform" has no flavor "default"; available ones: 
	at com.facebook.buck.apple.ApplePlatforms.getAppleCxxPlatformForBuildTarget(ApplePlatforms.java:74)
	at com.facebook.buck.apple.AppleDescriptions.createAppleBundle(AppleDescriptions.java:675)
	at com.facebook.buck.apple.AppleBundleDescription.createBuildRule(AppleBundleDescription.java:182)
	at com.facebook.buck.apple.AppleBundleDescription.createBuildRule(AppleBundleDescription.java:1)
	at com.facebook.buck.core.rules.transformer.impl.DefaultTargetNodeToBuildRuleTransformer.transform(DefaultTargetNodeToBuildRuleTransformer.java:112)
	... 33 more
Caused by: com.facebook.buck.core.model.FlavorDomainException: "Apple C++ Platform" has no flavor "default"; available ones: 
	at com.facebook.buck.core.model.FlavorDomain.getValue(FlavorDomain.java:182)
	at com.facebook.buck.apple.ApplePlatforms.getAppleCxxPlatformForBuildTarget(ApplePlatforms.java:72)
	... 37 more

[2020-01-17 19:30:00.887][warn ][command:null][tid:01][com.facebook.buck.util.Console] Command failure: //BuckDemo:BuckDemo#dwarf-and-dsym,no-include-frameworks: Apple bundle requires an Apple platform, found 'default'

A common cause of this error is that the required SDK is missing.
Please check whether it's installed and retry.
Original exception: "Apple C++ Platform" has no flavor "default"; available ones: 
    When creating rule //BuckDemo:BuckDemo#dwarf-and-dsym,no-include-frameworks.
    When creating rule //BuckDemo:BuckDemo#dwarf-and-dsym.
    When creating rule //BuckDemo:BuckDemo.
[2020-01-17 19:30:00.888][warn ][command:null][tid:01][com.facebook.buck.util.Console] Command failure: //BuckDemo:BuckDemo#dwarf-and-dsym,no-include-frameworks: Apple bundle requires an Apple platform, found 'default'

A common cause of this error is that the required SDK is missing.
Please check whether it's installed and retry.
Original exception: "Apple C++ Platform" has no flavor "default"; available ones: 
    When creating rule //BuckDemo:BuckDemo#dwarf-and-dsym,no-include-frameworks.
    When creating rule //BuckDemo:BuckDemo#dwarf-and-dsym.
    When creating rule //BuckDemo:BuckDemo.
[2020-01-17 19:30:00.894][debug][command:null][tid:01][com.facebook.buck.cli.MainRunner] Done.
