[2020-01-17 19:19:34.920][debug][command:32c65b37-2b44-4dd9-8340-91c446f05efe][tid:01][com.facebook.buck.event.listener.RenderingConsole] Starting render scheduler (interval 100 ms)
[2020-01-17 19:19:34.935][debug][command:null][tid:19][com.facebook.buck.util.perf.ProcessTracker] startUp
[2020-01-17 19:19:34.935][debug][command:null][tid:19][com.facebook.buck.util.perf.ProcessTracker] startUp
[2020-01-17 19:19:34.963][debug][command:32c65b37-2b44-4dd9-8340-91c446f05efe][tid:01][com.facebook.buck.util.environment.MacWifiSsidFinder] Getting current SSID..
[2020-01-17 19:19:34.995][debug][command:32c65b37-2b44-4dd9-8340-91c446f05efe][tid:01][com.facebook.buck.util.environment.MacWifiSsidFinder] Getting SSID from Wi-Fi interface: <CWInterface: 0x7fe6f849f740> [interfaceName=en0]
[2020-01-17 19:19:34.996][debug][command:32c65b37-2b44-4dd9-8340-91c446f05efe][tid:01][com.facebook.buck.util.environment.MacWifiSsidFinder] Found SSID: WLANGSNET
[2020-01-17 19:19:35.117][debug][command:32c65b37-2b44-4dd9-8340-91c446f05efe][tid:01][com.facebook.buck.util.randomizedtrial.RandomizedTrial] Determined key: 't719628@mact719628/depsaware_executor/32c65b37-2b44-4dd9-8340-91c446f05efe'
[2020-01-17 19:19:35.137][debug][command:32c65b37-2b44-4dd9-8340-91c446f05efe][tid:01][com.facebook.buck.cli.MainRunner] InvocationInfo BuildId=[32c65b37-2b44-4dd9-8340-91c446f05efe] Args=[build, //BuckDemo:BuckDemo]
[2020-01-17 19:19:35.179][info ][command:32c65b37-2b44-4dd9-8340-91c446f05efe][tid:01][com.facebook.buck.support.build.report.BuildReportUtils] Build report is not enabled
[2020-01-17 19:19:35.252][warn ][command:null][tid:23][com.facebook.buck.event.listener.PublicAnnouncementManager] Failed to get public announcements. Reason: Failed to establish connection to server.
[2020-01-17 19:19:35.252][warn ][command:null][tid:23][com.facebook.buck.event.listener.PublicAnnouncementManager] Failed to get public announcements. Reason: Failed to establish connection to server.
[2020-01-17 19:19:35.253][info ][command:32c65b37-2b44-4dd9-8340-91c446f05efe][tid:01][com.facebook.buck.support.build.report.BuildReportUtils] Build report is not enabled
[2020-01-17 19:19:35.260][debug][command:null][tid:24][com.facebook.buck.util.environment.MacNetworkConfiguration] Determine network service order and extract device names
[2020-01-17 19:19:35.260][debug][command:null][tid:24][com.facebook.buck.util.environment.MacNetworkConfiguration] Determine network service order and extract device names
[2020-01-17 19:19:35.264][debug][command:null][tid:24][com.facebook.buck.util.ListeningProcessExecutor] Launching process with params ProcessExecutorParams{command=[networksetup, -listnetworkserviceorder, ]}
[2020-01-17 19:19:35.264][debug][command:null][tid:24][com.facebook.buck.util.ListeningProcessExecutor] Launching process with params ProcessExecutorParams{command=[networksetup, -listnetworkserviceorder, ]}
[2020-01-17 19:19:35.316][debug][command:null][tid:24][com.facebook.buck.util.ListeningProcessExecutor] Successfully launched process com.zaxxer.nuprocess.osx.OsxProcess@6918cc93
[2020-01-17 19:19:35.316][debug][command:null][tid:24][com.facebook.buck.util.ListeningProcessExecutor] Successfully launched process com.zaxxer.nuprocess.osx.OsxProcess@6918cc93
[2020-01-17 19:19:35.320][debug][command:null][tid:24][com.facebook.buck.util.ListeningProcessExecutor] Waiting for process com.facebook.buck.util.ListeningProcessExecutor$LaunchedProcessImpl@39b7db35 timeout 1000 MILLISECONDS
[2020-01-17 19:19:35.320][debug][command:null][tid:24][com.facebook.buck.util.ListeningProcessExecutor] Waiting for process com.facebook.buck.util.ListeningProcessExecutor$LaunchedProcessImpl@39b7db35 timeout 1000 MILLISECONDS
[2020-01-17 19:19:35.321][info ][command:32c65b37-2b44-4dd9-8340-91c446f05efe][tid:20][com.facebook.buck.event.listener.LoggingBuildListener] Build started at 2020-01-17 19:19:35.321
[2020-01-17 19:19:35.353][debug][command:null][tid:24][com.facebook.buck.util.ListeningProcessExecutor] Wait for process returned 0
[2020-01-17 19:19:35.353][debug][command:null][tid:24][com.facebook.buck.util.ListeningProcessExecutor] Wait for process returned 0
[2020-01-17 19:19:35.354][debug][command:null][tid:24][com.facebook.buck.util.ListeningProcessExecutor] Destroying process com.facebook.buck.util.ListeningProcessExecutor$LaunchedProcessImpl@39b7db35 (force true)
[2020-01-17 19:19:35.354][debug][command:null][tid:24][com.facebook.buck.util.ListeningProcessExecutor] Destroying process com.facebook.buck.util.ListeningProcessExecutor$LaunchedProcessImpl@39b7db35 (force true)
[2020-01-17 19:19:35.354][debug][command:null][tid:24][com.facebook.buck.util.environment.MacNetworkConfiguration] Determine active state of media for device
[2020-01-17 19:19:35.354][debug][command:null][tid:24][com.facebook.buck.util.environment.MacNetworkConfiguration] Determine active state of media for device
[2020-01-17 19:19:35.354][debug][command:null][tid:24][com.facebook.buck.util.ListeningProcessExecutor] Launching process with params ProcessExecutorParams{command=[networksetup, -getMedia, en5]}
[2020-01-17 19:19:35.354][debug][command:null][tid:24][com.facebook.buck.util.ListeningProcessExecutor] Launching process with params ProcessExecutorParams{command=[networksetup, -getMedia, en5]}
[2020-01-17 19:19:35.356][debug][command:null][tid:24][com.facebook.buck.util.ListeningProcessExecutor] Successfully launched process com.zaxxer.nuprocess.osx.OsxProcess@41437381
[2020-01-17 19:19:35.356][debug][command:null][tid:24][com.facebook.buck.util.ListeningProcessExecutor] Successfully launched process com.zaxxer.nuprocess.osx.OsxProcess@41437381
[2020-01-17 19:19:35.360][debug][command:null][tid:24][com.facebook.buck.util.ListeningProcessExecutor] Waiting for process com.facebook.buck.util.ListeningProcessExecutor$LaunchedProcessImpl@7d87d90e timeout 1000 MILLISECONDS
[2020-01-17 19:19:35.360][debug][command:null][tid:24][com.facebook.buck.util.ListeningProcessExecutor] Waiting for process com.facebook.buck.util.ListeningProcessExecutor$LaunchedProcessImpl@7d87d90e timeout 1000 MILLISECONDS
[2020-01-17 19:19:35.387][debug][command:32c65b37-2b44-4dd9-8340-91c446f05efe][tid:01][com.facebook.buck.parser.DaemonicParserState] Starting to invalidate caches for /Users/t719628/Documents/Douglas/Github/BuckDemo..
[2020-01-17 19:19:35.388][debug][command:32c65b37-2b44-4dd9-8340-91c446f05efe][tid:01][com.facebook.buck.parser.DaemonicParserState] Cell caches were empty, no data invalidated.
[2020-01-17 19:19:35.390][debug][command:null][tid:24][com.facebook.buck.util.ListeningProcessExecutor] Wait for process returned 4
[2020-01-17 19:19:35.390][debug][command:null][tid:24][com.facebook.buck.util.ListeningProcessExecutor] Wait for process returned 4
[2020-01-17 19:19:35.391][debug][command:null][tid:24][com.facebook.buck.util.ListeningProcessExecutor] Destroying process com.facebook.buck.util.ListeningProcessExecutor$LaunchedProcessImpl@7d87d90e (force true)
[2020-01-17 19:19:35.391][debug][command:null][tid:24][com.facebook.buck.util.ListeningProcessExecutor] Destroying process com.facebook.buck.util.ListeningProcessExecutor$LaunchedProcessImpl@7d87d90e (force true)
[2020-01-17 19:19:35.391][debug][command:null][tid:24][com.facebook.buck.util.environment.MacNetworkConfiguration] Determine active state of media for device
[2020-01-17 19:19:35.391][debug][command:null][tid:24][com.facebook.buck.util.environment.MacNetworkConfiguration] Determine active state of media for device
[2020-01-17 19:19:35.391][debug][command:null][tid:24][com.facebook.buck.util.ListeningProcessExecutor] Launching process with params ProcessExecutorParams{command=[networksetup, -getMedia, en4]}
[2020-01-17 19:19:35.391][debug][command:null][tid:24][com.facebook.buck.util.ListeningProcessExecutor] Launching process with params ProcessExecutorParams{command=[networksetup, -getMedia, en4]}
[2020-01-17 19:19:35.394][debug][command:null][tid:24][com.facebook.buck.util.ListeningProcessExecutor] Successfully launched process com.zaxxer.nuprocess.osx.OsxProcess@52c41d66
[2020-01-17 19:19:35.394][debug][command:null][tid:24][com.facebook.buck.util.ListeningProcessExecutor] Successfully launched process com.zaxxer.nuprocess.osx.OsxProcess@52c41d66
[2020-01-17 19:19:35.396][debug][command:null][tid:24][com.facebook.buck.util.ListeningProcessExecutor] Waiting for process com.facebook.buck.util.ListeningProcessExecutor$LaunchedProcessImpl@1dd7d0e2 timeout 1000 MILLISECONDS
[2020-01-17 19:19:35.396][debug][command:null][tid:24][com.facebook.buck.util.ListeningProcessExecutor] Waiting for process com.facebook.buck.util.ListeningProcessExecutor$LaunchedProcessImpl@1dd7d0e2 timeout 1000 MILLISECONDS
[2020-01-17 19:19:35.412][debug][command:32c65b37-2b44-4dd9-8340-91c446f05efe][tid:39][com.facebook.buck.io.ExecutableFinder] Executable 'python2' mapped to 'Optional[/usr/bin/python2]'
[2020-01-17 19:19:35.433][debug][command:null][tid:24][com.facebook.buck.util.ListeningProcessExecutor] Wait for process returned 4
[2020-01-17 19:19:35.433][debug][command:null][tid:24][com.facebook.buck.util.ListeningProcessExecutor] Wait for process returned 4
[2020-01-17 19:19:35.433][debug][command:null][tid:24][com.facebook.buck.util.ListeningProcessExecutor] Destroying process com.facebook.buck.util.ListeningProcessExecutor$LaunchedProcessImpl@1dd7d0e2 (force true)
[2020-01-17 19:19:35.433][debug][command:null][tid:24][com.facebook.buck.util.ListeningProcessExecutor] Destroying process com.facebook.buck.util.ListeningProcessExecutor$LaunchedProcessImpl@1dd7d0e2 (force true)
[2020-01-17 19:19:35.433][debug][command:null][tid:24][com.facebook.buck.util.environment.MacNetworkConfiguration] Determine active state of media for device
[2020-01-17 19:19:35.433][debug][command:null][tid:24][com.facebook.buck.util.environment.MacNetworkConfiguration] Determine active state of media for device
[2020-01-17 19:19:35.433][debug][command:null][tid:24][com.facebook.buck.util.ListeningProcessExecutor] Launching process with params ProcessExecutorParams{command=[networksetup, -getMedia, en0]}
[2020-01-17 19:19:35.433][debug][command:null][tid:24][com.facebook.buck.util.ListeningProcessExecutor] Launching process with params ProcessExecutorParams{command=[networksetup, -getMedia, en0]}
[2020-01-17 19:19:35.437][debug][command:null][tid:24][com.facebook.buck.util.ListeningProcessExecutor] Successfully launched process com.zaxxer.nuprocess.osx.OsxProcess@3be794df
[2020-01-17 19:19:35.437][debug][command:null][tid:24][com.facebook.buck.util.ListeningProcessExecutor] Successfully launched process com.zaxxer.nuprocess.osx.OsxProcess@3be794df
[2020-01-17 19:19:35.439][debug][command:null][tid:24][com.facebook.buck.util.ListeningProcessExecutor] Waiting for process com.facebook.buck.util.ListeningProcessExecutor$LaunchedProcessImpl@420fcbc5 timeout 1000 MILLISECONDS
[2020-01-17 19:19:35.439][debug][command:null][tid:24][com.facebook.buck.util.ListeningProcessExecutor] Waiting for process com.facebook.buck.util.ListeningProcessExecutor$LaunchedProcessImpl@420fcbc5 timeout 1000 MILLISECONDS
[2020-01-17 19:19:35.459][info ][command:32c65b37-2b44-4dd9-8340-91c446f05efe][tid:39][com.facebook.buck.core.plugin.impl.DefaultBuckPluginManager] Time to load instances of interface com.facebook.buck.core.model.targetgraph.DescriptionProvider: 41
[2020-01-17 19:19:35.476][debug][command:null][tid:24][com.facebook.buck.util.ListeningProcessExecutor] Wait for process returned 0
[2020-01-17 19:19:35.476][debug][command:null][tid:24][com.facebook.buck.util.ListeningProcessExecutor] Wait for process returned 0
[2020-01-17 19:19:35.476][debug][command:null][tid:24][com.facebook.buck.util.ListeningProcessExecutor] Destroying process com.facebook.buck.util.ListeningProcessExecutor$LaunchedProcessImpl@420fcbc5 (force true)
[2020-01-17 19:19:35.476][debug][command:null][tid:24][com.facebook.buck.util.ListeningProcessExecutor] Destroying process com.facebook.buck.util.ListeningProcessExecutor$LaunchedProcessImpl@420fcbc5 (force true)
[2020-01-17 19:19:35.476][debug][command:null][tid:24][com.facebook.buck.util.environment.MacNetworkConfiguration] Determine WiFi SSID of device
[2020-01-17 19:19:35.476][debug][command:null][tid:24][com.facebook.buck.util.environment.MacNetworkConfiguration] Determine WiFi SSID of device
[2020-01-17 19:19:35.476][debug][command:null][tid:24][com.facebook.buck.util.ListeningProcessExecutor] Launching process with params ProcessExecutorParams{command=[networksetup, -getairportnetwork, en0]}
[2020-01-17 19:19:35.476][debug][command:null][tid:24][com.facebook.buck.util.ListeningProcessExecutor] Launching process with params ProcessExecutorParams{command=[networksetup, -getairportnetwork, en0]}
[2020-01-17 19:19:35.478][debug][command:null][tid:24][com.facebook.buck.util.ListeningProcessExecutor] Successfully launched process com.zaxxer.nuprocess.osx.OsxProcess@639b7a70
[2020-01-17 19:19:35.478][debug][command:null][tid:24][com.facebook.buck.util.ListeningProcessExecutor] Successfully launched process com.zaxxer.nuprocess.osx.OsxProcess@639b7a70
[2020-01-17 19:19:35.480][debug][command:null][tid:24][com.facebook.buck.util.ListeningProcessExecutor] Waiting for process com.facebook.buck.util.ListeningProcessExecutor$LaunchedProcessImpl@1e295cff timeout 1000 MILLISECONDS
[2020-01-17 19:19:35.480][debug][command:null][tid:24][com.facebook.buck.util.ListeningProcessExecutor] Waiting for process com.facebook.buck.util.ListeningProcessExecutor$LaunchedProcessImpl@1e295cff timeout 1000 MILLISECONDS
[2020-01-17 19:19:35.505][info ][command:32c65b37-2b44-4dd9-8340-91c446f05efe][tid:39][com.facebook.buck.core.plugin.impl.DefaultBuckPluginManager] Time to load instances of interface com.facebook.buck.apple.XCodeDescriptionClassSupplier: 12
[2020-01-17 19:19:35.517][debug][command:null][tid:24][com.facebook.buck.util.ListeningProcessExecutor] Wait for process returned 0
[2020-01-17 19:19:35.517][debug][command:null][tid:24][com.facebook.buck.util.ListeningProcessExecutor] Wait for process returned 0
[2020-01-17 19:19:35.517][debug][command:null][tid:24][com.facebook.buck.util.ListeningProcessExecutor] Destroying process com.facebook.buck.util.ListeningProcessExecutor$LaunchedProcessImpl@1e295cff (force true)
[2020-01-17 19:19:35.517][debug][command:null][tid:24][com.facebook.buck.util.ListeningProcessExecutor] Destroying process com.facebook.buck.util.ListeningProcessExecutor$LaunchedProcessImpl@1e295cff (force true)
[2020-01-17 19:19:35.658][info ][command:32c65b37-2b44-4dd9-8340-91c446f05efe][tid:39][com.facebook.buck.core.plugin.impl.DefaultBuckPluginManager] Time to load instances of interface com.facebook.buck.core.model.targetgraph.BuiltInProviderProvider: 5
[2020-01-17 19:19:36.132][debug][command:32c65b37-2b44-4dd9-8340-91c446f05efe][tid:46][com.facebook.buck.apple.toolchain.impl.AppleToolchainDiscovery] Searching for Xcode toolchains under /Library/Developer/CommandLineTools/Toolchains
[2020-01-17 19:19:36.133][debug][command:32c65b37-2b44-4dd9-8340-91c446f05efe][tid:46][com.facebook.buck.apple.toolchain.impl.AppleToolchainDiscovery] Skipping toolchain search path /Library/Developer/CommandLineTools/Toolchains that does not exist
[2020-01-17 19:19:36.136][debug][command:32c65b37-2b44-4dd9-8340-91c446f05efe][tid:46][com.facebook.buck.apple.toolchain.impl.AppleSdkDiscovery] Searching for Xcode platforms under /Library/Developer/CommandLineTools/Platforms
[2020-01-17 19:19:36.138][debug][command:32c65b37-2b44-4dd9-8340-91c446f05efe][tid:46][com.facebook.buck.apple.toolchain.impl.AppleSdkDiscovery] Skipping platform search path /Library/Developer/CommandLineTools/Platforms that does not exist
[2020-01-17 19:19:36.151][info ][command:32c65b37-2b44-4dd9-8340-91c446f05efe][tid:46][com.facebook.buck.core.toolchain.impl.DefaultToolchainProvider] Cannot create a toolchain: android-ndk-location (UnconfiguredTargetConfiguration). Cause: Android NDK could not be found. Make sure to set one of these  environment variables: ANDROID_NDK_REPOSITORY, ANDROID_NDK, or NDK_HOME or ndk.ndk_path or ndk.ndk_repository_path in your .buckconfig
[2020-01-17 19:19:36.152][info ][command:32c65b37-2b44-4dd9-8340-91c446f05efe][tid:46][com.facebook.buck.core.toolchain.impl.DefaultToolchainProvider] Cannot create a toolchain: ndk-cxx-platforms (UnconfiguredTargetConfiguration). Cause: Android NDK could not be found. Make sure to set one of these  environment variables: ANDROID_NDK_REPOSITORY, ANDROID_NDK, or NDK_HOME or ndk.ndk_path or ndk.ndk_repository_path in your .buckconfig
[2020-01-17 19:19:36.154][debug][command:32c65b37-2b44-4dd9-8340-91c446f05efe][tid:46][com.facebook.buck.io.ExecutableFinder] Executable 'clang' mapped to 'Optional[/usr/bin/clang]'
[2020-01-17 19:19:36.154][debug][command:32c65b37-2b44-4dd9-8340-91c446f05efe][tid:46][com.facebook.buck.io.ExecutableFinder] Executable 'clang++' mapped to 'Optional[/usr/bin/clang++]'
[2020-01-17 19:19:36.182][info ][command:32c65b37-2b44-4dd9-8340-91c446f05efe][tid:46][com.facebook.buck.cxx.toolchain.impl.CxxPlatforms] Couldn't find default platform iphonesimulator-x86_64, falling back to system default
[2020-01-17 19:19:36.219][debug][command:32c65b37-2b44-4dd9-8340-91c446f05efe][tid:01][com.facebook.buck.core.model.actiongraph.computation.ActionGraphProvider] Computing TargetGraph HashCode...
[2020-01-17 19:19:36.219][info ][command:32c65b37-2b44-4dd9-8340-91c446f05efe][tid:01][com.facebook.buck.core.model.actiongraph.computation.ActionGraphProvider] ActionGraph cache miss. Cache was empty.
[2020-01-17 19:19:36.226][debug][command:32c65b37-2b44-4dd9-8340-91c446f05efe][tid:01][com.facebook.buck.core.model.actiongraph.computation.ParallelActionGraphFactory] start target graph walk
[2020-01-17 19:19:36.294][debug][command:null][tid:58][com.facebook.buck.cxx.toolchain.CxxToolProvider] Output of [/usr/bin/clang, --version]: [Apple clang version 11.0.0 (clang-1100.0.33.17), Target: x86_64-apple-darwin19.0.0, Thread model: posix, InstalledDir: /Library/Developer/CommandLineTools/usr/bin, ]
[2020-01-17 19:19:36.294][debug][command:null][tid:58][com.facebook.buck.cxx.toolchain.CxxToolProvider] Output of [/usr/bin/clang, --version]: [Apple clang version 11.0.0 (clang-1100.0.33.17), Target: x86_64-apple-darwin19.0.0, Thread model: posix, InstalledDir: /Library/Developer/CommandLineTools/usr/bin, ]
[2020-01-17 19:19:36.316][debug][command:null][tid:58][com.facebook.buck.cxx.toolchain.CxxToolProvider] Output of [/usr/bin/clang++, --version]: [Apple clang version 11.0.0 (clang-1100.0.33.17), Target: x86_64-apple-darwin19.0.0, Thread model: posix, InstalledDir: /Library/Developer/CommandLineTools/usr/bin, ]
[2020-01-17 19:19:36.316][debug][command:null][tid:58][com.facebook.buck.cxx.toolchain.CxxToolProvider] Output of [/usr/bin/clang++, --version]: [Apple clang version 11.0.0 (clang-1100.0.33.17), Target: x86_64-apple-darwin19.0.0, Thread model: posix, InstalledDir: /Library/Developer/CommandLineTools/usr/bin, ]
[2020-01-17 19:19:36.373][debug][command:null][tid:58][com.facebook.buck.core.rulekey.MissingExcludeReporter] Field com.facebook.buck.rules.args.ImmutableSourcePathArg.path should be annotated with @AddToRuleKey or @ExcludeFromRuleKey.
[2020-01-17 19:19:36.373][debug][command:null][tid:58][com.facebook.buck.core.rulekey.MissingExcludeReporter] Field com.facebook.buck.rules.args.ImmutableSourcePathArg.path should be annotated with @AddToRuleKey or @ExcludeFromRuleKey.
[2020-01-17 19:19:36.382][debug][command:null][tid:60][com.facebook.buck.apple.toolchain.impl.ProvisioningProfileStoreFactory] Provisioning profile search path: /Users/t719628/Library/MobileDevice/Provisioning Profiles
[2020-01-17 19:19:36.382][debug][command:null][tid:60][com.facebook.buck.apple.toolchain.impl.ProvisioningProfileStoreFactory] Provisioning profile search path: /Users/t719628/Library/MobileDevice/Provisioning Profiles
[2020-01-17 19:19:36.385][info ][command:32c65b37-2b44-4dd9-8340-91c446f05efe][tid:20][com.facebook.buck.event.listener.LoggingBuildListener] Build finished at 2020-01-17 19:19:36.384
[2020-01-17 19:19:36.396][info ][command:32c65b37-2b44-4dd9-8340-91c446f05efe][tid:20][com.facebook.buck.event.listener.AbstractConsoleEventBusListener] 
Top slow rules: Buck didn't spend time in rules.
[2020-01-17 19:19:36.397][info ][command:32c65b37-2b44-4dd9-8340-91c446f05efe][tid:20][com.facebook.buck.event.listener.CriticalPathEventListener] Received command finished event for command : build
[2020-01-17 19:19:36.398][info ][command:null][tid:28][com.facebook.buck.core.graph.transformation.executor.impl.AbstractDepsAwareExecutor] Worker was interrupted
[2020-01-17 19:19:36.397][info ][command:null][tid:29][com.facebook.buck.core.graph.transformation.executor.impl.AbstractDepsAwareExecutor] Worker was interrupted
[2020-01-17 19:19:36.398][info ][command:null][tid:28][com.facebook.buck.core.graph.transformation.executor.impl.AbstractDepsAwareExecutor] Worker was interrupted
[2020-01-17 19:19:36.397][info ][command:null][tid:29][com.facebook.buck.core.graph.transformation.executor.impl.AbstractDepsAwareExecutor] Worker was interrupted
[2020-01-17 19:19:36.398][info ][command:null][tid:27][com.facebook.buck.core.graph.transformation.executor.impl.AbstractDepsAwareExecutor] Worker was interrupted
[2020-01-17 19:19:36.398][info ][command:null][tid:27][com.facebook.buck.core.graph.transformation.executor.impl.AbstractDepsAwareExecutor] Worker was interrupted
[2020-01-17 19:19:36.398][info ][command:null][tid:33][com.facebook.buck.core.graph.transformation.executor.impl.AbstractDepsAwareExecutor] Worker was interrupted
[2020-01-17 19:19:36.398][info ][command:null][tid:33][com.facebook.buck.core.graph.transformation.executor.impl.AbstractDepsAwareExecutor] Worker was interrupted
[2020-01-17 19:19:36.398][info ][command:null][tid:30][com.facebook.buck.core.graph.transformation.executor.impl.AbstractDepsAwareExecutor] Worker was interrupted
[2020-01-17 19:19:36.398][info ][command:null][tid:30][com.facebook.buck.core.graph.transformation.executor.impl.AbstractDepsAwareExecutor] Worker was interrupted
[2020-01-17 19:19:36.398][info ][command:null][tid:32][com.facebook.buck.core.graph.transformation.executor.impl.AbstractDepsAwareExecutor] Worker was interrupted
[2020-01-17 19:19:36.398][info ][command:null][tid:31][com.facebook.buck.core.graph.transformation.executor.impl.AbstractDepsAwareExecutor] Worker was interrupted
[2020-01-17 19:19:36.398][info ][command:null][tid:32][com.facebook.buck.core.graph.transformation.executor.impl.AbstractDepsAwareExecutor] Worker was interrupted
[2020-01-17 19:19:36.398][info ][command:null][tid:34][com.facebook.buck.core.graph.transformation.executor.impl.AbstractDepsAwareExecutor] Worker was interrupted
[2020-01-17 19:19:36.398][info ][command:null][tid:31][com.facebook.buck.core.graph.transformation.executor.impl.AbstractDepsAwareExecutor] Worker was interrupted
[2020-01-17 19:19:36.398][info ][command:null][tid:34][com.facebook.buck.core.graph.transformation.executor.impl.AbstractDepsAwareExecutor] Worker was interrupted
[2020-01-17 19:19:36.403][debug][command:32c65b37-2b44-4dd9-8340-91c446f05efe][tid:19][com.facebook.buck.util.perf.ProcessTracker] shutDown
[2020-01-17 19:19:36.404][debug][command:32c65b37-2b44-4dd9-8340-91c446f05efe][tid:01][com.facebook.buck.event.listener.RenderingConsole] Stopping render scheduler
[2020-01-17 19:19:36.405][info ][command:32c65b37-2b44-4dd9-8340-91c446f05efe][tid:01][com.facebook.buck.event.listener.AbstractConsoleEventBusListener] 
Top slow rules: Buck didn't spend time in rules.
[2020-01-17 19:19:36.410][info ][command:32c65b37-2b44-4dd9-8340-91c446f05efe][tid:01][com.facebook.buck.cli.MainRunner] Awaiting termination of PROJECT executor service. Waiting for all jobs to complete, or up to maximum of 60 seconds...
[2020-01-17 19:19:36.410][info ][command:32c65b37-2b44-4dd9-8340-91c446f05efe][tid:01][com.facebook.buck.cli.MainRunner] Successfully terminated PROJECT executor service.
[2020-01-17 19:19:36.410][info ][command:32c65b37-2b44-4dd9-8340-91c446f05efe][tid:01][com.facebook.buck.cli.MainRunner] Awaiting termination of NETWORK executor service. Waiting for all jobs to complete, or up to maximum of 60 seconds...
[2020-01-17 19:19:36.411][info ][command:32c65b37-2b44-4dd9-8340-91c446f05efe][tid:01][com.facebook.buck.cli.MainRunner] Successfully terminated NETWORK executor service.
[2020-01-17 19:19:36.411][info ][command:32c65b37-2b44-4dd9-8340-91c446f05efe][tid:01][com.facebook.buck.cli.MainRunner] Awaiting termination of GRAPH_CPU executor service. Waiting for all jobs to complete, or up to maximum of 60 seconds...
[2020-01-17 19:19:36.412][info ][command:32c65b37-2b44-4dd9-8340-91c446f05efe][tid:01][com.facebook.buck.cli.MainRunner] Successfully terminated GRAPH_CPU executor service.
[2020-01-17 19:19:36.412][info ][command:32c65b37-2b44-4dd9-8340-91c446f05efe][tid:01][com.facebook.buck.cli.MainRunner] Awaiting termination of CPU executor service. Waiting for all jobs to complete, or up to maximum of 60 seconds...
[2020-01-17 19:19:36.412][info ][command:32c65b37-2b44-4dd9-8340-91c446f05efe][tid:01][com.facebook.buck.cli.MainRunner] Successfully terminated CPU executor service.
[2020-01-17 19:19:36.412][info ][command:32c65b37-2b44-4dd9-8340-91c446f05efe][tid:01][com.facebook.buck.cli.MainRunner] Awaiting termination of ScheduledExecutorService executor service. Waiting for all jobs to complete, or up to maximum of 60 seconds...
[2020-01-17 19:19:36.412][info ][command:32c65b37-2b44-4dd9-8340-91c446f05efe][tid:01][com.facebook.buck.cli.MainRunner] Successfully terminated ScheduledExecutorService executor service.
[2020-01-17 19:19:36.413][info ][command:32c65b37-2b44-4dd9-8340-91c446f05efe][tid:01][com.facebook.buck.cli.MainRunner] Awaiting termination of CounterAggregatorExecutor executor service. Waiting for all jobs to complete, or up to maximum of 20 seconds...
[2020-01-17 19:19:36.413][info ][command:32c65b37-2b44-4dd9-8340-91c446f05efe][tid:01][com.facebook.buck.cli.MainRunner] Successfully terminated CounterAggregatorExecutor executor service.
[2020-01-17 19:19:36.413][info ][command:32c65b37-2b44-4dd9-8340-91c446f05efe][tid:01][com.facebook.buck.cli.MainRunner] Awaiting termination of HTTP Read executor service. Waiting for all jobs to complete, or up to maximum of 1800 seconds...
[2020-01-17 19:19:36.413][info ][command:32c65b37-2b44-4dd9-8340-91c446f05efe][tid:01][com.facebook.buck.cli.MainRunner] Successfully terminated HTTP Read executor service.
[2020-01-17 19:19:36.413][info ][command:32c65b37-2b44-4dd9-8340-91c446f05efe][tid:01][com.facebook.buck.cli.MainRunner] Awaiting termination of HTTP Write executor service. Waiting for all jobs to complete, or up to maximum of 1800 seconds...
[2020-01-17 19:19:36.413][info ][command:32c65b37-2b44-4dd9-8340-91c446f05efe][tid:01][com.facebook.buck.cli.MainRunner] Successfully terminated HTTP Write executor service.
[2020-01-17 19:19:36.414][info ][command:32c65b37-2b44-4dd9-8340-91c446f05efe][tid:01][com.facebook.buck.cli.MainRunner] Awaiting termination of Disk IO executor service. Waiting for all jobs to complete, or up to maximum of 10 seconds...
[2020-01-17 19:19:36.414][info ][command:32c65b37-2b44-4dd9-8340-91c446f05efe][tid:01][com.facebook.buck.cli.MainRunner] Successfully terminated Disk IO executor service.
[2020-01-17 19:19:36.418][info ][command:32c65b37-2b44-4dd9-8340-91c446f05efe][tid:01][com.facebook.buck.cli.MainRunner] Auto fixing is not enabled for command build
[2020-01-17 19:19:36.451][debug][command:null][tid:63][com.facebook.buck.event.listener.ChromeTraceBuildListener] Writing Chrome trace to buck-out/log/2020-01-17_21h19m34s_buildcommand_32c65b37-2b44-4dd9-8340-91c446f05efe/build.2020-01-17.19-19-35.32c65b37-2b44-4dd9-8340-91c446f05efe.trace
[2020-01-17 19:19:36.458][warn ][command:null][tid:01][com.facebook.buck.cli.MainRunner] Command failed:
com.facebook.buck.core.exceptions.BuckUncheckedExecutionException: null: java.util.concurrent.ExecutionException: com.facebook.buck.core.exceptions.BuckUncheckedExecutionException: When creating rule //BuckDemo:BuckDemo.: com.facebook.buck.core.exceptions.BuckUncheckedExecutionException: null: java.util.concurrent.ExecutionException: com.facebook.buck.core.exceptions.BuckUncheckedExecutionException: When creating rule //BuckDemo:BuckDemo#dwarf-and-dsym.: com.facebook.buck.core.exceptions.BuckUncheckedExecutionException: null: java.util.concurrent.ExecutionException: com.facebook.buck.core.exceptions.BuckUncheckedExecutionException: When creating rule //BuckDemo:BuckDemo#dwarf-and-dsym,no-include-frameworks.: com.facebook.buck.core.exceptions.HumanReadableException: //BuckDemo:BuckDemo#dwarf-and-dsym,no-include-frameworks: Apple bundle requires an Apple platform, found 'default'

A common cause of this error is that the required SDK is missing.
Please check whether it's installed and retry.
Original exception: "Apple C++ Platform" has no flavor "default"; available ones: 
	at com.facebook.buck.util.concurrent.MoreFutures.getUncheckedInterruptibly(MoreFutures.java:192)
	at com.facebook.buck.core.model.actiongraph.computation.ParallelActionGraphFactory.create(ParallelActionGraphFactory.java:105)
	at com.facebook.buck.core.model.actiongraph.computation.ActionGraphFactory.createActionGraph(ActionGraphFactory.java:149)
	at com.facebook.buck.core.model.actiongraph.computation.ActionGraphProvider.createActionGraph(ActionGraphProvider.java:209)
	at com.facebook.buck.core.model.actiongraph.computation.ActionGraphProvider.getActionGraph(ActionGraphProvider.java:152)
	at com.facebook.buck.cli.BuildCommand.createActionGraphAndResolver(BuildCommand.java:832)
	at com.facebook.buck.cli.BuildCommand.createGraphsAndTargets(BuildCommand.java:412)
	at com.facebook.buck.cli.BuildCommand.executeBuildAndProcessResult(BuildCommand.java:476)
	at com.facebook.buck.cli.BuildCommand.run(BuildCommand.java:361)
	at com.facebook.buck.cli.BuildCommand.runWithoutHelpInternal(BuildCommand.java:303)
	at com.facebook.buck.cli.BuildCommand.runWithoutHelp(BuildCommand.java:285)
	at com.facebook.buck.cli.AbstractCommand.run(AbstractCommand.java:277)
	at com.facebook.buck.cli.AbstractContainerCommand.run(AbstractContainerCommand.java:90)
	at com.facebook.buck.cli.MainRunner.runMainWithExitCode(MainRunner.java:1443)
	at com.facebook.buck.cli.MainRunner.runMainThenExit(MainRunner.java:478)
	at com.facebook.buck.cli.MainWithoutNailgun.main(MainWithoutNailgun.java:57)
	at sun.reflect.NativeMethodAccessorImpl.invoke0(Native Method)
	at sun.reflect.NativeMethodAccessorImpl.invoke(NativeMethodAccessorImpl.java:62)
	at sun.reflect.DelegatingMethodAccessorImpl.invoke(DelegatingMethodAccessorImpl.java:43)
	at java.lang.reflect.Method.invoke(Method.java:498)
	at com.facebook.buck.cli.bootstrapper.ClassLoaderBootstrapper.main(ClassLoaderBootstrapper.java:55)
Caused by: java.util.concurrent.ExecutionException: com.facebook.buck.core.exceptions.BuckUncheckedExecutionException: When creating rule //BuckDemo:BuckDemo.: com.facebook.buck.core.exceptions.BuckUncheckedExecutionException: null: java.util.concurrent.ExecutionException: com.facebook.buck.core.exceptions.BuckUncheckedExecutionException: When creating rule //BuckDemo:BuckDemo#dwarf-and-dsym.: com.facebook.buck.core.exceptions.BuckUncheckedExecutionException: null: java.util.concurrent.ExecutionException: com.facebook.buck.core.exceptions.BuckUncheckedExecutionException: When creating rule //BuckDemo:BuckDemo#dwarf-and-dsym,no-include-frameworks.: com.facebook.buck.core.exceptions.HumanReadableException: //BuckDemo:BuckDemo#dwarf-and-dsym,no-include-frameworks: Apple bundle requires an Apple platform, found 'default'

A common cause of this error is that the required SDK is missing.
Please check whether it's installed and retry.
Original exception: "Apple C++ Platform" has no flavor "default"; available ones: 
	at com.google.common.util.concurrent.AbstractFuture.getDoneValue(AbstractFuture.java:528)
	at com.google.common.util.concurrent.AbstractFuture.get(AbstractFuture.java:507)
	at com.google.common.util.concurrent.AbstractFuture$TrustedFuture.get(AbstractFuture.java:85)
	at com.facebook.buck.util.concurrent.MoreFutures.getUncheckedInterruptibly(MoreFutures.java:187)
	... 20 more
Caused by: com.facebook.buck.core.exceptions.BuckUncheckedExecutionException: When creating rule //BuckDemo:BuckDemo.: com.facebook.buck.core.exceptions.BuckUncheckedExecutionException: null: java.util.concurrent.ExecutionException: com.facebook.buck.core.exceptions.BuckUncheckedExecutionException: When creating rule //BuckDemo:BuckDemo#dwarf-and-dsym.: com.facebook.buck.core.exceptions.BuckUncheckedExecutionException: null: java.util.concurrent.ExecutionException: com.facebook.buck.core.exceptions.BuckUncheckedExecutionException: When creating rule //BuckDemo:BuckDemo#dwarf-and-dsym,no-include-frameworks.: com.facebook.buck.core.exceptions.HumanReadableException: //BuckDemo:BuckDemo#dwarf-and-dsym,no-include-frameworks: Apple bundle requires an Apple platform, found 'default'

A common cause of this error is that the required SDK is missing.
Please check whether it's installed and retry.
Original exception: "Apple C++ Platform" has no flavor "default"; available ones: 
	at com.facebook.buck.core.rules.transformer.impl.DefaultTargetNodeToBuildRuleTransformer.transform(DefaultTargetNodeToBuildRuleTransformer.java:114)
	at com.facebook.buck.core.rules.transformer.TargetNodeToBuildRuleTransformer.transform(TargetNodeToBuildRuleTransformer.java:40)
	at com.facebook.buck.core.rules.resolver.impl.MultiThreadedActionGraphBuilder.lambda$17(MultiThreadedActionGraphBuilder.java:241)
	at com.facebook.buck.core.rules.resolver.impl.MultiThreadedActionGraphBuilder.lambda$19(MultiThreadedActionGraphBuilder.java:283)
	at com.facebook.buck.core.rules.resolver.impl.MultiThreadedActionGraphBuilder.lambda$16(MultiThreadedActionGraphBuilder.java:247)
	at com.facebook.buck.core.rules.resolver.impl.MultiThreadedActionGraphBuilder$Task.tryComplete(MultiThreadedActionGraphBuilder.java:344)
	at com.facebook.buck.core.rules.resolver.impl.MultiThreadedActionGraphBuilder$Task.tryComplete(MultiThreadedActionGraphBuilder.java:333)
	at java.util.concurrent.ThreadPoolExecutor.runWorker(ThreadPoolExecutor.java:1149)
	at java.util.concurrent.ThreadPoolExecutor$Worker.run(ThreadPoolExecutor.java:624)
	at java.lang.Thread.run(Thread.java:748)
Caused by: com.facebook.buck.core.exceptions.BuckUncheckedExecutionException: null: java.util.concurrent.ExecutionException: com.facebook.buck.core.exceptions.BuckUncheckedExecutionException: When creating rule //BuckDemo:BuckDemo#dwarf-and-dsym.: com.facebook.buck.core.exceptions.BuckUncheckedExecutionException: null: java.util.concurrent.ExecutionException: com.facebook.buck.core.exceptions.BuckUncheckedExecutionException: When creating rule //BuckDemo:BuckDemo#dwarf-and-dsym,no-include-frameworks.: com.facebook.buck.core.exceptions.HumanReadableException: //BuckDemo:BuckDemo#dwarf-and-dsym,no-include-frameworks: Apple bundle requires an Apple platform, found 'default'

A common cause of this error is that the required SDK is missing.
Please check whether it's installed and retry.
Original exception: "Apple C++ Platform" has no flavor "default"; available ones: 
	at com.facebook.buck.util.concurrent.MoreFutures.getUncheckedInterruptibly(MoreFutures.java:192)
	at com.facebook.buck.core.rules.resolver.impl.MultiThreadedActionGraphBuilder$Task.get(MultiThreadedActionGraphBuilder.java:317)
	at com.facebook.buck.core.rules.resolver.impl.MultiThreadedActionGraphBuilder$Task.access$2(MultiThreadedActionGraphBuilder.java:315)
	at com.facebook.buck.core.rules.resolver.impl.MultiThreadedActionGraphBuilder.requireRule(MultiThreadedActionGraphBuilder.java:220)
	at com.facebook.buck.apple.AppleBundleDescription.createBuildRule(AppleBundleDescription.java:164)
	at com.facebook.buck.apple.AppleBundleDescription.createBuildRule(AppleBundleDescription.java:1)
	at com.facebook.buck.core.rules.transformer.impl.DefaultTargetNodeToBuildRuleTransformer.transform(DefaultTargetNodeToBuildRuleTransformer.java:112)
	... 9 more
Caused by: java.util.concurrent.ExecutionException: com.facebook.buck.core.exceptions.BuckUncheckedExecutionException: When creating rule //BuckDemo:BuckDemo#dwarf-and-dsym.: com.facebook.buck.core.exceptions.BuckUncheckedExecutionException: null: java.util.concurrent.ExecutionException: com.facebook.buck.core.exceptions.BuckUncheckedExecutionException: When creating rule //BuckDemo:BuckDemo#dwarf-and-dsym,no-include-frameworks.: com.facebook.buck.core.exceptions.HumanReadableException: //BuckDemo:BuckDemo#dwarf-and-dsym,no-include-frameworks: Apple bundle requires an Apple platform, found 'default'

A common cause of this error is that the required SDK is missing.
Please check whether it's installed and retry.
Original exception: "Apple C++ Platform" has no flavor "default"; available ones: 
	at com.google.common.util.concurrent.AbstractFuture.getDoneValue(AbstractFuture.java:528)
	at com.google.common.util.concurrent.AbstractFuture.get(AbstractFuture.java:487)
	at com.google.common.util.concurrent.AbstractFuture$TrustedFuture.get(AbstractFuture.java:85)
	at com.facebook.buck.util.concurrent.MoreFutures.getUncheckedInterruptibly(MoreFutures.java:187)
	... 15 more
Caused by: com.facebook.buck.core.exceptions.BuckUncheckedExecutionException: When creating rule //BuckDemo:BuckDemo#dwarf-and-dsym.: com.facebook.buck.core.exceptions.BuckUncheckedExecutionException: null: java.util.concurrent.ExecutionException: com.facebook.buck.core.exceptions.BuckUncheckedExecutionException: When creating rule //BuckDemo:BuckDemo#dwarf-and-dsym,no-include-frameworks.: com.facebook.buck.core.exceptions.HumanReadableException: //BuckDemo:BuckDemo#dwarf-and-dsym,no-include-frameworks: Apple bundle requires an Apple platform, found 'default'

A common cause of this error is that the required SDK is missing.
Please check whether it's installed and retry.
Original exception: "Apple C++ Platform" has no flavor "default"; available ones: 
	at com.facebook.buck.core.rules.transformer.impl.DefaultTargetNodeToBuildRuleTransformer.transform(DefaultTargetNodeToBuildRuleTransformer.java:114)
	at com.facebook.buck.core.rules.transformer.TargetNodeToBuildRuleTransformer.transform(TargetNodeToBuildRuleTransformer.java:40)
	at com.facebook.buck.core.rules.resolver.impl.MultiThreadedActionGraphBuilder.lambda$17(MultiThreadedActionGraphBuilder.java:241)
	at com.facebook.buck.core.rules.resolver.impl.MultiThreadedActionGraphBuilder.lambda$19(MultiThreadedActionGraphBuilder.java:283)
	at com.facebook.buck.core.rules.resolver.impl.MultiThreadedActionGraphBuilder.lambda$16(MultiThreadedActionGraphBuilder.java:247)
	at com.facebook.buck.core.rules.resolver.impl.MultiThreadedActionGraphBuilder$Task.tryComplete(MultiThreadedActionGraphBuilder.java:344)
	at com.facebook.buck.core.rules.resolver.impl.MultiThreadedActionGraphBuilder$Task.tryComplete(MultiThreadedActionGraphBuilder.java:333)
	at com.facebook.buck.core.rules.resolver.impl.MultiThreadedActionGraphBuilder$Task.get(MultiThreadedActionGraphBuilder.java:316)
	... 14 more
Caused by: com.facebook.buck.core.exceptions.BuckUncheckedExecutionException: null: java.util.concurrent.ExecutionException: com.facebook.buck.core.exceptions.BuckUncheckedExecutionException: When creating rule //BuckDemo:BuckDemo#dwarf-and-dsym,no-include-frameworks.: com.facebook.buck.core.exceptions.HumanReadableException: //BuckDemo:BuckDemo#dwarf-and-dsym,no-include-frameworks: Apple bundle requires an Apple platform, found 'default'

A common cause of this error is that the required SDK is missing.
Please check whether it's installed and retry.
Original exception: "Apple C++ Platform" has no flavor "default"; available ones: 
	at com.facebook.buck.util.concurrent.MoreFutures.getUncheckedInterruptibly(MoreFutures.java:192)
	at com.facebook.buck.core.rules.resolver.impl.MultiThreadedActionGraphBuilder$Task.get(MultiThreadedActionGraphBuilder.java:317)
	at com.facebook.buck.core.rules.resolver.impl.MultiThreadedActionGraphBuilder$Task.access$2(MultiThreadedActionGraphBuilder.java:315)
	at com.facebook.buck.core.rules.resolver.impl.MultiThreadedActionGraphBuilder.requireRule(MultiThreadedActionGraphBuilder.java:220)
	at com.facebook.buck.apple.AppleBundleDescription.createBuildRule(AppleBundleDescription.java:169)
	at com.facebook.buck.apple.AppleBundleDescription.createBuildRule(AppleBundleDescription.java:1)
	at com.facebook.buck.core.rules.transformer.impl.DefaultTargetNodeToBuildRuleTransformer.transform(DefaultTargetNodeToBuildRuleTransformer.java:112)
	... 21 more
Caused by: java.util.concurrent.ExecutionException: com.facebook.buck.core.exceptions.BuckUncheckedExecutionException: When creating rule //BuckDemo:BuckDemo#dwarf-and-dsym,no-include-frameworks.: com.facebook.buck.core.exceptions.HumanReadableException: //BuckDemo:BuckDemo#dwarf-and-dsym,no-include-frameworks: Apple bundle requires an Apple platform, found 'default'

A common cause of this error is that the required SDK is missing.
Please check whether it's installed and retry.
Original exception: "Apple C++ Platform" has no flavor "default"; available ones: 
	at com.google.common.util.concurrent.AbstractFuture.getDoneValue(AbstractFuture.java:528)
	at com.google.common.util.concurrent.AbstractFuture.get(AbstractFuture.java:487)
	at com.google.common.util.concurrent.AbstractFuture$TrustedFuture.get(AbstractFuture.java:85)
	at com.facebook.buck.util.concurrent.MoreFutures.getUncheckedInterruptibly(MoreFutures.java:187)
	... 27 more
Caused by: com.facebook.buck.core.exceptions.BuckUncheckedExecutionException: When creating rule //BuckDemo:BuckDemo#dwarf-and-dsym,no-include-frameworks.: com.facebook.buck.core.exceptions.HumanReadableException: //BuckDemo:BuckDemo#dwarf-and-dsym,no-include-frameworks: Apple bundle requires an Apple platform, found 'default'

A common cause of this error is that the required SDK is missing.
Please check whether it's installed and retry.
Original exception: "Apple C++ Platform" has no flavor "default"; available ones: 
	at com.facebook.buck.core.rules.transformer.impl.DefaultTargetNodeToBuildRuleTransformer.transform(DefaultTargetNodeToBuildRuleTransformer.java:114)
	at com.facebook.buck.core.rules.transformer.TargetNodeToBuildRuleTransformer.transform(TargetNodeToBuildRuleTransformer.java:40)
	at com.facebook.buck.core.rules.resolver.impl.MultiThreadedActionGraphBuilder.lambda$17(MultiThreadedActionGraphBuilder.java:241)
	at com.facebook.buck.core.rules.resolver.impl.MultiThreadedActionGraphBuilder.lambda$19(MultiThreadedActionGraphBuilder.java:283)
	at com.facebook.buck.core.rules.resolver.impl.MultiThreadedActionGraphBuilder.lambda$16(MultiThreadedActionGraphBuilder.java:247)
	at com.facebook.buck.core.rules.resolver.impl.MultiThreadedActionGraphBuilder$Task.tryComplete(MultiThreadedActionGraphBuilder.java:344)
	at com.facebook.buck.core.rules.resolver.impl.MultiThreadedActionGraphBuilder$Task.tryComplete(MultiThreadedActionGraphBuilder.java:333)
	at com.facebook.buck.core.rules.resolver.impl.MultiThreadedActionGraphBuilder$Task.get(MultiThreadedActionGraphBuilder.java:316)
	... 26 more
Caused by: com.facebook.buck.core.exceptions.HumanReadableException: //BuckDemo:BuckDemo#dwarf-and-dsym,no-include-frameworks: Apple bundle requires an Apple platform, found 'default'

A common cause of this error is that the required SDK is missing.
Please check whether it's installed and retry.
Original exception: "Apple C++ Platform" has no flavor "default"; available ones: 
	at com.facebook.buck.apple.ApplePlatforms.getAppleCxxPlatformForBuildTarget(ApplePlatforms.java:74)
	at com.facebook.buck.apple.AppleDescriptions.createAppleBundle(AppleDescriptions.java:675)
	at com.facebook.buck.apple.AppleBundleDescription.createBuildRule(AppleBundleDescription.java:182)
	at com.facebook.buck.apple.AppleBundleDescription.createBuildRule(AppleBundleDescription.java:1)
	at com.facebook.buck.core.rules.transformer.impl.DefaultTargetNodeToBuildRuleTransformer.transform(DefaultTargetNodeToBuildRuleTransformer.java:112)
	... 33 more
Caused by: com.facebook.buck.core.model.FlavorDomainException: "Apple C++ Platform" has no flavor "default"; available ones: 
	at com.facebook.buck.core.model.FlavorDomain.getValue(FlavorDomain.java:182)
	at com.facebook.buck.apple.ApplePlatforms.getAppleCxxPlatformForBuildTarget(ApplePlatforms.java:72)
	... 37 more

[2020-01-17 19:19:36.463][warn ][command:null][tid:01][com.facebook.buck.util.Console] Command failure: //BuckDemo:BuckDemo#dwarf-and-dsym,no-include-frameworks: Apple bundle requires an Apple platform, found 'default'

A common cause of this error is that the required SDK is missing.
Please check whether it's installed and retry.
Original exception: "Apple C++ Platform" has no flavor "default"; available ones: 
    When creating rule //BuckDemo:BuckDemo#dwarf-and-dsym,no-include-frameworks.
    When creating rule //BuckDemo:BuckDemo#dwarf-and-dsym.
    When creating rule //BuckDemo:BuckDemo.
[2020-01-17 19:19:36.464][warn ][command:null][tid:01][com.facebook.buck.util.Console] Command failure: //BuckDemo:BuckDemo#dwarf-and-dsym,no-include-frameworks: Apple bundle requires an Apple platform, found 'default'

A common cause of this error is that the required SDK is missing.
Please check whether it's installed and retry.
Original exception: "Apple C++ Platform" has no flavor "default"; available ones: 
    When creating rule //BuckDemo:BuckDemo#dwarf-and-dsym,no-include-frameworks.
    When creating rule //BuckDemo:BuckDemo#dwarf-and-dsym.
    When creating rule //BuckDemo:BuckDemo.
[2020-01-17 19:19:36.468][debug][command:null][tid:01][com.facebook.buck.cli.MainRunner] Done.
