[2020-01-21 12:37:47.936][debug][command:null][tid:01][com.facebook.buck.cli.MainRunner] Starting up (build date 2020-01-15 22:51:19 -0200, rev fcaddb3ff53ad18bbfc27ca6549cda12459dd4f0), args: [build, //BuckDemo:BuckDemo]
[2020-01-21 12:37:47.940][debug][command:null][tid:01][com.facebook.buck.cli.MainRunner] System properties: {java.vendor=Oracle Corporation, sun.java.launcher=SUN_STANDARD, sun.management.compiler=HotSpot 64-Bit Tiered Compilers, jnidispatch.path=/Users/t719628/Documents/Douglas/Github/BuckDemo/buck-out/tmp/buck_run.l7ldpb/jna-1492819313/jna1364497084965287119.tmp, os.name=Mac OS X, buck.enable_objc=true, sun.boot.class.path=/Library/Java/JavaVirtualMachines/jdk1.8.0_202.jdk/Contents/Home/jre/lib/resources.jar:/Library/Java/JavaVirtualMachines/jdk1.8.0_202.jdk/Contents/Home/jre/lib/rt.jar:/Library/Java/JavaVirtualMachines/jdk1.8.0_202.jdk/Contents/Home/jre/lib/sunrsasign.jar:/Library/Java/JavaVirtualMachines/jdk1.8.0_202.jdk/Contents/Home/jre/lib/jsse.jar:/Library/Java/JavaVirtualMachines/jdk1.8.0_202.jdk/Contents/Home/jre/lib/jce.jar:/Library/Java/JavaVirtualMachines/jdk1.8.0_202.jdk/Contents/Home/jre/lib/charsets.jar:/Library/Java/JavaVirtualMachines/jdk1.8.0_202.jdk/Contents/Home/jre/lib/jfr.jar:/Library/Java/JavaVirtualMachines/jdk1.8.0_202.jdk/Contents/Home/jre/classes, buck.module.resources=/usr/local/buck/ant-out/buck-modules-resources, pf4j.pluginsDir=/usr/local/buck/ant-out/buck-modules, buck.path_to_isolated_trampoline=/usr/local/buck/src/com/facebook/buck/rules/modern/builders/trampoline.sh, java.vm.specification.vendor=Oracle Corporation, java.runtime.version=1.8.0_202-b08, buck.base_buck_out_dir=buck-out, jna.loaded=true, buck.testrunner_classes=/usr/local/buck/ant-out/testrunner/classes, buck.logging_config_file=/usr/local/buck/config/logging.properties.st, buck.path_to_sh_binary_template=/usr/local/buck/src/com/facebook/buck/shell/sh_binary_template, user.name=t719628, buck.path_to_pywatchman=/usr/local/buck/third-party/py/pywatchman, buck.report_generator_jar=/usr/local/buck/ant-out/report-generator.jar, buck.legacy_fix_script=/usr/local/buck/programs/fixes/source_only_abi/autofix_source_only_abi_warnings.py, buck.git_commit=fcaddb3ff53ad18bbfc27ca6549cda12459dd4f0, user.language=en, sun.boot.library.path=/Library/Java/JavaVirtualMachines/jdk1.8.0_202.jdk/Contents/Home/jre/lib, jna.nosys=true, java.version=1.8.0_202, user.timezone=America/Sao_Paulo, buck.test_util_no_tests_dir=true, sun.arch.data.model=64, java.endorsed.dirs=/Library/Java/JavaVirtualMachines/jdk1.8.0_202.jdk/Contents/Home/jre/lib/endorsed, sun.cpu.isalist=, sun.jnu.encoding=UTF-8, file.encoding.pkg=sun.io, file.separator=/, java.specification.name=Java Platform API Specification, buck.jacoco_agent_jar=/usr/local/buck/third-party/java/jacoco/jacocoagent.jar, java.class.version=52.0, user.country=BR, buck.binary_hash=2f57a0c937cdf4e8f9ee5889d319647e, java.home=/Library/Java/JavaVirtualMachines/jdk1.8.0_202.jdk/Contents/Home/jre, java.vm.info=mixed mode, os.version=10.15, buck.version_uid=fcaddb3ff53ad18bbfc27ca6549cda12459dd4f0, org.eclipse.jetty.util.log.class=org.eclipse.jetty.util.log.JavaUtilLog, path.separator=:, java.vm.version=25.202-b08, java.awt.printerjob=sun.lwawt.macosx.CPrinterJob, sun.io.unicode.encoding=UnicodeBig, awt.toolkit=sun.lwawt.macosx.LWCToolkit, buck.mode=repository, buck.buck_build_type_info=/usr/local/buck/config/build_type/LOCAL_ANT/type.txt, buck.dx=/usr/local/buck/third-party/java/dx/etc/dx, buck.git_commit_timestamp=1579135879, user.home=/Users/t719628, java.specification.vendor=Oracle Corporation, buck.git_dirty=0, java.library.path=/usr/local/buck/third-party/java/ObjCBridge, java.vendor.url=http://java.oracle.com/, buck.is_buckd=false, java.vm.vendor=Oracle Corporation, gopherProxySet=false, java.runtime.name=Java(TM) SE Runtime Environment, sun.java.command=com.facebook.buck.cli.bootstrapper.ClassLoaderBootstrapper com.facebook.buck.cli.MainWithoutNailgun build --command-args-file /Users/t719628/Documents/Douglas/Github/BuckDemo/buck-out/tmp/buck_run.l7ldpb/tmpENetjV //BuckDemo:BuckDemo, java.class.path=/usr/local/buck/ant-out/bootstrapper/bootstrapper.jar:/usr/local/buck/ant-out/buckfilesystem/buckfilesystem.jar, buck.buckd_dir=/Users/t719628/Documents/Douglas/Github/BuckDemo/.buckd, buck.path_to_pathlib_py=/usr/local/buck/third-party/py/pathlib/pathlib.py, java.vm.specification.name=Java Virtual Machine Specification, java.vm.specification.version=1.8, sun.cpu.endian=little, sun.os.patch.level=unknown, java.awt.headless=true, java.io.tmpdir=/Users/t719628/Documents/Douglas/Github/BuckDemo/buck-out/tmp/buck_run.l7ldpb, buck.android_agent_path=/usr/local/buck/assets/android/agent.apk, java.vendor.url.bug=http://bugreport.sun.com/bugreport/, buck.path_to_python_dsl=/usr/local/buck/python-dsl, os.arch=x86_64, java.awt.graphicsenv=sun.awt.CGraphicsEnvironment, java.ext.dirs=/Users/t719628/Library/Java/Extensions:/Library/Java/JavaVirtualMachines/jdk1.8.0_202.jdk/Contents/Home/jre/lib/ext:/Library/Java/Extensions:/Network/Library/Java/Extensions:/System/Library/Java/Extensions:/usr/lib/java, java.util.logging.config.class=com.facebook.buck.cli.bootstrapper.LogConfig, buck.path_to_six_py=/usr/local/buck/third-party/py/six/six.py, user.dir=/Users/t719628/Documents/Douglas/Github/BuckDemo, java.nio.file.spi.DefaultFileSystemProvider=com.facebook.buck.core.filesystems.BuckFileSystemProvider, line.separator=
, java.vm.name=Java HotSpot(TM) 64-Bit Server VM, buck.path_to_typing=/usr/local/buck/third-party/py/typing/python2, buck.native_exopackage_fake_path=/usr/local/buck/assets/android/native-exopackage-fakes.apk, file.encoding=UTF-8, java.specification.version=1.8}
[2020-01-21 12:37:47.997][debug][command:null][tid:01][com.facebook.buck.util.config.Configs] Loading configuration for /Users/t719628/Documents/Douglas/Github/BuckDemo
[2020-01-21 12:37:47.998][debug][command:null][tid:01][com.facebook.buck.util.config.Configs] Loaded project configuration file /Users/t719628/Documents/Douglas/Github/BuckDemo/.buckconfig
[2020-01-21 12:37:47.999][debug][command:null][tid:01][com.facebook.buck.util.config.Configs] Adding configuration overrides RawConfig{values={}}
[2020-01-21 12:37:48.097][debug][command:null][tid:01][com.facebook.buck.cli.MainRunner] Not using Watchman, context present: false, glob handler: PYTHON
[2020-01-21 12:37:48.116][info ][command:null][tid:01][com.facebook.buck.core.plugin.impl.DefaultBuckPluginManager] Time to load instances of interface com.facebook.buck.core.rules.config.ConfigurationRuleDescriptionProvider: 18
[2020-01-21 12:37:48.150][info ][command:null][tid:01][com.facebook.buck.core.plugin.impl.DefaultBuckPluginManager] Time to load instances of interface com.facebook.buck.core.toolchain.ToolchainSupplier: 20
[2020-01-21 12:37:48.368][debug][command:null][tid:01][com.facebook.buck.support.state.BuckGlobalStateLifecycleManager] Starting up daemon state for project root [/Users/t719628/Documents/Douglas/Github/BuckDemo]
[2020-01-21 12:37:48.469][debug][command:null][tid:01][com.facebook.buck.support.state.BuckGlobalStateFactory] Falling back to named cursors: {}
[2020-01-21 12:37:48.469][debug][command:null][tid:01][com.facebook.buck.support.state.BuckGlobalStateFactory] Using Watchman Cursor: {}
[2020-01-21 12:37:48.470][debug][command:null][tid:15][com.facebook.buck.io.AsynchronousDirectoryContentsCleaner] Starting to clean /Users/t719628/Documents/Douglas/Github/BuckDemo/buck-out/.trash
[2020-01-21 12:37:48.476][debug][command:null][tid:15][com.facebook.buck.io.AsynchronousDirectoryContentsCleaner] Done cleaning /Users/t719628/Documents/Douglas/Github/BuckDemo/buck-out/.trash
[2020-01-21 12:37:48.697][debug][command:26e86f99-f892-4d68-8252-aaee73177bca][tid:01][com.facebook.buck.event.listener.RenderingConsole] Starting render scheduler (interval 100 ms)
[2020-01-21 12:37:48.718][debug][command:null][tid:19][com.facebook.buck.util.perf.ProcessTracker] startUp
[2020-01-21 12:37:48.772][debug][command:26e86f99-f892-4d68-8252-aaee73177bca][tid:01][com.facebook.buck.util.environment.MacWifiSsidFinder] Getting current SSID..
[2020-01-21 12:37:48.804][debug][command:26e86f99-f892-4d68-8252-aaee73177bca][tid:01][com.facebook.buck.util.environment.MacWifiSsidFinder] Getting SSID from Wi-Fi interface: <CWInterface: 0x7fe6e4a1add0> [interfaceName=en0]
[2020-01-21 12:37:48.805][debug][command:26e86f99-f892-4d68-8252-aaee73177bca][tid:01][com.facebook.buck.util.environment.MacWifiSsidFinder] Found SSID: WLANGSNET
[2020-01-21 12:37:48.961][debug][command:26e86f99-f892-4d68-8252-aaee73177bca][tid:01][com.facebook.buck.util.randomizedtrial.RandomizedTrial] Determined key: 't719628@mact719628/depsaware_executor/26e86f99-f892-4d68-8252-aaee73177bca'
[2020-01-21 12:37:48.983][debug][command:26e86f99-f892-4d68-8252-aaee73177bca][tid:01][com.facebook.buck.cli.MainRunner] InvocationInfo BuildId=[26e86f99-f892-4d68-8252-aaee73177bca] Args=[build, //BuckDemo:BuckDemo]
[2020-01-21 12:37:49.031][info ][command:26e86f99-f892-4d68-8252-aaee73177bca][tid:01][com.facebook.buck.support.build.report.BuildReportUtils] Build report is not enabled
[2020-01-21 12:37:49.116][warn ][command:null][tid:23][com.facebook.buck.event.listener.PublicAnnouncementManager] Failed to get public announcements. Reason: Failed to establish connection to server.
[2020-01-21 12:37:49.116][info ][command:26e86f99-f892-4d68-8252-aaee73177bca][tid:01][com.facebook.buck.support.build.report.BuildReportUtils] Build report is not enabled
[2020-01-21 12:37:49.122][debug][command:null][tid:24][com.facebook.buck.util.environment.MacNetworkConfiguration] Determine network service order and extract device names
[2020-01-21 12:37:49.125][debug][command:null][tid:24][com.facebook.buck.util.ListeningProcessExecutor] Launching process with params ProcessExecutorParams{command=[networksetup, -listnetworkserviceorder, ]}
[2020-01-21 12:37:49.185][debug][command:null][tid:24][com.facebook.buck.util.ListeningProcessExecutor] Successfully launched process com.zaxxer.nuprocess.osx.OsxProcess@466a15e5
[2020-01-21 12:37:49.188][debug][command:null][tid:24][com.facebook.buck.util.ListeningProcessExecutor] Waiting for process com.facebook.buck.util.ListeningProcessExecutor$LaunchedProcessImpl@4724cfe6 timeout 1000 MILLISECONDS
[2020-01-21 12:37:49.202][info ][command:26e86f99-f892-4d68-8252-aaee73177bca][tid:20][com.facebook.buck.event.listener.LoggingBuildListener] Build started at 2020-01-21 12:37:49.201
[2020-01-21 12:37:49.230][debug][command:null][tid:24][com.facebook.buck.util.ListeningProcessExecutor] Wait for process returned 0
[2020-01-21 12:37:49.231][debug][command:null][tid:24][com.facebook.buck.util.ListeningProcessExecutor] Destroying process com.facebook.buck.util.ListeningProcessExecutor$LaunchedProcessImpl@4724cfe6 (force true)
[2020-01-21 12:37:49.231][debug][command:null][tid:24][com.facebook.buck.util.environment.MacNetworkConfiguration] Determine active state of media for device
[2020-01-21 12:37:49.231][debug][command:null][tid:24][com.facebook.buck.util.ListeningProcessExecutor] Launching process with params ProcessExecutorParams{command=[networksetup, -getMedia, en5]}
[2020-01-21 12:37:49.235][debug][command:null][tid:24][com.facebook.buck.util.ListeningProcessExecutor] Successfully launched process com.zaxxer.nuprocess.osx.OsxProcess@33aa5c5b
[2020-01-21 12:37:49.237][debug][command:null][tid:24][com.facebook.buck.util.ListeningProcessExecutor] Waiting for process com.facebook.buck.util.ListeningProcessExecutor$LaunchedProcessImpl@1855b08a timeout 1000 MILLISECONDS
[2020-01-21 12:37:49.272][debug][command:null][tid:24][com.facebook.buck.util.ListeningProcessExecutor] Wait for process returned 4
[2020-01-21 12:37:49.272][debug][command:null][tid:24][com.facebook.buck.util.ListeningProcessExecutor] Destroying process com.facebook.buck.util.ListeningProcessExecutor$LaunchedProcessImpl@1855b08a (force true)
[2020-01-21 12:37:49.272][debug][command:null][tid:24][com.facebook.buck.util.environment.MacNetworkConfiguration] Determine active state of media for device
[2020-01-21 12:37:49.273][debug][command:null][tid:24][com.facebook.buck.util.ListeningProcessExecutor] Launching process with params ProcessExecutorParams{command=[networksetup, -getMedia, en4]}
[2020-01-21 12:37:49.275][debug][command:null][tid:24][com.facebook.buck.util.ListeningProcessExecutor] Successfully launched process com.zaxxer.nuprocess.osx.OsxProcess@45406bbb
[2020-01-21 12:37:49.278][debug][command:null][tid:24][com.facebook.buck.util.ListeningProcessExecutor] Waiting for process com.facebook.buck.util.ListeningProcessExecutor$LaunchedProcessImpl@469d5d31 timeout 1000 MILLISECONDS
[2020-01-21 12:37:49.282][debug][command:26e86f99-f892-4d68-8252-aaee73177bca][tid:01][com.facebook.buck.parser.DaemonicParserState] Starting to invalidate caches for /Users/t719628/Documents/Douglas/Github/BuckDemo..
[2020-01-21 12:37:49.282][debug][command:26e86f99-f892-4d68-8252-aaee73177bca][tid:01][com.facebook.buck.parser.DaemonicParserState] Cell caches were empty, no data invalidated.
[2020-01-21 12:37:49.311][debug][command:26e86f99-f892-4d68-8252-aaee73177bca][tid:39][com.facebook.buck.io.ExecutableFinder] Executable 'python2' mapped to 'Optional[/usr/bin/python2]'
[2020-01-21 12:37:49.321][debug][command:null][tid:24][com.facebook.buck.util.ListeningProcessExecutor] Wait for process returned 4
[2020-01-21 12:37:49.321][debug][command:null][tid:24][com.facebook.buck.util.ListeningProcessExecutor] Destroying process com.facebook.buck.util.ListeningProcessExecutor$LaunchedProcessImpl@469d5d31 (force true)
[2020-01-21 12:37:49.321][debug][command:null][tid:24][com.facebook.buck.util.environment.MacNetworkConfiguration] Determine active state of media for device
[2020-01-21 12:37:49.321][debug][command:null][tid:24][com.facebook.buck.util.ListeningProcessExecutor] Launching process with params ProcessExecutorParams{command=[networksetup, -getMedia, en0]}
[2020-01-21 12:37:49.324][debug][command:null][tid:24][com.facebook.buck.util.ListeningProcessExecutor] Successfully launched process com.zaxxer.nuprocess.osx.OsxProcess@36fb5e2
[2020-01-21 12:37:49.326][debug][command:null][tid:24][com.facebook.buck.util.ListeningProcessExecutor] Waiting for process com.facebook.buck.util.ListeningProcessExecutor$LaunchedProcessImpl@5e56d217 timeout 1000 MILLISECONDS
[2020-01-21 12:37:49.357][info ][command:26e86f99-f892-4d68-8252-aaee73177bca][tid:39][com.facebook.buck.core.plugin.impl.DefaultBuckPluginManager] Time to load instances of interface com.facebook.buck.core.model.targetgraph.DescriptionProvider: 41
[2020-01-21 12:37:49.364][debug][command:null][tid:24][com.facebook.buck.util.ListeningProcessExecutor] Wait for process returned 0
[2020-01-21 12:37:49.364][debug][command:null][tid:24][com.facebook.buck.util.ListeningProcessExecutor] Destroying process com.facebook.buck.util.ListeningProcessExecutor$LaunchedProcessImpl@5e56d217 (force true)
[2020-01-21 12:37:49.364][debug][command:null][tid:24][com.facebook.buck.util.environment.MacNetworkConfiguration] Determine WiFi SSID of device
[2020-01-21 12:37:49.365][debug][command:null][tid:24][com.facebook.buck.util.ListeningProcessExecutor] Launching process with params ProcessExecutorParams{command=[networksetup, -getairportnetwork, en0]}
[2020-01-21 12:37:49.369][debug][command:null][tid:24][com.facebook.buck.util.ListeningProcessExecutor] Successfully launched process com.zaxxer.nuprocess.osx.OsxProcess@539f4c5a
[2020-01-21 12:37:49.371][debug][command:null][tid:24][com.facebook.buck.util.ListeningProcessExecutor] Waiting for process com.facebook.buck.util.ListeningProcessExecutor$LaunchedProcessImpl@209382 timeout 1000 MILLISECONDS
[2020-01-21 12:37:49.409][debug][command:null][tid:24][com.facebook.buck.util.ListeningProcessExecutor] Wait for process returned 0
[2020-01-21 12:37:49.409][debug][command:null][tid:24][com.facebook.buck.util.ListeningProcessExecutor] Destroying process com.facebook.buck.util.ListeningProcessExecutor$LaunchedProcessImpl@209382 (force true)
[2020-01-21 12:37:49.483][info ][command:26e86f99-f892-4d68-8252-aaee73177bca][tid:39][com.facebook.buck.core.plugin.impl.DefaultBuckPluginManager] Time to load instances of interface com.facebook.buck.apple.XCodeDescriptionClassSupplier: 8
[2020-01-21 12:37:49.570][info ][command:26e86f99-f892-4d68-8252-aaee73177bca][tid:39][com.facebook.buck.core.plugin.impl.DefaultBuckPluginManager] Time to load instances of interface com.facebook.buck.core.model.targetgraph.BuiltInProviderProvider: 4
[2020-01-21 12:37:49.956][warn ][command:26e86f99-f892-4d68-8252-aaee73177bca][tid:20][com.facebook.buck.event.listener.LoggingBuildListener] ERROR: /Users/t719628/Documents/Douglas/Github/BuckDemo/BuckDemo/BUCK:3:1: illegal argument in call to apple_asset_catalog: files is not a recognized attribute
[2020-01-21 12:37:50.008][info ][command:26e86f99-f892-4d68-8252-aaee73177bca][tid:20][com.facebook.buck.event.listener.LoggingBuildListener] Build finished at 2020-01-21 12:37:50.008
[2020-01-21 12:37:50.023][info ][command:26e86f99-f892-4d68-8252-aaee73177bca][tid:20][com.facebook.buck.event.listener.AbstractConsoleEventBusListener] 
Top slow rules: Buck didn't spend time in rules.
[2020-01-21 12:37:50.024][info ][command:26e86f99-f892-4d68-8252-aaee73177bca][tid:20][com.facebook.buck.event.listener.CriticalPathEventListener] Received command finished event for command : build
[2020-01-21 12:37:50.025][info ][command:null][tid:27][com.facebook.buck.core.graph.transformation.executor.impl.AbstractDepsAwareExecutor] Worker was interrupted
[2020-01-21 12:37:50.025][info ][command:null][tid:35][com.facebook.buck.core.graph.transformation.executor.impl.AbstractDepsAwareExecutor] Worker was interrupted
[2020-01-21 12:37:50.025][info ][command:null][tid:33][com.facebook.buck.core.graph.transformation.executor.impl.AbstractDepsAwareExecutor] Worker was interrupted
[2020-01-21 12:37:50.025][info ][command:null][tid:31][com.facebook.buck.core.graph.transformation.executor.impl.AbstractDepsAwareExecutor] Worker was interrupted
[2020-01-21 12:37:50.025][info ][command:null][tid:30][com.facebook.buck.core.graph.transformation.executor.impl.AbstractDepsAwareExecutor] Worker was interrupted
[2020-01-21 12:37:50.025][info ][command:null][tid:32][com.facebook.buck.core.graph.transformation.executor.impl.AbstractDepsAwareExecutor] Worker was interrupted
[2020-01-21 12:37:50.025][info ][command:null][tid:29][com.facebook.buck.core.graph.transformation.executor.impl.AbstractDepsAwareExecutor] Worker was interrupted
[2020-01-21 12:37:50.025][info ][command:null][tid:28][com.facebook.buck.core.graph.transformation.executor.impl.AbstractDepsAwareExecutor] Worker was interrupted
[2020-01-21 12:37:50.031][debug][command:26e86f99-f892-4d68-8252-aaee73177bca][tid:19][com.facebook.buck.util.perf.ProcessTracker] shutDown
[2020-01-21 12:37:50.034][debug][command:26e86f99-f892-4d68-8252-aaee73177bca][tid:01][com.facebook.buck.event.listener.RenderingConsole] Stopping render scheduler
[2020-01-21 12:37:50.035][info ][command:26e86f99-f892-4d68-8252-aaee73177bca][tid:01][com.facebook.buck.cli.MainRunner] Awaiting termination of PROJECT executor service. Waiting for all jobs to complete, or up to maximum of 60 seconds...
[2020-01-21 12:37:50.035][info ][command:26e86f99-f892-4d68-8252-aaee73177bca][tid:01][com.facebook.buck.cli.MainRunner] Successfully terminated PROJECT executor service.
[2020-01-21 12:37:50.035][info ][command:26e86f99-f892-4d68-8252-aaee73177bca][tid:01][com.facebook.buck.cli.MainRunner] Awaiting termination of NETWORK executor service. Waiting for all jobs to complete, or up to maximum of 60 seconds...
[2020-01-21 12:37:50.035][info ][command:26e86f99-f892-4d68-8252-aaee73177bca][tid:01][com.facebook.buck.cli.MainRunner] Successfully terminated NETWORK executor service.
[2020-01-21 12:37:50.036][info ][command:26e86f99-f892-4d68-8252-aaee73177bca][tid:01][com.facebook.buck.cli.MainRunner] Awaiting termination of GRAPH_CPU executor service. Waiting for all jobs to complete, or up to maximum of 60 seconds...
[2020-01-21 12:37:50.036][info ][command:26e86f99-f892-4d68-8252-aaee73177bca][tid:01][com.facebook.buck.cli.MainRunner] Successfully terminated GRAPH_CPU executor service.
[2020-01-21 12:37:50.036][info ][command:26e86f99-f892-4d68-8252-aaee73177bca][tid:01][com.facebook.buck.cli.MainRunner] Awaiting termination of CPU executor service. Waiting for all jobs to complete, or up to maximum of 60 seconds...
[2020-01-21 12:37:50.036][info ][command:26e86f99-f892-4d68-8252-aaee73177bca][tid:01][com.facebook.buck.cli.MainRunner] Successfully terminated CPU executor service.
[2020-01-21 12:37:50.036][info ][command:26e86f99-f892-4d68-8252-aaee73177bca][tid:01][com.facebook.buck.cli.MainRunner] Awaiting termination of ScheduledExecutorService executor service. Waiting for all jobs to complete, or up to maximum of 60 seconds...
[2020-01-21 12:37:50.036][info ][command:26e86f99-f892-4d68-8252-aaee73177bca][tid:01][com.facebook.buck.cli.MainRunner] Successfully terminated ScheduledExecutorService executor service.
[2020-01-21 12:37:50.036][info ][command:26e86f99-f892-4d68-8252-aaee73177bca][tid:01][com.facebook.buck.cli.MainRunner] Awaiting termination of CounterAggregatorExecutor executor service. Waiting for all jobs to complete, or up to maximum of 20 seconds...
[2020-01-21 12:37:50.037][info ][command:26e86f99-f892-4d68-8252-aaee73177bca][tid:01][com.facebook.buck.cli.MainRunner] Successfully terminated CounterAggregatorExecutor executor service.
[2020-01-21 12:37:50.037][info ][command:26e86f99-f892-4d68-8252-aaee73177bca][tid:01][com.facebook.buck.cli.MainRunner] Awaiting termination of HTTP Read executor service. Waiting for all jobs to complete, or up to maximum of 1800 seconds...
[2020-01-21 12:37:50.037][info ][command:26e86f99-f892-4d68-8252-aaee73177bca][tid:01][com.facebook.buck.cli.MainRunner] Successfully terminated HTTP Read executor service.
[2020-01-21 12:37:50.037][info ][command:26e86f99-f892-4d68-8252-aaee73177bca][tid:01][com.facebook.buck.cli.MainRunner] Awaiting termination of HTTP Write executor service. Waiting for all jobs to complete, or up to maximum of 1800 seconds...
[2020-01-21 12:37:50.037][info ][command:26e86f99-f892-4d68-8252-aaee73177bca][tid:01][com.facebook.buck.cli.MainRunner] Successfully terminated HTTP Write executor service.
[2020-01-21 12:37:50.038][info ][command:26e86f99-f892-4d68-8252-aaee73177bca][tid:01][com.facebook.buck.cli.MainRunner] Awaiting termination of Disk IO executor service. Waiting for all jobs to complete, or up to maximum of 10 seconds...
[2020-01-21 12:37:50.038][info ][command:26e86f99-f892-4d68-8252-aaee73177bca][tid:01][com.facebook.buck.cli.MainRunner] Successfully terminated Disk IO executor service.
[2020-01-21 12:37:50.044][info ][command:26e86f99-f892-4d68-8252-aaee73177bca][tid:01][com.facebook.buck.cli.MainRunner] Auto fixing is not enabled for command build
[2020-01-21 12:37:50.075][debug][command:null][tid:48][com.facebook.buck.event.listener.ChromeTraceBuildListener] Writing Chrome trace to buck-out/log/2020-01-21_14h37m48s_buildcommand_26e86f99-f892-4d68-8252-aaee73177bca/build.2020-01-21.12-37-49.26e86f99-f892-4d68-8252-aaee73177bca.trace
[2020-01-21 12:37:50.083][warn ][command:null][tid:01][com.facebook.buck.cli.MainRunner] Command failed:
com.facebook.buck.parser.exceptions.BuildFileParseException: Cannot evaluate file /Users/t719628/Documents/Douglas/Github/BuckDemo/BuckDemo/BUCK
	at com.facebook.buck.parser.exceptions.BuildFileParseException.createForUnknownParseError(BuildFileParseException.java:35)
	at com.facebook.buck.skylark.parser.AbstractSkylarkFileParser.parse(AbstractSkylarkFileParser.java:191)
	at com.facebook.buck.skylark.parser.SkylarkProjectBuildFileParser.getManifest(SkylarkProjectBuildFileParser.java:136)
	at com.facebook.buck.skylark.parser.SkylarkProjectBuildFileParser.getManifest(SkylarkProjectBuildFileParser.java:1)
	at com.facebook.buck.parser.HybridProjectBuildFileParser.getManifest(HybridProjectBuildFileParser.java:62)
	at com.facebook.buck.parser.HybridProjectBuildFileParser.getManifest(HybridProjectBuildFileParser.java:1)
	at com.facebook.buck.json.TargetCountVerificationParserDecorator.getManifest(TargetCountVerificationParserDecorator.java:73)
	at com.facebook.buck.parser.api.ForwardingProjectBuildFileParserDecorator.getManifest(ForwardingProjectBuildFileParserDecorator.java:1)
	at com.facebook.buck.parser.decorators.EventReportingProjectBuildFileParser.getManifest(EventReportingProjectBuildFileParser.java:69)
	at com.facebook.buck.parser.api.ForwardingProjectBuildFileParserDecorator.getManifest(ForwardingProjectBuildFileParserDecorator.java:1)
	at com.facebook.buck.parser.FileParserPool.lambda$0(FileParserPool.java:83)
	at com.facebook.buck.util.concurrent.ResourcePool$1.apply(ResourcePool.java:136)
	at com.facebook.buck.util.concurrent.ResourcePool$1.apply(ResourcePool.java:1)
	at com.google.common.util.concurrent.AbstractTransformFuture$AsyncTransformFuture.doTransform(AbstractTransformFuture.java:206)
	at com.google.common.util.concurrent.AbstractTransformFuture$AsyncTransformFuture.doTransform(AbstractTransformFuture.java:195)
	at com.google.common.util.concurrent.AbstractTransformFuture.run(AbstractTransformFuture.java:115)
	at com.google.common.util.concurrent.MoreExecutors$5$1.run(MoreExecutors.java:999)
	at java.util.concurrent.ThreadPoolExecutor.runWorker(ThreadPoolExecutor.java:1149)
	at java.util.concurrent.ThreadPoolExecutor$Worker.run(ThreadPoolExecutor.java:624)
	at java.lang.Thread.run(Thread.java:748)

[2020-01-21 12:37:50.085][warn ][command:null][tid:01][com.facebook.buck.util.Console] Command failure: Cannot evaluate file /Users/t719628/Documents/Douglas/Github/BuckDemo/BuckDemo/BUCK
[2020-01-21 12:37:50.085][warn ][command:null][tid:01][com.facebook.buck.util.Console] Command failure: Cannot evaluate file /Users/t719628/Documents/Douglas/Github/BuckDemo/BuckDemo/BUCK
[2020-01-21 12:37:50.094][debug][command:null][tid:01][com.facebook.buck.cli.MainRunner] Done.
