[2020-01-17 18:52:02.865][debug][command:null][tid:01][com.facebook.buck.cli.MainRunner] Starting up (build date 2020-01-15 22:51:19 -0200, rev fcaddb3ff53ad18bbfc27ca6549cda12459dd4f0), args: [build, //BuckDemo:BuckDemo]
[2020-01-17 18:52:02.870][debug][command:null][tid:01][com.facebook.buck.cli.MainRunner] System properties: {java.vendor=Oracle Corporation, sun.java.launcher=SUN_STANDARD, sun.management.compiler=HotSpot 64-Bit Tiered Compilers, jnidispatch.path=/Users/t719628/Documents/Douglas/Github/BuckDemo/buck-out/tmp/buck_run.RdezJr/jna-1492819313/jna8316131943963947007.tmp, os.name=Mac OS X, buck.enable_objc=true, sun.boot.class.path=/Library/Java/JavaVirtualMachines/jdk1.8.0_202.jdk/Contents/Home/jre/lib/resources.jar:/Library/Java/JavaVirtualMachines/jdk1.8.0_202.jdk/Contents/Home/jre/lib/rt.jar:/Library/Java/JavaVirtualMachines/jdk1.8.0_202.jdk/Contents/Home/jre/lib/sunrsasign.jar:/Library/Java/JavaVirtualMachines/jdk1.8.0_202.jdk/Contents/Home/jre/lib/jsse.jar:/Library/Java/JavaVirtualMachines/jdk1.8.0_202.jdk/Contents/Home/jre/lib/jce.jar:/Library/Java/JavaVirtualMachines/jdk1.8.0_202.jdk/Contents/Home/jre/lib/charsets.jar:/Library/Java/JavaVirtualMachines/jdk1.8.0_202.jdk/Contents/Home/jre/lib/jfr.jar:/Library/Java/JavaVirtualMachines/jdk1.8.0_202.jdk/Contents/Home/jre/classes, buck.module.resources=/usr/local/buck/ant-out/buck-modules-resources, pf4j.pluginsDir=/usr/local/buck/ant-out/buck-modules, buck.path_to_isolated_trampoline=/usr/local/buck/src/com/facebook/buck/rules/modern/builders/trampoline.sh, java.vm.specification.vendor=Oracle Corporation, java.runtime.version=1.8.0_202-b08, buck.base_buck_out_dir=buck-out, jna.loaded=true, buck.testrunner_classes=/usr/local/buck/ant-out/testrunner/classes, buck.logging_config_file=/usr/local/buck/config/logging.properties.st, buck.path_to_sh_binary_template=/usr/local/buck/src/com/facebook/buck/shell/sh_binary_template, user.name=t719628, buck.path_to_pywatchman=/usr/local/buck/third-party/py/pywatchman, buck.report_generator_jar=/usr/local/buck/ant-out/report-generator.jar, buck.legacy_fix_script=/usr/local/buck/programs/fixes/source_only_abi/autofix_source_only_abi_warnings.py, buck.git_commit=fcaddb3ff53ad18bbfc27ca6549cda12459dd4f0, user.language=en, sun.boot.library.path=/Library/Java/JavaVirtualMachines/jdk1.8.0_202.jdk/Contents/Home/jre/lib, jna.nosys=true, java.version=1.8.0_202, user.timezone=America/Sao_Paulo, buck.test_util_no_tests_dir=true, sun.arch.data.model=64, java.endorsed.dirs=/Library/Java/JavaVirtualMachines/jdk1.8.0_202.jdk/Contents/Home/jre/lib/endorsed, sun.cpu.isalist=, sun.jnu.encoding=UTF-8, file.encoding.pkg=sun.io, file.separator=/, java.specification.name=Java Platform API Specification, buck.jacoco_agent_jar=/usr/local/buck/third-party/java/jacoco/jacocoagent.jar, java.class.version=52.0, user.country=BR, buck.binary_hash=2f57a0c937cdf4e8f9ee5889d319647e, java.home=/Library/Java/JavaVirtualMachines/jdk1.8.0_202.jdk/Contents/Home/jre, java.vm.info=mixed mode, os.version=10.15, buck.version_uid=fcaddb3ff53ad18bbfc27ca6549cda12459dd4f0, org.eclipse.jetty.util.log.class=org.eclipse.jetty.util.log.JavaUtilLog, path.separator=:, java.vm.version=25.202-b08, java.awt.printerjob=sun.lwawt.macosx.CPrinterJob, sun.io.unicode.encoding=UnicodeBig, awt.toolkit=sun.lwawt.macosx.LWCToolkit, buck.mode=repository, buck.buck_build_type_info=/usr/local/buck/config/build_type/LOCAL_ANT/type.txt, buck.dx=/usr/local/buck/third-party/java/dx/etc/dx, buck.git_commit_timestamp=1579135879, user.home=/Users/t719628, java.specification.vendor=Oracle Corporation, buck.git_dirty=0, java.library.path=/usr/local/buck/third-party/java/ObjCBridge, java.vendor.url=http://java.oracle.com/, buck.is_buckd=false, java.vm.vendor=Oracle Corporation, gopherProxySet=false, java.runtime.name=Java(TM) SE Runtime Environment, sun.java.command=com.facebook.buck.cli.bootstrapper.ClassLoaderBootstrapper com.facebook.buck.cli.MainWithoutNailgun build --command-args-file /Users/t719628/Documents/Douglas/Github/BuckDemo/buck-out/tmp/buck_run.RdezJr/tmpebEmne //BuckDemo:BuckDemo, java.class.path=/usr/local/buck/ant-out/bootstrapper/bootstrapper.jar:/usr/local/buck/ant-out/buckfilesystem/buckfilesystem.jar, buck.buckd_dir=/Users/t719628/Documents/Douglas/Github/BuckDemo/.buckd, buck.path_to_pathlib_py=/usr/local/buck/third-party/py/pathlib/pathlib.py, java.vm.specification.name=Java Virtual Machine Specification, java.vm.specification.version=1.8, sun.cpu.endian=little, sun.os.patch.level=unknown, java.awt.headless=true, java.io.tmpdir=/Users/t719628/Documents/Douglas/Github/BuckDemo/buck-out/tmp/buck_run.RdezJr, buck.android_agent_path=/usr/local/buck/assets/android/agent.apk, java.vendor.url.bug=http://bugreport.sun.com/bugreport/, buck.path_to_python_dsl=/usr/local/buck/python-dsl, os.arch=x86_64, java.awt.graphicsenv=sun.awt.CGraphicsEnvironment, java.ext.dirs=/Users/t719628/Library/Java/Extensions:/Library/Java/JavaVirtualMachines/jdk1.8.0_202.jdk/Contents/Home/jre/lib/ext:/Library/Java/Extensions:/Network/Library/Java/Extensions:/System/Library/Java/Extensions:/usr/lib/java, java.util.logging.config.class=com.facebook.buck.cli.bootstrapper.LogConfig, buck.path_to_six_py=/usr/local/buck/third-party/py/six/six.py, user.dir=/Users/t719628/Documents/Douglas/Github/BuckDemo, java.nio.file.spi.DefaultFileSystemProvider=com.facebook.buck.core.filesystems.BuckFileSystemProvider, line.separator=
, java.vm.name=Java HotSpot(TM) 64-Bit Server VM, buck.path_to_typing=/usr/local/buck/third-party/py/typing/python2, buck.native_exopackage_fake_path=/usr/local/buck/assets/android/native-exopackage-fakes.apk, file.encoding=UTF-8, java.specification.version=1.8}
[2020-01-17 18:52:02.932][debug][command:null][tid:01][com.facebook.buck.util.config.Configs] Loading configuration for /Users/t719628/Documents/Douglas/Github/BuckDemo
[2020-01-17 18:52:02.933][debug][command:null][tid:01][com.facebook.buck.util.config.Configs] Loaded project configuration file /Users/t719628/Documents/Douglas/Github/BuckDemo/.buckconfig
[2020-01-17 18:52:02.934][debug][command:null][tid:01][com.facebook.buck.util.config.Configs] Adding configuration overrides RawConfig{values={}}
[2020-01-17 18:52:03.026][debug][command:null][tid:01][com.facebook.buck.cli.MainRunner] Not using Watchman, context present: false, glob handler: PYTHON
[2020-01-17 18:52:03.043][info ][command:null][tid:01][com.facebook.buck.core.plugin.impl.DefaultBuckPluginManager] Time to load instances of interface com.facebook.buck.core.rules.config.ConfigurationRuleDescriptionProvider: 16
[2020-01-17 18:52:03.077][info ][command:null][tid:01][com.facebook.buck.core.plugin.impl.DefaultBuckPluginManager] Time to load instances of interface com.facebook.buck.core.toolchain.ToolchainSupplier: 20
[2020-01-17 18:52:03.292][debug][command:null][tid:01][com.facebook.buck.support.state.BuckGlobalStateLifecycleManager] Starting up daemon state for project root [/Users/t719628/Documents/Douglas/Github/BuckDemo]
[2020-01-17 18:52:03.387][debug][command:null][tid:01][com.facebook.buck.support.state.BuckGlobalStateFactory] Falling back to named cursors: {}
[2020-01-17 18:52:03.387][debug][command:null][tid:01][com.facebook.buck.support.state.BuckGlobalStateFactory] Using Watchman Cursor: {}
[2020-01-17 18:52:03.389][debug][command:null][tid:15][com.facebook.buck.io.AsynchronousDirectoryContentsCleaner] Starting to clean /Users/t719628/Documents/Douglas/Github/BuckDemo/buck-out/.trash
[2020-01-17 18:52:03.395][debug][command:null][tid:15][com.facebook.buck.io.AsynchronousDirectoryContentsCleaner] Done cleaning /Users/t719628/Documents/Douglas/Github/BuckDemo/buck-out/.trash
[2020-01-17 18:52:03.531][debug][command:5f19ca86-ccac-49c4-870e-eea9da2d3b5f][tid:01][com.facebook.buck.event.listener.RenderingConsole] Starting render scheduler (interval 100 ms)
[2020-01-17 18:52:03.546][debug][command:null][tid:19][com.facebook.buck.util.perf.ProcessTracker] startUp
[2020-01-17 18:52:03.572][debug][command:5f19ca86-ccac-49c4-870e-eea9da2d3b5f][tid:01][com.facebook.buck.util.environment.MacWifiSsidFinder] Getting current SSID..
[2020-01-17 18:52:03.604][debug][command:5f19ca86-ccac-49c4-870e-eea9da2d3b5f][tid:01][com.facebook.buck.util.environment.MacWifiSsidFinder] Getting SSID from Wi-Fi interface: <CWInterface: 0x7fc225608a00> [interfaceName=en0]
[2020-01-17 18:52:03.605][debug][command:5f19ca86-ccac-49c4-870e-eea9da2d3b5f][tid:01][com.facebook.buck.util.environment.MacWifiSsidFinder] Found SSID: WLANGSNET
[2020-01-17 18:52:03.732][debug][command:5f19ca86-ccac-49c4-870e-eea9da2d3b5f][tid:01][com.facebook.buck.util.randomizedtrial.RandomizedTrial] Determined key: 't719628@mact719628/depsaware_executor/5f19ca86-ccac-49c4-870e-eea9da2d3b5f'
[2020-01-17 18:52:03.751][debug][command:5f19ca86-ccac-49c4-870e-eea9da2d3b5f][tid:01][com.facebook.buck.cli.MainRunner] InvocationInfo BuildId=[5f19ca86-ccac-49c4-870e-eea9da2d3b5f] Args=[build, //BuckDemo:BuckDemo]
[2020-01-17 18:52:03.796][info ][command:5f19ca86-ccac-49c4-870e-eea9da2d3b5f][tid:01][com.facebook.buck.support.build.report.BuildReportUtils] Build report is not enabled
[2020-01-17 18:52:03.867][info ][command:5f19ca86-ccac-49c4-870e-eea9da2d3b5f][tid:01][com.facebook.buck.support.build.report.BuildReportUtils] Build report is not enabled
[2020-01-17 18:52:03.867][warn ][command:null][tid:23][com.facebook.buck.event.listener.PublicAnnouncementManager] Failed to get public announcements. Reason: Failed to establish connection to server.
[2020-01-17 18:52:03.873][debug][command:null][tid:24][com.facebook.buck.util.environment.MacNetworkConfiguration] Determine network service order and extract device names
[2020-01-17 18:52:03.877][debug][command:null][tid:24][com.facebook.buck.util.ListeningProcessExecutor] Launching process with params ProcessExecutorParams{command=[networksetup, -listnetworkserviceorder, ]}
[2020-01-17 18:52:03.931][info ][command:5f19ca86-ccac-49c4-870e-eea9da2d3b5f][tid:20][com.facebook.buck.event.listener.LoggingBuildListener] Build started at 2020-01-17 18:52:03.931
[2020-01-17 18:52:03.932][debug][command:null][tid:24][com.facebook.buck.util.ListeningProcessExecutor] Successfully launched process com.zaxxer.nuprocess.osx.OsxProcess@2e812147
[2020-01-17 18:52:03.935][debug][command:null][tid:24][com.facebook.buck.util.ListeningProcessExecutor] Waiting for process com.facebook.buck.util.ListeningProcessExecutor$LaunchedProcessImpl@20253207 timeout 1000 MILLISECONDS
[2020-01-17 18:52:03.978][debug][command:null][tid:24][com.facebook.buck.util.ListeningProcessExecutor] Wait for process returned 0
[2020-01-17 18:52:03.978][debug][command:null][tid:24][com.facebook.buck.util.ListeningProcessExecutor] Destroying process com.facebook.buck.util.ListeningProcessExecutor$LaunchedProcessImpl@20253207 (force true)
[2020-01-17 18:52:03.978][debug][command:null][tid:24][com.facebook.buck.util.environment.MacNetworkConfiguration] Determine active state of media for device
[2020-01-17 18:52:03.978][debug][command:null][tid:24][com.facebook.buck.util.ListeningProcessExecutor] Launching process with params ProcessExecutorParams{command=[networksetup, -getMedia, en5]}
[2020-01-17 18:52:03.981][debug][command:null][tid:24][com.facebook.buck.util.ListeningProcessExecutor] Successfully launched process com.zaxxer.nuprocess.osx.OsxProcess@684fa5af
[2020-01-17 18:52:03.984][debug][command:null][tid:24][com.facebook.buck.util.ListeningProcessExecutor] Waiting for process com.facebook.buck.util.ListeningProcessExecutor$LaunchedProcessImpl@29f74902 timeout 1000 MILLISECONDS
[2020-01-17 18:52:04.000][debug][command:5f19ca86-ccac-49c4-870e-eea9da2d3b5f][tid:01][com.facebook.buck.parser.DaemonicParserState] Starting to invalidate caches for /Users/t719628/Documents/Douglas/Github/BuckDemo..
[2020-01-17 18:52:04.000][debug][command:5f19ca86-ccac-49c4-870e-eea9da2d3b5f][tid:01][com.facebook.buck.parser.DaemonicParserState] Cell caches were empty, no data invalidated.
[2020-01-17 18:52:04.022][debug][command:null][tid:24][com.facebook.buck.util.ListeningProcessExecutor] Wait for process returned 4
[2020-01-17 18:52:04.022][debug][command:null][tid:24][com.facebook.buck.util.ListeningProcessExecutor] Destroying process com.facebook.buck.util.ListeningProcessExecutor$LaunchedProcessImpl@29f74902 (force true)
[2020-01-17 18:52:04.022][debug][command:null][tid:24][com.facebook.buck.util.environment.MacNetworkConfiguration] Determine active state of media for device
[2020-01-17 18:52:04.022][debug][command:null][tid:24][com.facebook.buck.util.ListeningProcessExecutor] Launching process with params ProcessExecutorParams{command=[networksetup, -getMedia, en4]}
[2020-01-17 18:52:04.023][debug][command:5f19ca86-ccac-49c4-870e-eea9da2d3b5f][tid:38][com.facebook.buck.io.ExecutableFinder] Executable 'python2' mapped to 'Optional[/usr/bin/python2]'
[2020-01-17 18:52:04.025][debug][command:null][tid:24][com.facebook.buck.util.ListeningProcessExecutor] Successfully launched process com.zaxxer.nuprocess.osx.OsxProcess@6c174f72
[2020-01-17 18:52:04.027][debug][command:null][tid:24][com.facebook.buck.util.ListeningProcessExecutor] Waiting for process com.facebook.buck.util.ListeningProcessExecutor$LaunchedProcessImpl@6adc302e timeout 1000 MILLISECONDS
[2020-01-17 18:52:04.066][debug][command:null][tid:24][com.facebook.buck.util.ListeningProcessExecutor] Wait for process returned 4
[2020-01-17 18:52:04.066][debug][command:null][tid:24][com.facebook.buck.util.ListeningProcessExecutor] Destroying process com.facebook.buck.util.ListeningProcessExecutor$LaunchedProcessImpl@6adc302e (force true)
[2020-01-17 18:52:04.067][debug][command:null][tid:24][com.facebook.buck.util.environment.MacNetworkConfiguration] Determine active state of media for device
[2020-01-17 18:52:04.067][debug][command:null][tid:24][com.facebook.buck.util.ListeningProcessExecutor] Launching process with params ProcessExecutorParams{command=[networksetup, -getMedia, en0]}
[2020-01-17 18:52:04.071][debug][command:null][tid:24][com.facebook.buck.util.ListeningProcessExecutor] Successfully launched process com.zaxxer.nuprocess.osx.OsxProcess@1ffe19a7
[2020-01-17 18:52:04.072][info ][command:5f19ca86-ccac-49c4-870e-eea9da2d3b5f][tid:38][com.facebook.buck.core.plugin.impl.DefaultBuckPluginManager] Time to load instances of interface com.facebook.buck.core.model.targetgraph.DescriptionProvider: 43
[2020-01-17 18:52:04.073][debug][command:null][tid:24][com.facebook.buck.util.ListeningProcessExecutor] Waiting for process com.facebook.buck.util.ListeningProcessExecutor$LaunchedProcessImpl@109d7c6e timeout 1000 MILLISECONDS
[2020-01-17 18:52:04.111][debug][command:null][tid:24][com.facebook.buck.util.ListeningProcessExecutor] Wait for process returned 0
[2020-01-17 18:52:04.111][debug][command:null][tid:24][com.facebook.buck.util.ListeningProcessExecutor] Destroying process com.facebook.buck.util.ListeningProcessExecutor$LaunchedProcessImpl@109d7c6e (force true)
[2020-01-17 18:52:04.112][debug][command:null][tid:24][com.facebook.buck.util.environment.MacNetworkConfiguration] Determine WiFi SSID of device
[2020-01-17 18:52:04.112][debug][command:null][tid:24][com.facebook.buck.util.ListeningProcessExecutor] Launching process with params ProcessExecutorParams{command=[networksetup, -getairportnetwork, en0]}
[2020-01-17 18:52:04.114][debug][command:null][tid:24][com.facebook.buck.util.ListeningProcessExecutor] Successfully launched process com.zaxxer.nuprocess.osx.OsxProcess@722bdb8
[2020-01-17 18:52:04.116][debug][command:null][tid:24][com.facebook.buck.util.ListeningProcessExecutor] Waiting for process com.facebook.buck.util.ListeningProcessExecutor$LaunchedProcessImpl@69da47db timeout 1000 MILLISECONDS
[2020-01-17 18:52:04.155][debug][command:null][tid:24][com.facebook.buck.util.ListeningProcessExecutor] Wait for process returned 0
[2020-01-17 18:52:04.155][debug][command:null][tid:24][com.facebook.buck.util.ListeningProcessExecutor] Destroying process com.facebook.buck.util.ListeningProcessExecutor$LaunchedProcessImpl@69da47db (force true)
[2020-01-17 18:52:04.232][info ][command:5f19ca86-ccac-49c4-870e-eea9da2d3b5f][tid:38][com.facebook.buck.core.plugin.impl.DefaultBuckPluginManager] Time to load instances of interface com.facebook.buck.apple.XCodeDescriptionClassSupplier: 7
[2020-01-17 18:52:04.285][info ][command:5f19ca86-ccac-49c4-870e-eea9da2d3b5f][tid:38][com.facebook.buck.core.plugin.impl.DefaultBuckPluginManager] Time to load instances of interface com.facebook.buck.core.model.targetgraph.BuiltInProviderProvider: 4
[2020-01-17 18:52:04.748][debug][command:5f19ca86-ccac-49c4-870e-eea9da2d3b5f][tid:46][com.facebook.buck.apple.toolchain.impl.AppleToolchainDiscovery] Searching for Xcode toolchains under /Library/Developer/CommandLineTools/Toolchains
[2020-01-17 18:52:04.749][debug][command:5f19ca86-ccac-49c4-870e-eea9da2d3b5f][tid:46][com.facebook.buck.apple.toolchain.impl.AppleToolchainDiscovery] Skipping toolchain search path /Library/Developer/CommandLineTools/Toolchains that does not exist
[2020-01-17 18:52:04.752][debug][command:5f19ca86-ccac-49c4-870e-eea9da2d3b5f][tid:46][com.facebook.buck.apple.toolchain.impl.AppleSdkDiscovery] Searching for Xcode platforms under /Library/Developer/CommandLineTools/Platforms
[2020-01-17 18:52:04.754][debug][command:5f19ca86-ccac-49c4-870e-eea9da2d3b5f][tid:46][com.facebook.buck.apple.toolchain.impl.AppleSdkDiscovery] Skipping platform search path /Library/Developer/CommandLineTools/Platforms that does not exist
[2020-01-17 18:52:04.766][info ][command:5f19ca86-ccac-49c4-870e-eea9da2d3b5f][tid:46][com.facebook.buck.core.toolchain.impl.DefaultToolchainProvider] Cannot create a toolchain: android-ndk-location (UnconfiguredTargetConfiguration). Cause: Android NDK could not be found. Make sure to set one of these  environment variables: ANDROID_NDK_REPOSITORY, ANDROID_NDK, or NDK_HOME or ndk.ndk_path or ndk.ndk_repository_path in your .buckconfig
[2020-01-17 18:52:04.767][info ][command:5f19ca86-ccac-49c4-870e-eea9da2d3b5f][tid:46][com.facebook.buck.core.toolchain.impl.DefaultToolchainProvider] Cannot create a toolchain: ndk-cxx-platforms (UnconfiguredTargetConfiguration). Cause: Android NDK could not be found. Make sure to set one of these  environment variables: ANDROID_NDK_REPOSITORY, ANDROID_NDK, or NDK_HOME or ndk.ndk_path or ndk.ndk_repository_path in your .buckconfig
[2020-01-17 18:52:04.768][debug][command:5f19ca86-ccac-49c4-870e-eea9da2d3b5f][tid:46][com.facebook.buck.io.ExecutableFinder] Executable 'clang' mapped to 'Optional[/usr/bin/clang]'
[2020-01-17 18:52:04.769][debug][command:5f19ca86-ccac-49c4-870e-eea9da2d3b5f][tid:46][com.facebook.buck.io.ExecutableFinder] Executable 'clang++' mapped to 'Optional[/usr/bin/clang++]'
[2020-01-17 18:52:04.797][info ][command:5f19ca86-ccac-49c4-870e-eea9da2d3b5f][tid:46][com.facebook.buck.cxx.toolchain.impl.CxxPlatforms] Couldn't find default platform iphonesimulator-x86_64, falling back to system default
[2020-01-17 18:52:04.833][debug][command:5f19ca86-ccac-49c4-870e-eea9da2d3b5f][tid:01][com.facebook.buck.core.model.actiongraph.computation.ActionGraphProvider] Computing TargetGraph HashCode...
[2020-01-17 18:52:04.834][info ][command:5f19ca86-ccac-49c4-870e-eea9da2d3b5f][tid:01][com.facebook.buck.core.model.actiongraph.computation.ActionGraphProvider] ActionGraph cache miss. Cache was empty.
[2020-01-17 18:52:04.841][debug][command:5f19ca86-ccac-49c4-870e-eea9da2d3b5f][tid:01][com.facebook.buck.core.model.actiongraph.computation.ParallelActionGraphFactory] start target graph walk
[2020-01-17 18:52:04.912][debug][command:null][tid:58][com.facebook.buck.cxx.toolchain.CxxToolProvider] Output of [/usr/bin/clang, --version]: [Apple clang version 11.0.0 (clang-1100.0.33.17), Target: x86_64-apple-darwin19.0.0, Thread model: posix, InstalledDir: /Library/Developer/CommandLineTools/usr/bin, ]
[2020-01-17 18:52:04.935][debug][command:null][tid:58][com.facebook.buck.cxx.toolchain.CxxToolProvider] Output of [/usr/bin/clang++, --version]: [Apple clang version 11.0.0 (clang-1100.0.33.17), Target: x86_64-apple-darwin19.0.0, Thread model: posix, InstalledDir: /Library/Developer/CommandLineTools/usr/bin, ]
[2020-01-17 18:52:04.994][debug][command:null][tid:58][com.facebook.buck.core.rulekey.MissingExcludeReporter] Field com.facebook.buck.rules.args.ImmutableSourcePathArg.path should be annotated with @AddToRuleKey or @ExcludeFromRuleKey.
[2020-01-17 18:52:05.002][debug][command:null][tid:60][com.facebook.buck.apple.toolchain.impl.ProvisioningProfileStoreFactory] Provisioning profile search path: /Users/t719628/Library/MobileDevice/Provisioning Profiles
[2020-01-17 18:52:05.006][info ][command:5f19ca86-ccac-49c4-870e-eea9da2d3b5f][tid:20][com.facebook.buck.event.listener.LoggingBuildListener] Build finished at 2020-01-17 18:52:05.005
[2020-01-17 18:52:05.016][info ][command:5f19ca86-ccac-49c4-870e-eea9da2d3b5f][tid:20][com.facebook.buck.event.listener.AbstractConsoleEventBusListener] 
Top slow rules: Buck didn't spend time in rules.
[2020-01-17 18:52:05.016][info ][command:5f19ca86-ccac-49c4-870e-eea9da2d3b5f][tid:20][com.facebook.buck.event.listener.CriticalPathEventListener] Received command finished event for command : build
[2020-01-17 18:52:05.017][info ][command:null][tid:27][com.facebook.buck.core.graph.transformation.executor.impl.AbstractDepsAwareExecutor] Worker was interrupted
[2020-01-17 18:52:05.017][info ][command:null][tid:29][com.facebook.buck.core.graph.transformation.executor.impl.AbstractDepsAwareExecutor] Worker was interrupted
[2020-01-17 18:52:05.017][info ][command:null][tid:30][com.facebook.buck.core.graph.transformation.executor.impl.AbstractDepsAwareExecutor] Worker was interrupted
[2020-01-17 18:52:05.017][info ][command:null][tid:26][com.facebook.buck.core.graph.transformation.executor.impl.AbstractDepsAwareExecutor] Worker was interrupted
[2020-01-17 18:52:05.018][info ][command:null][tid:32][com.facebook.buck.core.graph.transformation.executor.impl.AbstractDepsAwareExecutor] Worker was interrupted
[2020-01-17 18:52:05.018][info ][command:null][tid:33][com.facebook.buck.core.graph.transformation.executor.impl.AbstractDepsAwareExecutor] Worker was interrupted
[2020-01-17 18:52:05.018][info ][command:null][tid:34][com.facebook.buck.core.graph.transformation.executor.impl.AbstractDepsAwareExecutor] Worker was interrupted
[2020-01-17 18:52:05.017][info ][command:null][tid:31][com.facebook.buck.core.graph.transformation.executor.impl.AbstractDepsAwareExecutor] Worker was interrupted
[2020-01-17 18:52:05.023][debug][command:5f19ca86-ccac-49c4-870e-eea9da2d3b5f][tid:19][com.facebook.buck.util.perf.ProcessTracker] shutDown
[2020-01-17 18:52:05.024][debug][command:5f19ca86-ccac-49c4-870e-eea9da2d3b5f][tid:01][com.facebook.buck.event.listener.RenderingConsole] Stopping render scheduler
[2020-01-17 18:52:05.025][info ][command:5f19ca86-ccac-49c4-870e-eea9da2d3b5f][tid:01][com.facebook.buck.event.listener.AbstractConsoleEventBusListener] 
Top slow rules: Buck didn't spend time in rules.
[2020-01-17 18:52:05.030][info ][command:5f19ca86-ccac-49c4-870e-eea9da2d3b5f][tid:01][com.facebook.buck.cli.MainRunner] Awaiting termination of PROJECT executor service. Waiting for all jobs to complete, or up to maximum of 60 seconds...
[2020-01-17 18:52:05.030][info ][command:5f19ca86-ccac-49c4-870e-eea9da2d3b5f][tid:01][com.facebook.buck.cli.MainRunner] Successfully terminated PROJECT executor service.
[2020-01-17 18:52:05.030][info ][command:5f19ca86-ccac-49c4-870e-eea9da2d3b5f][tid:01][com.facebook.buck.cli.MainRunner] Awaiting termination of NETWORK executor service. Waiting for all jobs to complete, or up to maximum of 60 seconds...
[2020-01-17 18:52:05.030][info ][command:5f19ca86-ccac-49c4-870e-eea9da2d3b5f][tid:01][com.facebook.buck.cli.MainRunner] Successfully terminated NETWORK executor service.
[2020-01-17 18:52:05.031][info ][command:5f19ca86-ccac-49c4-870e-eea9da2d3b5f][tid:01][com.facebook.buck.cli.MainRunner] Awaiting termination of GRAPH_CPU executor service. Waiting for all jobs to complete, or up to maximum of 60 seconds...
[2020-01-17 18:52:05.031][info ][command:5f19ca86-ccac-49c4-870e-eea9da2d3b5f][tid:01][com.facebook.buck.cli.MainRunner] Successfully terminated GRAPH_CPU executor service.
[2020-01-17 18:52:05.031][info ][command:5f19ca86-ccac-49c4-870e-eea9da2d3b5f][tid:01][com.facebook.buck.cli.MainRunner] Awaiting termination of CPU executor service. Waiting for all jobs to complete, or up to maximum of 60 seconds...
[2020-01-17 18:52:05.031][info ][command:5f19ca86-ccac-49c4-870e-eea9da2d3b5f][tid:01][com.facebook.buck.cli.MainRunner] Successfully terminated CPU executor service.
[2020-01-17 18:52:05.032][info ][command:5f19ca86-ccac-49c4-870e-eea9da2d3b5f][tid:01][com.facebook.buck.cli.MainRunner] Awaiting termination of ScheduledExecutorService executor service. Waiting for all jobs to complete, or up to maximum of 60 seconds...
[2020-01-17 18:52:05.032][info ][command:5f19ca86-ccac-49c4-870e-eea9da2d3b5f][tid:01][com.facebook.buck.cli.MainRunner] Successfully terminated ScheduledExecutorService executor service.
[2020-01-17 18:52:05.033][info ][command:5f19ca86-ccac-49c4-870e-eea9da2d3b5f][tid:01][com.facebook.buck.cli.MainRunner] Awaiting termination of CounterAggregatorExecutor executor service. Waiting for all jobs to complete, or up to maximum of 20 seconds...
[2020-01-17 18:52:05.033][info ][command:5f19ca86-ccac-49c4-870e-eea9da2d3b5f][tid:01][com.facebook.buck.cli.MainRunner] Successfully terminated CounterAggregatorExecutor executor service.
[2020-01-17 18:52:05.033][info ][command:5f19ca86-ccac-49c4-870e-eea9da2d3b5f][tid:01][com.facebook.buck.cli.MainRunner] Awaiting termination of HTTP Read executor service. Waiting for all jobs to complete, or up to maximum of 1800 seconds...
[2020-01-17 18:52:05.033][info ][command:5f19ca86-ccac-49c4-870e-eea9da2d3b5f][tid:01][com.facebook.buck.cli.MainRunner] Successfully terminated HTTP Read executor service.
[2020-01-17 18:52:05.034][info ][command:5f19ca86-ccac-49c4-870e-eea9da2d3b5f][tid:01][com.facebook.buck.cli.MainRunner] Awaiting termination of HTTP Write executor service. Waiting for all jobs to complete, or up to maximum of 1800 seconds...
[2020-01-17 18:52:05.034][info ][command:5f19ca86-ccac-49c4-870e-eea9da2d3b5f][tid:01][com.facebook.buck.cli.MainRunner] Successfully terminated HTTP Write executor service.
[2020-01-17 18:52:05.034][info ][command:5f19ca86-ccac-49c4-870e-eea9da2d3b5f][tid:01][com.facebook.buck.cli.MainRunner] Awaiting termination of Disk IO executor service. Waiting for all jobs to complete, or up to maximum of 10 seconds...
[2020-01-17 18:52:05.034][info ][command:5f19ca86-ccac-49c4-870e-eea9da2d3b5f][tid:01][com.facebook.buck.cli.MainRunner] Successfully terminated Disk IO executor service.
[2020-01-17 18:52:05.038][info ][command:5f19ca86-ccac-49c4-870e-eea9da2d3b5f][tid:01][com.facebook.buck.cli.MainRunner] Auto fixing is not enabled for command build
[2020-01-17 18:52:05.066][debug][command:null][tid:63][com.facebook.buck.event.listener.ChromeTraceBuildListener] Writing Chrome trace to buck-out/log/2020-01-17_20h52m03s_buildcommand_5f19ca86-ccac-49c4-870e-eea9da2d3b5f/build.2020-01-17.18-52-03.5f19ca86-ccac-49c4-870e-eea9da2d3b5f.trace
[2020-01-17 18:52:05.074][warn ][command:null][tid:01][com.facebook.buck.cli.MainRunner] Command failed:
com.facebook.buck.core.exceptions.BuckUncheckedExecutionException: null: java.util.concurrent.ExecutionException: com.facebook.buck.core.exceptions.BuckUncheckedExecutionException: When creating rule //BuckDemo:BuckDemo.: com.facebook.buck.core.exceptions.BuckUncheckedExecutionException: null: java.util.concurrent.ExecutionException: com.facebook.buck.core.exceptions.BuckUncheckedExecutionException: When creating rule //BuckDemo:BuckDemo#dwarf-and-dsym.: com.facebook.buck.core.exceptions.BuckUncheckedExecutionException: null: java.util.concurrent.ExecutionException: com.facebook.buck.core.exceptions.BuckUncheckedExecutionException: When creating rule //BuckDemo:BuckDemo#dwarf-and-dsym,no-include-frameworks.: com.facebook.buck.core.exceptions.HumanReadableException: //BuckDemo:BuckDemo#dwarf-and-dsym,no-include-frameworks: Apple bundle requires an Apple platform, found 'default'

A common cause of this error is that the required SDK is missing.
Please check whether it's installed and retry.
Original exception: "Apple C++ Platform" has no flavor "default"; available ones: 
	at com.facebook.buck.util.concurrent.MoreFutures.getUncheckedInterruptibly(MoreFutures.java:192)
	at com.facebook.buck.core.model.actiongraph.computation.ParallelActionGraphFactory.create(ParallelActionGraphFactory.java:105)
	at com.facebook.buck.core.model.actiongraph.computation.ActionGraphFactory.createActionGraph(ActionGraphFactory.java:149)
	at com.facebook.buck.core.model.actiongraph.computation.ActionGraphProvider.createActionGraph(ActionGraphProvider.java:209)
	at com.facebook.buck.core.model.actiongraph.computation.ActionGraphProvider.getActionGraph(ActionGraphProvider.java:152)
	at com.facebook.buck.cli.BuildCommand.createActionGraphAndResolver(BuildCommand.java:832)
	at com.facebook.buck.cli.BuildCommand.createGraphsAndTargets(BuildCommand.java:412)
	at com.facebook.buck.cli.BuildCommand.executeBuildAndProcessResult(BuildCommand.java:476)
	at com.facebook.buck.cli.BuildCommand.run(BuildCommand.java:361)
	at com.facebook.buck.cli.BuildCommand.runWithoutHelpInternal(BuildCommand.java:303)
	at com.facebook.buck.cli.BuildCommand.runWithoutHelp(BuildCommand.java:285)
	at com.facebook.buck.cli.AbstractCommand.run(AbstractCommand.java:277)
	at com.facebook.buck.cli.AbstractContainerCommand.run(AbstractContainerCommand.java:90)
	at com.facebook.buck.cli.MainRunner.runMainWithExitCode(MainRunner.java:1443)
	at com.facebook.buck.cli.MainRunner.runMainThenExit(MainRunner.java:478)
	at com.facebook.buck.cli.MainWithoutNailgun.main(MainWithoutNailgun.java:57)
	at sun.reflect.NativeMethodAccessorImpl.invoke0(Native Method)
	at sun.reflect.NativeMethodAccessorImpl.invoke(NativeMethodAccessorImpl.java:62)
	at sun.reflect.DelegatingMethodAccessorImpl.invoke(DelegatingMethodAccessorImpl.java:43)
	at java.lang.reflect.Method.invoke(Method.java:498)
	at com.facebook.buck.cli.bootstrapper.ClassLoaderBootstrapper.main(ClassLoaderBootstrapper.java:55)
Caused by: java.util.concurrent.ExecutionException: com.facebook.buck.core.exceptions.BuckUncheckedExecutionException: When creating rule //BuckDemo:BuckDemo.: com.facebook.buck.core.exceptions.BuckUncheckedExecutionException: null: java.util.concurrent.ExecutionException: com.facebook.buck.core.exceptions.BuckUncheckedExecutionException: When creating rule //BuckDemo:BuckDemo#dwarf-and-dsym.: com.facebook.buck.core.exceptions.BuckUncheckedExecutionException: null: java.util.concurrent.ExecutionException: com.facebook.buck.core.exceptions.BuckUncheckedExecutionException: When creating rule //BuckDemo:BuckDemo#dwarf-and-dsym,no-include-frameworks.: com.facebook.buck.core.exceptions.HumanReadableException: //BuckDemo:BuckDemo#dwarf-and-dsym,no-include-frameworks: Apple bundle requires an Apple platform, found 'default'

A common cause of this error is that the required SDK is missing.
Please check whether it's installed and retry.
Original exception: "Apple C++ Platform" has no flavor "default"; available ones: 
	at com.google.common.util.concurrent.AbstractFuture.getDoneValue(AbstractFuture.java:528)
	at com.google.common.util.concurrent.AbstractFuture.get(AbstractFuture.java:507)
	at com.google.common.util.concurrent.AbstractFuture$TrustedFuture.get(AbstractFuture.java:85)
	at com.facebook.buck.util.concurrent.MoreFutures.getUncheckedInterruptibly(MoreFutures.java:187)
	... 20 more
Caused by: com.facebook.buck.core.exceptions.BuckUncheckedExecutionException: When creating rule //BuckDemo:BuckDemo.: com.facebook.buck.core.exceptions.BuckUncheckedExecutionException: null: java.util.concurrent.ExecutionException: com.facebook.buck.core.exceptions.BuckUncheckedExecutionException: When creating rule //BuckDemo:BuckDemo#dwarf-and-dsym.: com.facebook.buck.core.exceptions.BuckUncheckedExecutionException: null: java.util.concurrent.ExecutionException: com.facebook.buck.core.exceptions.BuckUncheckedExecutionException: When creating rule //BuckDemo:BuckDemo#dwarf-and-dsym,no-include-frameworks.: com.facebook.buck.core.exceptions.HumanReadableException: //BuckDemo:BuckDemo#dwarf-and-dsym,no-include-frameworks: Apple bundle requires an Apple platform, found 'default'

A common cause of this error is that the required SDK is missing.
Please check whether it's installed and retry.
Original exception: "Apple C++ Platform" has no flavor "default"; available ones: 
	at com.facebook.buck.core.rules.transformer.impl.DefaultTargetNodeToBuildRuleTransformer.transform(DefaultTargetNodeToBuildRuleTransformer.java:114)
	at com.facebook.buck.core.rules.transformer.TargetNodeToBuildRuleTransformer.transform(TargetNodeToBuildRuleTransformer.java:40)
	at com.facebook.buck.core.rules.resolver.impl.MultiThreadedActionGraphBuilder.lambda$17(MultiThreadedActionGraphBuilder.java:241)
	at com.facebook.buck.core.rules.resolver.impl.MultiThreadedActionGraphBuilder.lambda$19(MultiThreadedActionGraphBuilder.java:283)
	at com.facebook.buck.core.rules.resolver.impl.MultiThreadedActionGraphBuilder.lambda$16(MultiThreadedActionGraphBuilder.java:247)
	at com.facebook.buck.core.rules.resolver.impl.MultiThreadedActionGraphBuilder$Task.tryComplete(MultiThreadedActionGraphBuilder.java:344)
	at com.facebook.buck.core.rules.resolver.impl.MultiThreadedActionGraphBuilder$Task.tryComplete(MultiThreadedActionGraphBuilder.java:333)
	at java.util.concurrent.ThreadPoolExecutor.runWorker(ThreadPoolExecutor.java:1149)
	at java.util.concurrent.ThreadPoolExecutor$Worker.run(ThreadPoolExecutor.java:624)
	at java.lang.Thread.run(Thread.java:748)
Caused by: com.facebook.buck.core.exceptions.BuckUncheckedExecutionException: null: java.util.concurrent.ExecutionException: com.facebook.buck.core.exceptions.BuckUncheckedExecutionException: When creating rule //BuckDemo:BuckDemo#dwarf-and-dsym.: com.facebook.buck.core.exceptions.BuckUncheckedExecutionException: null: java.util.concurrent.ExecutionException: com.facebook.buck.core.exceptions.BuckUncheckedExecutionException: When creating rule //BuckDemo:BuckDemo#dwarf-and-dsym,no-include-frameworks.: com.facebook.buck.core.exceptions.HumanReadableException: //BuckDemo:BuckDemo#dwarf-and-dsym,no-include-frameworks: Apple bundle requires an Apple platform, found 'default'

A common cause of this error is that the required SDK is missing.
Please check whether it's installed and retry.
Original exception: "Apple C++ Platform" has no flavor "default"; available ones: 
	at com.facebook.buck.util.concurrent.MoreFutures.getUncheckedInterruptibly(MoreFutures.java:192)
	at com.facebook.buck.core.rules.resolver.impl.MultiThreadedActionGraphBuilder$Task.get(MultiThreadedActionGraphBuilder.java:317)
	at com.facebook.buck.core.rules.resolver.impl.MultiThreadedActionGraphBuilder$Task.access$2(MultiThreadedActionGraphBuilder.java:315)
	at com.facebook.buck.core.rules.resolver.impl.MultiThreadedActionGraphBuilder.requireRule(MultiThreadedActionGraphBuilder.java:220)
	at com.facebook.buck.apple.AppleBundleDescription.createBuildRule(AppleBundleDescription.java:164)
	at com.facebook.buck.apple.AppleBundleDescription.createBuildRule(AppleBundleDescription.java:1)
	at com.facebook.buck.core.rules.transformer.impl.DefaultTargetNodeToBuildRuleTransformer.transform(DefaultTargetNodeToBuildRuleTransformer.java:112)
	... 9 more
Caused by: java.util.concurrent.ExecutionException: com.facebook.buck.core.exceptions.BuckUncheckedExecutionException: When creating rule //BuckDemo:BuckDemo#dwarf-and-dsym.: com.facebook.buck.core.exceptions.BuckUncheckedExecutionException: null: java.util.concurrent.ExecutionException: com.facebook.buck.core.exceptions.BuckUncheckedExecutionException: When creating rule //BuckDemo:BuckDemo#dwarf-and-dsym,no-include-frameworks.: com.facebook.buck.core.exceptions.HumanReadableException: //BuckDemo:BuckDemo#dwarf-and-dsym,no-include-frameworks: Apple bundle requires an Apple platform, found 'default'

A common cause of this error is that the required SDK is missing.
Please check whether it's installed and retry.
Original exception: "Apple C++ Platform" has no flavor "default"; available ones: 
	at com.google.common.util.concurrent.AbstractFuture.getDoneValue(AbstractFuture.java:528)
	at com.google.common.util.concurrent.AbstractFuture.get(AbstractFuture.java:487)
	at com.google.common.util.concurrent.AbstractFuture$TrustedFuture.get(AbstractFuture.java:85)
	at com.facebook.buck.util.concurrent.MoreFutures.getUncheckedInterruptibly(MoreFutures.java:187)
	... 15 more
Caused by: com.facebook.buck.core.exceptions.BuckUncheckedExecutionException: When creating rule //BuckDemo:BuckDemo#dwarf-and-dsym.: com.facebook.buck.core.exceptions.BuckUncheckedExecutionException: null: java.util.concurrent.ExecutionException: com.facebook.buck.core.exceptions.BuckUncheckedExecutionException: When creating rule //BuckDemo:BuckDemo#dwarf-and-dsym,no-include-frameworks.: com.facebook.buck.core.exceptions.HumanReadableException: //BuckDemo:BuckDemo#dwarf-and-dsym,no-include-frameworks: Apple bundle requires an Apple platform, found 'default'

A common cause of this error is that the required SDK is missing.
Please check whether it's installed and retry.
Original exception: "Apple C++ Platform" has no flavor "default"; available ones: 
	at com.facebook.buck.core.rules.transformer.impl.DefaultTargetNodeToBuildRuleTransformer.transform(DefaultTargetNodeToBuildRuleTransformer.java:114)
	at com.facebook.buck.core.rules.transformer.TargetNodeToBuildRuleTransformer.transform(TargetNodeToBuildRuleTransformer.java:40)
	at com.facebook.buck.core.rules.resolver.impl.MultiThreadedActionGraphBuilder.lambda$17(MultiThreadedActionGraphBuilder.java:241)
	at com.facebook.buck.core.rules.resolver.impl.MultiThreadedActionGraphBuilder.lambda$19(MultiThreadedActionGraphBuilder.java:283)
	at com.facebook.buck.core.rules.resolver.impl.MultiThreadedActionGraphBuilder.lambda$16(MultiThreadedActionGraphBuilder.java:247)
	at com.facebook.buck.core.rules.resolver.impl.MultiThreadedActionGraphBuilder$Task.tryComplete(MultiThreadedActionGraphBuilder.java:344)
	at com.facebook.buck.core.rules.resolver.impl.MultiThreadedActionGraphBuilder$Task.tryComplete(MultiThreadedActionGraphBuilder.java:333)
	at com.facebook.buck.core.rules.resolver.impl.MultiThreadedActionGraphBuilder$Task.get(MultiThreadedActionGraphBuilder.java:316)
	... 14 more
Caused by: com.facebook.buck.core.exceptions.BuckUncheckedExecutionException: null: java.util.concurrent.ExecutionException: com.facebook.buck.core.exceptions.BuckUncheckedExecutionException: When creating rule //BuckDemo:BuckDemo#dwarf-and-dsym,no-include-frameworks.: com.facebook.buck.core.exceptions.HumanReadableException: //BuckDemo:BuckDemo#dwarf-and-dsym,no-include-frameworks: Apple bundle requires an Apple platform, found 'default'

A common cause of this error is that the required SDK is missing.
Please check whether it's installed and retry.
Original exception: "Apple C++ Platform" has no flavor "default"; available ones: 
	at com.facebook.buck.util.concurrent.MoreFutures.getUncheckedInterruptibly(MoreFutures.java:192)
	at com.facebook.buck.core.rules.resolver.impl.MultiThreadedActionGraphBuilder$Task.get(MultiThreadedActionGraphBuilder.java:317)
	at com.facebook.buck.core.rules.resolver.impl.MultiThreadedActionGraphBuilder$Task.access$2(MultiThreadedActionGraphBuilder.java:315)
	at com.facebook.buck.core.rules.resolver.impl.MultiThreadedActionGraphBuilder.requireRule(MultiThreadedActionGraphBuilder.java:220)
	at com.facebook.buck.apple.AppleBundleDescription.createBuildRule(AppleBundleDescription.java:169)
	at com.facebook.buck.apple.AppleBundleDescription.createBuildRule(AppleBundleDescription.java:1)
	at com.facebook.buck.core.rules.transformer.impl.DefaultTargetNodeToBuildRuleTransformer.transform(DefaultTargetNodeToBuildRuleTransformer.java:112)
	... 21 more
Caused by: java.util.concurrent.ExecutionException: com.facebook.buck.core.exceptions.BuckUncheckedExecutionException: When creating rule //BuckDemo:BuckDemo#dwarf-and-dsym,no-include-frameworks.: com.facebook.buck.core.exceptions.HumanReadableException: //BuckDemo:BuckDemo#dwarf-and-dsym,no-include-frameworks: Apple bundle requires an Apple platform, found 'default'

A common cause of this error is that the required SDK is missing.
Please check whether it's installed and retry.
Original exception: "Apple C++ Platform" has no flavor "default"; available ones: 
	at com.google.common.util.concurrent.AbstractFuture.getDoneValue(AbstractFuture.java:528)
	at com.google.common.util.concurrent.AbstractFuture.get(AbstractFuture.java:487)
	at com.google.common.util.concurrent.AbstractFuture$TrustedFuture.get(AbstractFuture.java:85)
	at com.facebook.buck.util.concurrent.MoreFutures.getUncheckedInterruptibly(MoreFutures.java:187)
	... 27 more
Caused by: com.facebook.buck.core.exceptions.BuckUncheckedExecutionException: When creating rule //BuckDemo:BuckDemo#dwarf-and-dsym,no-include-frameworks.: com.facebook.buck.core.exceptions.HumanReadableException: //BuckDemo:BuckDemo#dwarf-and-dsym,no-include-frameworks: Apple bundle requires an Apple platform, found 'default'

A common cause of this error is that the required SDK is missing.
Please check whether it's installed and retry.
Original exception: "Apple C++ Platform" has no flavor "default"; available ones: 
	at com.facebook.buck.core.rules.transformer.impl.DefaultTargetNodeToBuildRuleTransformer.transform(DefaultTargetNodeToBuildRuleTransformer.java:114)
	at com.facebook.buck.core.rules.transformer.TargetNodeToBuildRuleTransformer.transform(TargetNodeToBuildRuleTransformer.java:40)
	at com.facebook.buck.core.rules.resolver.impl.MultiThreadedActionGraphBuilder.lambda$17(MultiThreadedActionGraphBuilder.java:241)
	at com.facebook.buck.core.rules.resolver.impl.MultiThreadedActionGraphBuilder.lambda$19(MultiThreadedActionGraphBuilder.java:283)
	at com.facebook.buck.core.rules.resolver.impl.MultiThreadedActionGraphBuilder.lambda$16(MultiThreadedActionGraphBuilder.java:247)
	at com.facebook.buck.core.rules.resolver.impl.MultiThreadedActionGraphBuilder$Task.tryComplete(MultiThreadedActionGraphBuilder.java:344)
	at com.facebook.buck.core.rules.resolver.impl.MultiThreadedActionGraphBuilder$Task.tryComplete(MultiThreadedActionGraphBuilder.java:333)
	at com.facebook.buck.core.rules.resolver.impl.MultiThreadedActionGraphBuilder$Task.get(MultiThreadedActionGraphBuilder.java:316)
	... 26 more
Caused by: com.facebook.buck.core.exceptions.HumanReadableException: //BuckDemo:BuckDemo#dwarf-and-dsym,no-include-frameworks: Apple bundle requires an Apple platform, found 'default'

A common cause of this error is that the required SDK is missing.
Please check whether it's installed and retry.
Original exception: "Apple C++ Platform" has no flavor "default"; available ones: 
	at com.facebook.buck.apple.ApplePlatforms.getAppleCxxPlatformForBuildTarget(ApplePlatforms.java:74)
	at com.facebook.buck.apple.AppleDescriptions.createAppleBundle(AppleDescriptions.java:675)
	at com.facebook.buck.apple.AppleBundleDescription.createBuildRule(AppleBundleDescription.java:182)
	at com.facebook.buck.apple.AppleBundleDescription.createBuildRule(AppleBundleDescription.java:1)
	at com.facebook.buck.core.rules.transformer.impl.DefaultTargetNodeToBuildRuleTransformer.transform(DefaultTargetNodeToBuildRuleTransformer.java:112)
	... 33 more
Caused by: com.facebook.buck.core.model.FlavorDomainException: "Apple C++ Platform" has no flavor "default"; available ones: 
	at com.facebook.buck.core.model.FlavorDomain.getValue(FlavorDomain.java:182)
	at com.facebook.buck.apple.ApplePlatforms.getAppleCxxPlatformForBuildTarget(ApplePlatforms.java:72)
	... 37 more

[2020-01-17 18:52:05.079][warn ][command:null][tid:01][com.facebook.buck.util.Console] Command failure: //BuckDemo:BuckDemo#dwarf-and-dsym,no-include-frameworks: Apple bundle requires an Apple platform, found 'default'

A common cause of this error is that the required SDK is missing.
Please check whether it's installed and retry.
Original exception: "Apple C++ Platform" has no flavor "default"; available ones: 
    When creating rule //BuckDemo:BuckDemo#dwarf-and-dsym,no-include-frameworks.
    When creating rule //BuckDemo:BuckDemo#dwarf-and-dsym.
    When creating rule //BuckDemo:BuckDemo.
[2020-01-17 18:52:05.080][warn ][command:null][tid:01][com.facebook.buck.util.Console] Command failure: //BuckDemo:BuckDemo#dwarf-and-dsym,no-include-frameworks: Apple bundle requires an Apple platform, found 'default'

A common cause of this error is that the required SDK is missing.
Please check whether it's installed and retry.
Original exception: "Apple C++ Platform" has no flavor "default"; available ones: 
    When creating rule //BuckDemo:BuckDemo#dwarf-and-dsym,no-include-frameworks.
    When creating rule //BuckDemo:BuckDemo#dwarf-and-dsym.
    When creating rule //BuckDemo:BuckDemo.
[2020-01-17 18:52:05.085][debug][command:null][tid:01][com.facebook.buck.cli.MainRunner] Done.
