[2020-01-21 14:31:41.632][info ][command:null][tid:01][org.pf4j.DefaultPluginStatusProvider] Enabled plugins: []
[2020-01-21 14:31:41.736][info ][command:null][tid:01][org.pf4j.DefaultPluginStatusProvider] Disabled plugins: []
[2020-01-21 14:31:41.740][info ][command:null][tid:01][org.pf4j.DefaultPluginManager] PF4J version 2.0.0-SNAPSHOT in 'deployment' mode
[2020-01-21 14:31:41.806][info ][command:null][tid:01][org.pf4j.AbstractPluginManager] Plugin 'com.facebook.buck.features.python@0.0.1' resolved
[2020-01-21 14:31:41.806][info ][command:null][tid:01][org.pf4j.AbstractPluginManager] Plugin 'com.facebook.buck.features.lua@0.0.1' resolved
[2020-01-21 14:31:41.806][info ][command:null][tid:01][org.pf4j.AbstractPluginManager] Plugin 'com.facebook.buck.features.go@0.0.1' resolved
[2020-01-21 14:31:41.806][info ][command:null][tid:01][org.pf4j.AbstractPluginManager] Plugin 'com.facebook.buck.features.rust@0.0.1' resolved
[2020-01-21 14:31:41.806][info ][command:null][tid:01][org.pf4j.AbstractPluginManager] Plugin 'com.facebook.buck.features.haskell@0.0.1' resolved
[2020-01-21 14:31:41.806][info ][command:null][tid:01][org.pf4j.AbstractPluginManager] Plugin 'com.facebook.buck.features.dotnet@0.0.1' resolved
[2020-01-21 14:31:41.807][info ][command:null][tid:01][org.pf4j.AbstractPluginManager] Plugin 'com.facebook.buck.features.ocaml@0.0.1' resolved
[2020-01-21 14:31:41.807][info ][command:null][tid:01][org.pf4j.AbstractPluginManager] Plugin 'com.facebook.buck.features.halide@0.0.1' resolved
[2020-01-21 14:31:41.807][info ][command:null][tid:01][org.pf4j.AbstractPluginManager] Plugin 'com.facebook.buck.features.js@0.0.1' resolved
[2020-01-21 14:31:41.807][info ][command:null][tid:01][org.pf4j.AbstractPluginManager] Plugin 'com.facebook.buck.features.apple.project@0.0.1' resolved
[2020-01-21 14:31:41.807][info ][command:null][tid:01][org.pf4j.AbstractPluginManager] Plugin 'com.facebook.buck.features.d@0.0.1' resolved
[2020-01-21 14:31:41.807][info ][command:null][tid:01][org.pf4j.AbstractPluginManager] Plugin 'com.facebook.buck.features.gwt@0.0.1' resolved
[2020-01-21 14:31:41.807][info ][command:null][tid:01][org.pf4j.AbstractPluginManager] Plugin 'com.facebook.buck.features.filebundler@0.0.1' resolved
[2020-01-21 14:31:41.808][info ][command:null][tid:01][org.pf4j.AbstractPluginManager] Plugin 'com.facebook.buck.features.filegroup@0.0.1' resolved
[2020-01-21 14:31:41.808][info ][command:null][tid:01][org.pf4j.AbstractPluginManager] Plugin 'com.facebook.buck.features.zip.rules@0.0.1' resolved
[2020-01-21 14:31:41.808][info ][command:null][tid:01][org.pf4j.AbstractPluginManager] Plugin 'com.facebook.buck.features.project.intellij@0.0.1' resolved
[2020-01-21 14:31:41.808][info ][command:null][tid:01][org.pf4j.AbstractPluginManager] Start plugin 'com.facebook.buck.features.python@0.0.1'
[2020-01-21 14:31:41.810][info ][command:null][tid:01][org.pf4j.AbstractPluginManager] Start plugin 'com.facebook.buck.features.lua@0.0.1'
[2020-01-21 14:31:41.811][info ][command:null][tid:01][org.pf4j.AbstractPluginManager] Start plugin 'com.facebook.buck.features.go@0.0.1'
[2020-01-21 14:31:41.812][info ][command:null][tid:01][org.pf4j.AbstractPluginManager] Start plugin 'com.facebook.buck.features.rust@0.0.1'
[2020-01-21 14:31:41.813][info ][command:null][tid:01][org.pf4j.AbstractPluginManager] Start plugin 'com.facebook.buck.features.haskell@0.0.1'
[2020-01-21 14:31:41.814][info ][command:null][tid:01][org.pf4j.AbstractPluginManager] Start plugin 'com.facebook.buck.features.dotnet@0.0.1'
[2020-01-21 14:31:41.815][info ][command:null][tid:01][org.pf4j.AbstractPluginManager] Start plugin 'com.facebook.buck.features.ocaml@0.0.1'
[2020-01-21 14:31:41.816][info ][command:null][tid:01][org.pf4j.AbstractPluginManager] Start plugin 'com.facebook.buck.features.halide@0.0.1'
[2020-01-21 14:31:41.817][info ][command:null][tid:01][org.pf4j.AbstractPluginManager] Start plugin 'com.facebook.buck.features.js@0.0.1'
[2020-01-21 14:31:41.818][info ][command:null][tid:01][org.pf4j.AbstractPluginManager] Start plugin 'com.facebook.buck.features.apple.project@0.0.1'
[2020-01-21 14:31:41.819][info ][command:null][tid:01][org.pf4j.AbstractPluginManager] Start plugin 'com.facebook.buck.features.d@0.0.1'
[2020-01-21 14:31:41.820][info ][command:null][tid:01][org.pf4j.AbstractPluginManager] Start plugin 'com.facebook.buck.features.gwt@0.0.1'
[2020-01-21 14:31:41.821][info ][command:null][tid:01][org.pf4j.AbstractPluginManager] Start plugin 'com.facebook.buck.features.filebundler@0.0.1'
[2020-01-21 14:31:41.822][info ][command:null][tid:01][org.pf4j.AbstractPluginManager] Start plugin 'com.facebook.buck.features.filegroup@0.0.1'
[2020-01-21 14:31:41.823][info ][command:null][tid:01][org.pf4j.AbstractPluginManager] Start plugin 'com.facebook.buck.features.zip.rules@0.0.1'
[2020-01-21 14:31:41.823][info ][command:null][tid:01][org.pf4j.AbstractPluginManager] Start plugin 'com.facebook.buck.features.project.intellij@0.0.1'
[2020-01-21 14:31:42.576][debug][command:null][tid:01][com.facebook.buck.util.config.Configs] Loading configuration for /Users/t719628/Documents/Douglas/Github/BuckDemo
[2020-01-21 14:31:42.595][debug][command:null][tid:01][com.facebook.buck.util.config.Configs] Loaded project configuration file /Users/t719628/Documents/Douglas/Github/BuckDemo/.buckconfig
[2020-01-21 14:31:42.604][debug][command:null][tid:01][com.facebook.buck.util.config.Configs] Adding configuration overrides RawConfig{values={}}
[2020-01-21 14:31:42.745][debug][command:null][tid:01][com.facebook.buck.cli.MainRunner] Rotating log.
