[2020-01-17 19:17:06.614][debug][command:3181b000-a35b-4b7b-82d9-f76a800692e2][tid:01][com.facebook.buck.event.listener.RenderingConsole] Starting render scheduler (interval 100 ms)
[2020-01-17 19:17:06.634][debug][command:null][tid:19][com.facebook.buck.util.perf.ProcessTracker] startUp
[2020-01-17 19:17:06.634][debug][command:null][tid:19][com.facebook.buck.util.perf.ProcessTracker] startUp
[2020-01-17 19:17:06.661][debug][command:3181b000-a35b-4b7b-82d9-f76a800692e2][tid:01][com.facebook.buck.util.environment.MacWifiSsidFinder] Getting current SSID..
[2020-01-17 19:17:06.698][debug][command:3181b000-a35b-4b7b-82d9-f76a800692e2][tid:01][com.facebook.buck.util.environment.MacWifiSsidFinder] Getting SSID from Wi-Fi interface: <CWInterface: 0x7ff738b1bca0> [interfaceName=en0]
[2020-01-17 19:17:06.698][debug][command:3181b000-a35b-4b7b-82d9-f76a800692e2][tid:01][com.facebook.buck.util.environment.MacWifiSsidFinder] Found SSID: WLANGSNET
[2020-01-17 19:17:06.838][debug][command:3181b000-a35b-4b7b-82d9-f76a800692e2][tid:01][com.facebook.buck.util.randomizedtrial.RandomizedTrial] Determined key: 't719628@mact719628/depsaware_executor/3181b000-a35b-4b7b-82d9-f76a800692e2'
[2020-01-17 19:17:06.857][debug][command:3181b000-a35b-4b7b-82d9-f76a800692e2][tid:01][com.facebook.buck.cli.MainRunner] InvocationInfo BuildId=[3181b000-a35b-4b7b-82d9-f76a800692e2] Args=[build, //BuckDemo:BuckDemo]
[2020-01-17 19:17:06.902][info ][command:3181b000-a35b-4b7b-82d9-f76a800692e2][tid:01][com.facebook.buck.support.build.report.BuildReportUtils] Build report is not enabled
[2020-01-17 19:17:06.974][warn ][command:null][tid:23][com.facebook.buck.event.listener.PublicAnnouncementManager] Failed to get public announcements. Reason: Failed to establish connection to server.
[2020-01-17 19:17:06.974][warn ][command:null][tid:23][com.facebook.buck.event.listener.PublicAnnouncementManager] Failed to get public announcements. Reason: Failed to establish connection to server.
[2020-01-17 19:17:06.975][info ][command:3181b000-a35b-4b7b-82d9-f76a800692e2][tid:01][com.facebook.buck.support.build.report.BuildReportUtils] Build report is not enabled
[2020-01-17 19:17:06.981][debug][command:null][tid:24][com.facebook.buck.util.environment.MacNetworkConfiguration] Determine network service order and extract device names
[2020-01-17 19:17:06.981][debug][command:null][tid:24][com.facebook.buck.util.environment.MacNetworkConfiguration] Determine network service order and extract device names
[2020-01-17 19:17:06.985][debug][command:null][tid:24][com.facebook.buck.util.ListeningProcessExecutor] Launching process with params ProcessExecutorParams{command=[networksetup, -listnetworkserviceorder, ]}
[2020-01-17 19:17:06.985][debug][command:null][tid:24][com.facebook.buck.util.ListeningProcessExecutor] Launching process with params ProcessExecutorParams{command=[networksetup, -listnetworkserviceorder, ]}
[2020-01-17 19:17:07.044][info ][command:3181b000-a35b-4b7b-82d9-f76a800692e2][tid:20][com.facebook.buck.event.listener.LoggingBuildListener] Build started at 2020-01-17 19:17:07.043
[2020-01-17 19:17:07.046][debug][command:null][tid:24][com.facebook.buck.util.ListeningProcessExecutor] Successfully launched process com.zaxxer.nuprocess.osx.OsxProcess@14d40d46
[2020-01-17 19:17:07.046][debug][command:null][tid:24][com.facebook.buck.util.ListeningProcessExecutor] Successfully launched process com.zaxxer.nuprocess.osx.OsxProcess@14d40d46
[2020-01-17 19:17:07.050][debug][command:null][tid:24][com.facebook.buck.util.ListeningProcessExecutor] Waiting for process com.facebook.buck.util.ListeningProcessExecutor$LaunchedProcessImpl@438c3bf4 timeout 1000 MILLISECONDS
[2020-01-17 19:17:07.050][debug][command:null][tid:24][com.facebook.buck.util.ListeningProcessExecutor] Waiting for process com.facebook.buck.util.ListeningProcessExecutor$LaunchedProcessImpl@438c3bf4 timeout 1000 MILLISECONDS
[2020-01-17 19:17:07.093][debug][command:null][tid:24][com.facebook.buck.util.ListeningProcessExecutor] Wait for process returned 0
[2020-01-17 19:17:07.093][debug][command:null][tid:24][com.facebook.buck.util.ListeningProcessExecutor] Wait for process returned 0
[2020-01-17 19:17:07.094][debug][command:null][tid:24][com.facebook.buck.util.ListeningProcessExecutor] Destroying process com.facebook.buck.util.ListeningProcessExecutor$LaunchedProcessImpl@438c3bf4 (force true)
[2020-01-17 19:17:07.094][debug][command:null][tid:24][com.facebook.buck.util.ListeningProcessExecutor] Destroying process com.facebook.buck.util.ListeningProcessExecutor$LaunchedProcessImpl@438c3bf4 (force true)
[2020-01-17 19:17:07.094][debug][command:null][tid:24][com.facebook.buck.util.environment.MacNetworkConfiguration] Determine active state of media for device
[2020-01-17 19:17:07.094][debug][command:null][tid:24][com.facebook.buck.util.environment.MacNetworkConfiguration] Determine active state of media for device
[2020-01-17 19:17:07.094][debug][command:null][tid:24][com.facebook.buck.util.ListeningProcessExecutor] Launching process with params ProcessExecutorParams{command=[networksetup, -getMedia, en5]}
[2020-01-17 19:17:07.094][debug][command:null][tid:24][com.facebook.buck.util.ListeningProcessExecutor] Launching process with params ProcessExecutorParams{command=[networksetup, -getMedia, en5]}
[2020-01-17 19:17:07.097][debug][command:null][tid:24][com.facebook.buck.util.ListeningProcessExecutor] Successfully launched process com.zaxxer.nuprocess.osx.OsxProcess@4ea601b4
[2020-01-17 19:17:07.097][debug][command:null][tid:24][com.facebook.buck.util.ListeningProcessExecutor] Successfully launched process com.zaxxer.nuprocess.osx.OsxProcess@4ea601b4
[2020-01-17 19:17:07.099][debug][command:null][tid:24][com.facebook.buck.util.ListeningProcessExecutor] Waiting for process com.facebook.buck.util.ListeningProcessExecutor$LaunchedProcessImpl@7913a4c9 timeout 1000 MILLISECONDS
[2020-01-17 19:17:07.099][debug][command:null][tid:24][com.facebook.buck.util.ListeningProcessExecutor] Waiting for process com.facebook.buck.util.ListeningProcessExecutor$LaunchedProcessImpl@7913a4c9 timeout 1000 MILLISECONDS
[2020-01-17 19:17:07.123][debug][command:3181b000-a35b-4b7b-82d9-f76a800692e2][tid:01][com.facebook.buck.parser.DaemonicParserState] Starting to invalidate caches for /Users/t719628/Documents/Douglas/Github/BuckDemo..
[2020-01-17 19:17:07.123][debug][command:3181b000-a35b-4b7b-82d9-f76a800692e2][tid:01][com.facebook.buck.parser.DaemonicParserState] Cell caches were empty, no data invalidated.
[2020-01-17 19:17:07.135][debug][command:null][tid:24][com.facebook.buck.util.ListeningProcessExecutor] Wait for process returned 4
[2020-01-17 19:17:07.135][debug][command:null][tid:24][com.facebook.buck.util.ListeningProcessExecutor] Wait for process returned 4
[2020-01-17 19:17:07.135][debug][command:null][tid:24][com.facebook.buck.util.ListeningProcessExecutor] Destroying process com.facebook.buck.util.ListeningProcessExecutor$LaunchedProcessImpl@7913a4c9 (force true)
[2020-01-17 19:17:07.135][debug][command:null][tid:24][com.facebook.buck.util.ListeningProcessExecutor] Destroying process com.facebook.buck.util.ListeningProcessExecutor$LaunchedProcessImpl@7913a4c9 (force true)
[2020-01-17 19:17:07.135][debug][command:null][tid:24][com.facebook.buck.util.environment.MacNetworkConfiguration] Determine active state of media for device
[2020-01-17 19:17:07.135][debug][command:null][tid:24][com.facebook.buck.util.environment.MacNetworkConfiguration] Determine active state of media for device
[2020-01-17 19:17:07.136][debug][command:null][tid:24][com.facebook.buck.util.ListeningProcessExecutor] Launching process with params ProcessExecutorParams{command=[networksetup, -getMedia, en4]}
[2020-01-17 19:17:07.136][debug][command:null][tid:24][com.facebook.buck.util.ListeningProcessExecutor] Launching process with params ProcessExecutorParams{command=[networksetup, -getMedia, en4]}
[2020-01-17 19:17:07.139][debug][command:null][tid:24][com.facebook.buck.util.ListeningProcessExecutor] Successfully launched process com.zaxxer.nuprocess.osx.OsxProcess@33eaf8a
[2020-01-17 19:17:07.139][debug][command:null][tid:24][com.facebook.buck.util.ListeningProcessExecutor] Successfully launched process com.zaxxer.nuprocess.osx.OsxProcess@33eaf8a
[2020-01-17 19:17:07.141][debug][command:null][tid:24][com.facebook.buck.util.ListeningProcessExecutor] Waiting for process com.facebook.buck.util.ListeningProcessExecutor$LaunchedProcessImpl@269e99d0 timeout 1000 MILLISECONDS
[2020-01-17 19:17:07.141][debug][command:null][tid:24][com.facebook.buck.util.ListeningProcessExecutor] Waiting for process com.facebook.buck.util.ListeningProcessExecutor$LaunchedProcessImpl@269e99d0 timeout 1000 MILLISECONDS
[2020-01-17 19:17:07.146][debug][command:3181b000-a35b-4b7b-82d9-f76a800692e2][tid:38][com.facebook.buck.io.ExecutableFinder] Executable 'python2' mapped to 'Optional[/usr/bin/python2]'
[2020-01-17 19:17:07.175][debug][command:null][tid:24][com.facebook.buck.util.ListeningProcessExecutor] Wait for process returned 4
[2020-01-17 19:17:07.175][debug][command:null][tid:24][com.facebook.buck.util.ListeningProcessExecutor] Wait for process returned 4
[2020-01-17 19:17:07.175][debug][command:null][tid:24][com.facebook.buck.util.ListeningProcessExecutor] Destroying process com.facebook.buck.util.ListeningProcessExecutor$LaunchedProcessImpl@269e99d0 (force true)
[2020-01-17 19:17:07.175][debug][command:null][tid:24][com.facebook.buck.util.ListeningProcessExecutor] Destroying process com.facebook.buck.util.ListeningProcessExecutor$LaunchedProcessImpl@269e99d0 (force true)
[2020-01-17 19:17:07.175][debug][command:null][tid:24][com.facebook.buck.util.environment.MacNetworkConfiguration] Determine active state of media for device
[2020-01-17 19:17:07.175][debug][command:null][tid:24][com.facebook.buck.util.environment.MacNetworkConfiguration] Determine active state of media for device
[2020-01-17 19:17:07.175][debug][command:null][tid:24][com.facebook.buck.util.ListeningProcessExecutor] Launching process with params ProcessExecutorParams{command=[networksetup, -getMedia, en0]}
[2020-01-17 19:17:07.175][debug][command:null][tid:24][com.facebook.buck.util.ListeningProcessExecutor] Launching process with params ProcessExecutorParams{command=[networksetup, -getMedia, en0]}
[2020-01-17 19:17:07.177][debug][command:null][tid:24][com.facebook.buck.util.ListeningProcessExecutor] Successfully launched process com.zaxxer.nuprocess.osx.OsxProcess@54627f4c
[2020-01-17 19:17:07.177][debug][command:null][tid:24][com.facebook.buck.util.ListeningProcessExecutor] Successfully launched process com.zaxxer.nuprocess.osx.OsxProcess@54627f4c
[2020-01-17 19:17:07.179][debug][command:null][tid:24][com.facebook.buck.util.ListeningProcessExecutor] Waiting for process com.facebook.buck.util.ListeningProcessExecutor$LaunchedProcessImpl@12a9371f timeout 1000 MILLISECONDS
[2020-01-17 19:17:07.179][debug][command:null][tid:24][com.facebook.buck.util.ListeningProcessExecutor] Waiting for process com.facebook.buck.util.ListeningProcessExecutor$LaunchedProcessImpl@12a9371f timeout 1000 MILLISECONDS
[2020-01-17 19:17:07.188][info ][command:3181b000-a35b-4b7b-82d9-f76a800692e2][tid:38][com.facebook.buck.core.plugin.impl.DefaultBuckPluginManager] Time to load instances of interface com.facebook.buck.core.model.targetgraph.DescriptionProvider: 36
[2020-01-17 19:17:07.211][debug][command:null][tid:24][com.facebook.buck.util.ListeningProcessExecutor] Wait for process returned 0
[2020-01-17 19:17:07.211][debug][command:null][tid:24][com.facebook.buck.util.ListeningProcessExecutor] Wait for process returned 0
[2020-01-17 19:17:07.211][debug][command:null][tid:24][com.facebook.buck.util.ListeningProcessExecutor] Destroying process com.facebook.buck.util.ListeningProcessExecutor$LaunchedProcessImpl@12a9371f (force true)
[2020-01-17 19:17:07.211][debug][command:null][tid:24][com.facebook.buck.util.ListeningProcessExecutor] Destroying process com.facebook.buck.util.ListeningProcessExecutor$LaunchedProcessImpl@12a9371f (force true)
[2020-01-17 19:17:07.211][debug][command:null][tid:24][com.facebook.buck.util.environment.MacNetworkConfiguration] Determine WiFi SSID of device
[2020-01-17 19:17:07.211][debug][command:null][tid:24][com.facebook.buck.util.environment.MacNetworkConfiguration] Determine WiFi SSID of device
[2020-01-17 19:17:07.211][debug][command:null][tid:24][com.facebook.buck.util.ListeningProcessExecutor] Launching process with params ProcessExecutorParams{command=[networksetup, -getairportnetwork, en0]}
[2020-01-17 19:17:07.211][debug][command:null][tid:24][com.facebook.buck.util.ListeningProcessExecutor] Launching process with params ProcessExecutorParams{command=[networksetup, -getairportnetwork, en0]}
[2020-01-17 19:17:07.214][debug][command:null][tid:24][com.facebook.buck.util.ListeningProcessExecutor] Successfully launched process com.zaxxer.nuprocess.osx.OsxProcess@5dc09846
[2020-01-17 19:17:07.214][debug][command:null][tid:24][com.facebook.buck.util.ListeningProcessExecutor] Successfully launched process com.zaxxer.nuprocess.osx.OsxProcess@5dc09846
[2020-01-17 19:17:07.216][debug][command:null][tid:24][com.facebook.buck.util.ListeningProcessExecutor] Waiting for process com.facebook.buck.util.ListeningProcessExecutor$LaunchedProcessImpl@1c6bdc02 timeout 1000 MILLISECONDS
[2020-01-17 19:17:07.216][debug][command:null][tid:24][com.facebook.buck.util.ListeningProcessExecutor] Waiting for process com.facebook.buck.util.ListeningProcessExecutor$LaunchedProcessImpl@1c6bdc02 timeout 1000 MILLISECONDS
[2020-01-17 19:17:07.249][debug][command:null][tid:24][com.facebook.buck.util.ListeningProcessExecutor] Wait for process returned 0
[2020-01-17 19:17:07.249][debug][command:null][tid:24][com.facebook.buck.util.ListeningProcessExecutor] Wait for process returned 0
[2020-01-17 19:17:07.250][debug][command:null][tid:24][com.facebook.buck.util.ListeningProcessExecutor] Destroying process com.facebook.buck.util.ListeningProcessExecutor$LaunchedProcessImpl@1c6bdc02 (force true)
[2020-01-17 19:17:07.250][debug][command:null][tid:24][com.facebook.buck.util.ListeningProcessExecutor] Destroying process com.facebook.buck.util.ListeningProcessExecutor$LaunchedProcessImpl@1c6bdc02 (force true)
[2020-01-17 19:17:07.286][info ][command:3181b000-a35b-4b7b-82d9-f76a800692e2][tid:38][com.facebook.buck.core.plugin.impl.DefaultBuckPluginManager] Time to load instances of interface com.facebook.buck.apple.XCodeDescriptionClassSupplier: 7
[2020-01-17 19:17:07.385][info ][command:3181b000-a35b-4b7b-82d9-f76a800692e2][tid:38][com.facebook.buck.core.plugin.impl.DefaultBuckPluginManager] Time to load instances of interface com.facebook.buck.core.model.targetgraph.BuiltInProviderProvider: 4
[2020-01-17 19:17:07.685][warn ][command:3181b000-a35b-4b7b-82d9-f76a800692e2][tid:20][com.facebook.buck.event.listener.LoggingBuildListener] ERROR: /Users/t719628/Documents/Douglas/Github/BuckDemo/BuckDemo/BUCK:19:5: syntax error at 'name': expected ,
[2020-01-17 19:17:07.686][warn ][command:3181b000-a35b-4b7b-82d9-f76a800692e2][tid:20][com.facebook.buck.event.listener.LoggingBuildListener] ERROR: /Users/t719628/Documents/Douglas/Github/BuckDemo/BuckDemo/BUCK:19:10: positional argument is misplaced (positional arguments come first)
[2020-01-17 19:17:07.705][info ][command:3181b000-a35b-4b7b-82d9-f76a800692e2][tid:20][com.facebook.buck.event.listener.LoggingBuildListener] Build finished at 2020-01-17 19:17:07.705
[2020-01-17 19:17:07.714][info ][command:3181b000-a35b-4b7b-82d9-f76a800692e2][tid:20][com.facebook.buck.event.listener.AbstractConsoleEventBusListener] 
Top slow rules: Buck didn't spend time in rules.
[2020-01-17 19:17:07.715][info ][command:3181b000-a35b-4b7b-82d9-f76a800692e2][tid:20][com.facebook.buck.event.listener.CriticalPathEventListener] Received command finished event for command : build
[2020-01-17 19:17:07.717][info ][command:null][tid:27][com.facebook.buck.core.graph.transformation.executor.impl.AbstractDepsAwareExecutor] Worker was interrupted
[2020-01-17 19:17:07.717][info ][command:null][tid:28][com.facebook.buck.core.graph.transformation.executor.impl.AbstractDepsAwareExecutor] Worker was interrupted
[2020-01-17 19:17:07.717][info ][command:null][tid:27][com.facebook.buck.core.graph.transformation.executor.impl.AbstractDepsAwareExecutor] Worker was interrupted
[2020-01-17 19:17:07.717][info ][command:null][tid:28][com.facebook.buck.core.graph.transformation.executor.impl.AbstractDepsAwareExecutor] Worker was interrupted
[2020-01-17 19:17:07.717][info ][command:null][tid:29][com.facebook.buck.core.graph.transformation.executor.impl.AbstractDepsAwareExecutor] Worker was interrupted
[2020-01-17 19:17:07.717][info ][command:null][tid:29][com.facebook.buck.core.graph.transformation.executor.impl.AbstractDepsAwareExecutor] Worker was interrupted
[2020-01-17 19:17:07.718][info ][command:null][tid:30][com.facebook.buck.core.graph.transformation.executor.impl.AbstractDepsAwareExecutor] Worker was interrupted
[2020-01-17 19:17:07.718][info ][command:null][tid:30][com.facebook.buck.core.graph.transformation.executor.impl.AbstractDepsAwareExecutor] Worker was interrupted
[2020-01-17 19:17:07.718][info ][command:null][tid:31][com.facebook.buck.core.graph.transformation.executor.impl.AbstractDepsAwareExecutor] Worker was interrupted
[2020-01-17 19:17:07.718][info ][command:null][tid:31][com.facebook.buck.core.graph.transformation.executor.impl.AbstractDepsAwareExecutor] Worker was interrupted
[2020-01-17 19:17:07.718][info ][command:null][tid:32][com.facebook.buck.core.graph.transformation.executor.impl.AbstractDepsAwareExecutor] Worker was interrupted
[2020-01-17 19:17:07.718][info ][command:null][tid:32][com.facebook.buck.core.graph.transformation.executor.impl.AbstractDepsAwareExecutor] Worker was interrupted
[2020-01-17 19:17:07.718][info ][command:null][tid:34][com.facebook.buck.core.graph.transformation.executor.impl.AbstractDepsAwareExecutor] Worker was interrupted
[2020-01-17 19:17:07.718][info ][command:null][tid:34][com.facebook.buck.core.graph.transformation.executor.impl.AbstractDepsAwareExecutor] Worker was interrupted
[2020-01-17 19:17:07.718][info ][command:null][tid:33][com.facebook.buck.core.graph.transformation.executor.impl.AbstractDepsAwareExecutor] Worker was interrupted
[2020-01-17 19:17:07.718][info ][command:null][tid:33][com.facebook.buck.core.graph.transformation.executor.impl.AbstractDepsAwareExecutor] Worker was interrupted
[2020-01-17 19:17:07.723][debug][command:3181b000-a35b-4b7b-82d9-f76a800692e2][tid:19][com.facebook.buck.util.perf.ProcessTracker] shutDown
[2020-01-17 19:17:07.725][debug][command:3181b000-a35b-4b7b-82d9-f76a800692e2][tid:01][com.facebook.buck.event.listener.RenderingConsole] Stopping render scheduler
[2020-01-17 19:17:07.726][info ][command:3181b000-a35b-4b7b-82d9-f76a800692e2][tid:01][com.facebook.buck.cli.MainRunner] Awaiting termination of PROJECT executor service. Waiting for all jobs to complete, or up to maximum of 60 seconds...
[2020-01-17 19:17:07.726][info ][command:3181b000-a35b-4b7b-82d9-f76a800692e2][tid:01][com.facebook.buck.cli.MainRunner] Successfully terminated PROJECT executor service.
[2020-01-17 19:17:07.726][info ][command:3181b000-a35b-4b7b-82d9-f76a800692e2][tid:01][com.facebook.buck.cli.MainRunner] Awaiting termination of NETWORK executor service. Waiting for all jobs to complete, or up to maximum of 60 seconds...
[2020-01-17 19:17:07.726][info ][command:3181b000-a35b-4b7b-82d9-f76a800692e2][tid:01][com.facebook.buck.cli.MainRunner] Successfully terminated NETWORK executor service.
[2020-01-17 19:17:07.726][info ][command:3181b000-a35b-4b7b-82d9-f76a800692e2][tid:01][com.facebook.buck.cli.MainRunner] Awaiting termination of GRAPH_CPU executor service. Waiting for all jobs to complete, or up to maximum of 60 seconds...
[2020-01-17 19:17:07.727][info ][command:3181b000-a35b-4b7b-82d9-f76a800692e2][tid:01][com.facebook.buck.cli.MainRunner] Successfully terminated GRAPH_CPU executor service.
[2020-01-17 19:17:07.727][info ][command:3181b000-a35b-4b7b-82d9-f76a800692e2][tid:01][com.facebook.buck.cli.MainRunner] Awaiting termination of CPU executor service. Waiting for all jobs to complete, or up to maximum of 60 seconds...
[2020-01-17 19:17:07.727][info ][command:3181b000-a35b-4b7b-82d9-f76a800692e2][tid:01][com.facebook.buck.cli.MainRunner] Successfully terminated CPU executor service.
[2020-01-17 19:17:07.727][info ][command:3181b000-a35b-4b7b-82d9-f76a800692e2][tid:01][com.facebook.buck.cli.MainRunner] Awaiting termination of ScheduledExecutorService executor service. Waiting for all jobs to complete, or up to maximum of 60 seconds...
[2020-01-17 19:17:07.727][info ][command:3181b000-a35b-4b7b-82d9-f76a800692e2][tid:01][com.facebook.buck.cli.MainRunner] Successfully terminated ScheduledExecutorService executor service.
[2020-01-17 19:17:07.727][info ][command:3181b000-a35b-4b7b-82d9-f76a800692e2][tid:01][com.facebook.buck.cli.MainRunner] Awaiting termination of CounterAggregatorExecutor executor service. Waiting for all jobs to complete, or up to maximum of 20 seconds...
[2020-01-17 19:17:07.728][info ][command:3181b000-a35b-4b7b-82d9-f76a800692e2][tid:01][com.facebook.buck.cli.MainRunner] Successfully terminated CounterAggregatorExecutor executor service.
[2020-01-17 19:17:07.728][info ][command:3181b000-a35b-4b7b-82d9-f76a800692e2][tid:01][com.facebook.buck.cli.MainRunner] Awaiting termination of HTTP Read executor service. Waiting for all jobs to complete, or up to maximum of 1800 seconds...
[2020-01-17 19:17:07.728][info ][command:3181b000-a35b-4b7b-82d9-f76a800692e2][tid:01][com.facebook.buck.cli.MainRunner] Successfully terminated HTTP Read executor service.
[2020-01-17 19:17:07.728][info ][command:3181b000-a35b-4b7b-82d9-f76a800692e2][tid:01][com.facebook.buck.cli.MainRunner] Awaiting termination of HTTP Write executor service. Waiting for all jobs to complete, or up to maximum of 1800 seconds...
[2020-01-17 19:17:07.728][info ][command:3181b000-a35b-4b7b-82d9-f76a800692e2][tid:01][com.facebook.buck.cli.MainRunner] Successfully terminated HTTP Write executor service.
[2020-01-17 19:17:07.729][info ][command:3181b000-a35b-4b7b-82d9-f76a800692e2][tid:01][com.facebook.buck.cli.MainRunner] Awaiting termination of Disk IO executor service. Waiting for all jobs to complete, or up to maximum of 10 seconds...
[2020-01-17 19:17:07.729][info ][command:3181b000-a35b-4b7b-82d9-f76a800692e2][tid:01][com.facebook.buck.cli.MainRunner] Successfully terminated Disk IO executor service.
[2020-01-17 19:17:07.733][info ][command:3181b000-a35b-4b7b-82d9-f76a800692e2][tid:01][com.facebook.buck.cli.MainRunner] Auto fixing is not enabled for command build
[2020-01-17 19:17:07.761][debug][command:null][tid:48][com.facebook.buck.event.listener.ChromeTraceBuildListener] Writing Chrome trace to buck-out/log/2020-01-17_21h17m06s_buildcommand_3181b000-a35b-4b7b-82d9-f76a800692e2/build.2020-01-17.19-17-06.3181b000-a35b-4b7b-82d9-f76a800692e2.trace
[2020-01-17 19:17:07.768][warn ][command:null][tid:01][com.facebook.buck.cli.MainRunner] Command failed:
com.facebook.buck.parser.exceptions.BuildFileParseException: Cannot parse /Users/t719628/Documents/Douglas/Github/BuckDemo/BuckDemo/BUCK.  It was referenced from //BuckDemo:BUCK
	at com.facebook.buck.parser.exceptions.BuildFileParseException.createForUnknownParseError(BuildFileParseException.java:35)
	at com.facebook.buck.skylark.parser.AbstractSkylarkFileParser.parseSkylarkFile(AbstractSkylarkFileParser.java:337)
	at com.facebook.buck.skylark.parser.AbstractSkylarkFileParser.parseFile(AbstractSkylarkFileParser.java:207)
	at com.facebook.buck.skylark.parser.AbstractSkylarkFileParser.parse(AbstractSkylarkFileParser.java:166)
	at com.facebook.buck.skylark.parser.SkylarkProjectBuildFileParser.getManifest(SkylarkProjectBuildFileParser.java:136)
	at com.facebook.buck.skylark.parser.SkylarkProjectBuildFileParser.getManifest(SkylarkProjectBuildFileParser.java:1)
	at com.facebook.buck.parser.HybridProjectBuildFileParser.getManifest(HybridProjectBuildFileParser.java:62)
	at com.facebook.buck.parser.HybridProjectBuildFileParser.getManifest(HybridProjectBuildFileParser.java:1)
	at com.facebook.buck.json.TargetCountVerificationParserDecorator.getManifest(TargetCountVerificationParserDecorator.java:73)
	at com.facebook.buck.parser.api.ForwardingProjectBuildFileParserDecorator.getManifest(ForwardingProjectBuildFileParserDecorator.java:1)
	at com.facebook.buck.parser.decorators.EventReportingProjectBuildFileParser.getManifest(EventReportingProjectBuildFileParser.java:69)
	at com.facebook.buck.parser.api.ForwardingProjectBuildFileParserDecorator.getManifest(ForwardingProjectBuildFileParserDecorator.java:1)
	at com.facebook.buck.parser.FileParserPool.lambda$0(FileParserPool.java:83)
	at com.facebook.buck.util.concurrent.ResourcePool$1.apply(ResourcePool.java:136)
	at com.facebook.buck.util.concurrent.ResourcePool$1.apply(ResourcePool.java:1)
	at com.google.common.util.concurrent.AbstractTransformFuture$AsyncTransformFuture.doTransform(AbstractTransformFuture.java:206)
	at com.google.common.util.concurrent.AbstractTransformFuture$AsyncTransformFuture.doTransform(AbstractTransformFuture.java:195)
	at com.google.common.util.concurrent.AbstractTransformFuture.run(AbstractTransformFuture.java:115)
	at com.google.common.util.concurrent.MoreExecutors$5$1.run(MoreExecutors.java:999)
	at java.util.concurrent.ThreadPoolExecutor.runWorker(ThreadPoolExecutor.java:1149)
	at java.util.concurrent.ThreadPoolExecutor$Worker.run(ThreadPoolExecutor.java:624)
	at java.lang.Thread.run(Thread.java:748)

[2020-01-17 19:17:07.769][warn ][command:null][tid:01][com.facebook.buck.util.Console] Command failure: Cannot parse /Users/t719628/Documents/Douglas/Github/BuckDemo/BuckDemo/BUCK.  It was referenced from //BuckDemo:BUCK
[2020-01-17 19:17:07.770][warn ][command:null][tid:01][com.facebook.buck.util.Console] Command failure: Cannot parse /Users/t719628/Documents/Douglas/Github/BuckDemo/BuckDemo/BUCK.  It was referenced from //BuckDemo:BUCK
[2020-01-17 19:17:07.774][debug][command:null][tid:01][com.facebook.buck.cli.MainRunner] Done.
