[2020-01-17 19:03:09.711][debug][command:19b7738d-f78d-488b-9246-655f2f992446][tid:01][com.facebook.buck.event.listener.RenderingConsole] Starting render scheduler (interval 100 ms)
[2020-01-17 19:03:09.726][debug][command:null][tid:19][com.facebook.buck.util.perf.ProcessTracker] startUp
[2020-01-17 19:03:09.726][debug][command:null][tid:19][com.facebook.buck.util.perf.ProcessTracker] startUp
[2020-01-17 19:03:09.751][debug][command:19b7738d-f78d-488b-9246-655f2f992446][tid:01][com.facebook.buck.util.environment.MacWifiSsidFinder] Getting current SSID..
[2020-01-17 19:03:09.786][debug][command:19b7738d-f78d-488b-9246-655f2f992446][tid:01][com.facebook.buck.util.environment.MacWifiSsidFinder] Getting SSID from Wi-Fi interface: <CWInterface: 0x7fd4fbb16fe0> [interfaceName=en0]
[2020-01-17 19:03:09.787][debug][command:19b7738d-f78d-488b-9246-655f2f992446][tid:01][com.facebook.buck.util.environment.MacWifiSsidFinder] Found SSID: WLANGSNET
[2020-01-17 19:03:09.923][debug][command:19b7738d-f78d-488b-9246-655f2f992446][tid:01][com.facebook.buck.util.randomizedtrial.RandomizedTrial] Determined key: 't719628@mact719628/depsaware_executor/19b7738d-f78d-488b-9246-655f2f992446'
[2020-01-17 19:03:09.940][debug][command:19b7738d-f78d-488b-9246-655f2f992446][tid:01][com.facebook.buck.cli.MainRunner] InvocationInfo BuildId=[19b7738d-f78d-488b-9246-655f2f992446] Args=[project]
[2020-01-17 19:03:09.992][info ][command:19b7738d-f78d-488b-9246-655f2f992446][tid:01][com.facebook.buck.support.build.report.BuildReportUtils] Build report is not enabled
[2020-01-17 19:03:10.065][info ][command:19b7738d-f78d-488b-9246-655f2f992446][tid:01][com.facebook.buck.support.build.report.BuildReportUtils] Build report is not enabled
[2020-01-17 19:03:10.065][warn ][command:null][tid:23][com.facebook.buck.event.listener.PublicAnnouncementManager] Failed to get public announcements. Reason: Failed to establish connection to server.
[2020-01-17 19:03:10.065][warn ][command:null][tid:23][com.facebook.buck.event.listener.PublicAnnouncementManager] Failed to get public announcements. Reason: Failed to establish connection to server.
[2020-01-17 19:03:10.071][debug][command:null][tid:24][com.facebook.buck.util.environment.MacNetworkConfiguration] Determine network service order and extract device names
[2020-01-17 19:03:10.071][debug][command:null][tid:24][com.facebook.buck.util.environment.MacNetworkConfiguration] Determine network service order and extract device names
[2020-01-17 19:03:10.075][debug][command:null][tid:24][com.facebook.buck.util.ListeningProcessExecutor] Launching process with params ProcessExecutorParams{command=[networksetup, -listnetworkserviceorder, ]}
[2020-01-17 19:03:10.075][debug][command:null][tid:24][com.facebook.buck.util.ListeningProcessExecutor] Launching process with params ProcessExecutorParams{command=[networksetup, -listnetworkserviceorder, ]}
[2020-01-17 19:03:10.134][debug][command:null][tid:24][com.facebook.buck.util.ListeningProcessExecutor] Successfully launched process com.zaxxer.nuprocess.osx.OsxProcess@4f889c73
[2020-01-17 19:03:10.134][debug][command:null][tid:24][com.facebook.buck.util.ListeningProcessExecutor] Successfully launched process com.zaxxer.nuprocess.osx.OsxProcess@4f889c73
[2020-01-17 19:03:10.137][debug][command:null][tid:24][com.facebook.buck.util.ListeningProcessExecutor] Waiting for process com.facebook.buck.util.ListeningProcessExecutor$LaunchedProcessImpl@53288891 timeout 1000 MILLISECONDS
[2020-01-17 19:03:10.137][debug][command:null][tid:24][com.facebook.buck.util.ListeningProcessExecutor] Waiting for process com.facebook.buck.util.ListeningProcessExecutor$LaunchedProcessImpl@53288891 timeout 1000 MILLISECONDS
[2020-01-17 19:03:10.163][debug][command:19b7738d-f78d-488b-9246-655f2f992446][tid:01][com.facebook.buck.apple.toolchain.impl.AppleToolchainDiscovery] Searching for Xcode toolchains under /Library/Developer/CommandLineTools/Toolchains
[2020-01-17 19:03:10.163][debug][command:19b7738d-f78d-488b-9246-655f2f992446][tid:01][com.facebook.buck.apple.toolchain.impl.AppleToolchainDiscovery] Skipping toolchain search path /Library/Developer/CommandLineTools/Toolchains that does not exist
[2020-01-17 19:03:10.169][debug][command:19b7738d-f78d-488b-9246-655f2f992446][tid:01][com.facebook.buck.apple.toolchain.impl.AppleSdkDiscovery] Searching for Xcode platforms under /Library/Developer/CommandLineTools/Platforms
[2020-01-17 19:03:10.171][debug][command:19b7738d-f78d-488b-9246-655f2f992446][tid:01][com.facebook.buck.apple.toolchain.impl.AppleSdkDiscovery] Skipping platform search path /Library/Developer/CommandLineTools/Platforms that does not exist
[2020-01-17 19:03:10.177][debug][command:null][tid:24][com.facebook.buck.util.ListeningProcessExecutor] Wait for process returned 0
[2020-01-17 19:03:10.177][debug][command:null][tid:24][com.facebook.buck.util.ListeningProcessExecutor] Wait for process returned 0
[2020-01-17 19:03:10.177][debug][command:null][tid:24][com.facebook.buck.util.ListeningProcessExecutor] Destroying process com.facebook.buck.util.ListeningProcessExecutor$LaunchedProcessImpl@53288891 (force true)
[2020-01-17 19:03:10.177][debug][command:null][tid:24][com.facebook.buck.util.ListeningProcessExecutor] Destroying process com.facebook.buck.util.ListeningProcessExecutor$LaunchedProcessImpl@53288891 (force true)
[2020-01-17 19:03:10.177][debug][command:null][tid:24][com.facebook.buck.util.environment.MacNetworkConfiguration] Determine active state of media for device
[2020-01-17 19:03:10.177][debug][command:null][tid:24][com.facebook.buck.util.environment.MacNetworkConfiguration] Determine active state of media for device
[2020-01-17 19:03:10.178][debug][command:null][tid:24][com.facebook.buck.util.ListeningProcessExecutor] Launching process with params ProcessExecutorParams{command=[networksetup, -getMedia, en5]}
[2020-01-17 19:03:10.178][debug][command:null][tid:24][com.facebook.buck.util.ListeningProcessExecutor] Launching process with params ProcessExecutorParams{command=[networksetup, -getMedia, en5]}
[2020-01-17 19:03:10.180][debug][command:null][tid:24][com.facebook.buck.util.ListeningProcessExecutor] Successfully launched process com.zaxxer.nuprocess.osx.OsxProcess@2094aba9
[2020-01-17 19:03:10.180][debug][command:null][tid:24][com.facebook.buck.util.ListeningProcessExecutor] Successfully launched process com.zaxxer.nuprocess.osx.OsxProcess@2094aba9
[2020-01-17 19:03:10.182][debug][command:null][tid:24][com.facebook.buck.util.ListeningProcessExecutor] Waiting for process com.facebook.buck.util.ListeningProcessExecutor$LaunchedProcessImpl@4b4417fd timeout 1000 MILLISECONDS
[2020-01-17 19:03:10.182][debug][command:null][tid:24][com.facebook.buck.util.ListeningProcessExecutor] Waiting for process com.facebook.buck.util.ListeningProcessExecutor$LaunchedProcessImpl@4b4417fd timeout 1000 MILLISECONDS
[2020-01-17 19:03:10.195][debug][command:19b7738d-f78d-488b-9246-655f2f992446][tid:01][com.facebook.buck.features.apple.project.XCodeProjectCommandHelper] Xcode project generation: Getting the target graph
[2020-01-17 19:03:10.215][debug][command:null][tid:24][com.facebook.buck.util.ListeningProcessExecutor] Wait for process returned 4
[2020-01-17 19:03:10.215][debug][command:null][tid:24][com.facebook.buck.util.ListeningProcessExecutor] Wait for process returned 4
[2020-01-17 19:03:10.215][debug][command:null][tid:24][com.facebook.buck.util.ListeningProcessExecutor] Destroying process com.facebook.buck.util.ListeningProcessExecutor$LaunchedProcessImpl@4b4417fd (force true)
[2020-01-17 19:03:10.215][debug][command:null][tid:24][com.facebook.buck.util.ListeningProcessExecutor] Destroying process com.facebook.buck.util.ListeningProcessExecutor$LaunchedProcessImpl@4b4417fd (force true)
[2020-01-17 19:03:10.215][debug][command:null][tid:24][com.facebook.buck.util.environment.MacNetworkConfiguration] Determine active state of media for device
[2020-01-17 19:03:10.215][debug][command:null][tid:24][com.facebook.buck.util.environment.MacNetworkConfiguration] Determine active state of media for device
[2020-01-17 19:03:10.216][debug][command:null][tid:24][com.facebook.buck.util.ListeningProcessExecutor] Launching process with params ProcessExecutorParams{command=[networksetup, -getMedia, en4]}
[2020-01-17 19:03:10.216][debug][command:null][tid:24][com.facebook.buck.util.ListeningProcessExecutor] Launching process with params ProcessExecutorParams{command=[networksetup, -getMedia, en4]}
[2020-01-17 19:03:10.218][debug][command:null][tid:24][com.facebook.buck.util.ListeningProcessExecutor] Successfully launched process com.zaxxer.nuprocess.osx.OsxProcess@2db7de82
[2020-01-17 19:03:10.218][debug][command:null][tid:24][com.facebook.buck.util.ListeningProcessExecutor] Successfully launched process com.zaxxer.nuprocess.osx.OsxProcess@2db7de82
[2020-01-17 19:03:10.221][debug][command:null][tid:24][com.facebook.buck.util.ListeningProcessExecutor] Waiting for process com.facebook.buck.util.ListeningProcessExecutor$LaunchedProcessImpl@3c2915f2 timeout 1000 MILLISECONDS
[2020-01-17 19:03:10.221][debug][command:null][tid:24][com.facebook.buck.util.ListeningProcessExecutor] Waiting for process com.facebook.buck.util.ListeningProcessExecutor$LaunchedProcessImpl@3c2915f2 timeout 1000 MILLISECONDS
[2020-01-17 19:03:10.263][debug][command:null][tid:24][com.facebook.buck.util.ListeningProcessExecutor] Wait for process returned 4
[2020-01-17 19:03:10.263][debug][command:null][tid:24][com.facebook.buck.util.ListeningProcessExecutor] Wait for process returned 4
[2020-01-17 19:03:10.264][debug][command:null][tid:24][com.facebook.buck.util.ListeningProcessExecutor] Destroying process com.facebook.buck.util.ListeningProcessExecutor$LaunchedProcessImpl@3c2915f2 (force true)
[2020-01-17 19:03:10.264][debug][command:null][tid:24][com.facebook.buck.util.ListeningProcessExecutor] Destroying process com.facebook.buck.util.ListeningProcessExecutor$LaunchedProcessImpl@3c2915f2 (force true)
[2020-01-17 19:03:10.264][debug][command:null][tid:24][com.facebook.buck.util.environment.MacNetworkConfiguration] Determine active state of media for device
[2020-01-17 19:03:10.264][debug][command:null][tid:24][com.facebook.buck.util.environment.MacNetworkConfiguration] Determine active state of media for device
[2020-01-17 19:03:10.264][debug][command:null][tid:24][com.facebook.buck.util.ListeningProcessExecutor] Launching process with params ProcessExecutorParams{command=[networksetup, -getMedia, en0]}
[2020-01-17 19:03:10.264][debug][command:null][tid:24][com.facebook.buck.util.ListeningProcessExecutor] Launching process with params ProcessExecutorParams{command=[networksetup, -getMedia, en0]}
[2020-01-17 19:03:10.270][debug][command:null][tid:24][com.facebook.buck.util.ListeningProcessExecutor] Successfully launched process com.zaxxer.nuprocess.osx.OsxProcess@3f324d00
[2020-01-17 19:03:10.270][debug][command:null][tid:24][com.facebook.buck.util.ListeningProcessExecutor] Successfully launched process com.zaxxer.nuprocess.osx.OsxProcess@3f324d00
[2020-01-17 19:03:10.272][debug][command:null][tid:24][com.facebook.buck.util.ListeningProcessExecutor] Waiting for process com.facebook.buck.util.ListeningProcessExecutor$LaunchedProcessImpl@73b462e8 timeout 1000 MILLISECONDS
[2020-01-17 19:03:10.272][debug][command:null][tid:24][com.facebook.buck.util.ListeningProcessExecutor] Waiting for process com.facebook.buck.util.ListeningProcessExecutor$LaunchedProcessImpl@73b462e8 timeout 1000 MILLISECONDS
[2020-01-17 19:03:10.302][debug][command:19b7738d-f78d-488b-9246-655f2f992446][tid:01][com.facebook.buck.parser.DaemonicParserState] Starting to invalidate caches for /Users/t719628/Documents/Douglas/Github/BuckDemo..
[2020-01-17 19:03:10.302][debug][command:19b7738d-f78d-488b-9246-655f2f992446][tid:01][com.facebook.buck.parser.DaemonicParserState] Cell caches were empty, no data invalidated.
[2020-01-17 19:03:10.313][debug][command:null][tid:24][com.facebook.buck.util.ListeningProcessExecutor] Wait for process returned 0
[2020-01-17 19:03:10.313][debug][command:null][tid:24][com.facebook.buck.util.ListeningProcessExecutor] Wait for process returned 0
[2020-01-17 19:03:10.313][debug][command:null][tid:24][com.facebook.buck.util.ListeningProcessExecutor] Destroying process com.facebook.buck.util.ListeningProcessExecutor$LaunchedProcessImpl@73b462e8 (force true)
[2020-01-17 19:03:10.313][debug][command:null][tid:24][com.facebook.buck.util.ListeningProcessExecutor] Destroying process com.facebook.buck.util.ListeningProcessExecutor$LaunchedProcessImpl@73b462e8 (force true)
[2020-01-17 19:03:10.313][debug][command:null][tid:24][com.facebook.buck.util.environment.MacNetworkConfiguration] Determine WiFi SSID of device
[2020-01-17 19:03:10.313][debug][command:null][tid:24][com.facebook.buck.util.environment.MacNetworkConfiguration] Determine WiFi SSID of device
[2020-01-17 19:03:10.313][debug][command:null][tid:24][com.facebook.buck.util.ListeningProcessExecutor] Launching process with params ProcessExecutorParams{command=[networksetup, -getairportnetwork, en0]}
[2020-01-17 19:03:10.313][debug][command:null][tid:24][com.facebook.buck.util.ListeningProcessExecutor] Launching process with params ProcessExecutorParams{command=[networksetup, -getairportnetwork, en0]}
[2020-01-17 19:03:10.317][debug][command:null][tid:24][com.facebook.buck.util.ListeningProcessExecutor] Successfully launched process com.zaxxer.nuprocess.osx.OsxProcess@19456ea1
[2020-01-17 19:03:10.317][debug][command:null][tid:24][com.facebook.buck.util.ListeningProcessExecutor] Successfully launched process com.zaxxer.nuprocess.osx.OsxProcess@19456ea1
[2020-01-17 19:03:10.322][debug][command:null][tid:24][com.facebook.buck.util.ListeningProcessExecutor] Waiting for process com.facebook.buck.util.ListeningProcessExecutor$LaunchedProcessImpl@5e27ec99 timeout 1000 MILLISECONDS
[2020-01-17 19:03:10.322][debug][command:null][tid:24][com.facebook.buck.util.ListeningProcessExecutor] Waiting for process com.facebook.buck.util.ListeningProcessExecutor$LaunchedProcessImpl@5e27ec99 timeout 1000 MILLISECONDS
[2020-01-17 19:03:10.326][debug][command:19b7738d-f78d-488b-9246-655f2f992446][tid:43][com.facebook.buck.io.ExecutableFinder] Executable 'python2' mapped to 'Optional[/usr/bin/python2]'
[2020-01-17 19:03:10.365][debug][command:null][tid:24][com.facebook.buck.util.ListeningProcessExecutor] Wait for process returned 0
[2020-01-17 19:03:10.365][debug][command:null][tid:24][com.facebook.buck.util.ListeningProcessExecutor] Wait for process returned 0
[2020-01-17 19:03:10.365][debug][command:null][tid:24][com.facebook.buck.util.ListeningProcessExecutor] Destroying process com.facebook.buck.util.ListeningProcessExecutor$LaunchedProcessImpl@5e27ec99 (force true)
[2020-01-17 19:03:10.365][debug][command:null][tid:24][com.facebook.buck.util.ListeningProcessExecutor] Destroying process com.facebook.buck.util.ListeningProcessExecutor$LaunchedProcessImpl@5e27ec99 (force true)
[2020-01-17 19:03:10.374][info ][command:19b7738d-f78d-488b-9246-655f2f992446][tid:43][com.facebook.buck.core.plugin.impl.DefaultBuckPluginManager] Time to load instances of interface com.facebook.buck.core.model.targetgraph.DescriptionProvider: 44
[2020-01-17 19:03:10.545][info ][command:19b7738d-f78d-488b-9246-655f2f992446][tid:43][com.facebook.buck.core.plugin.impl.DefaultBuckPluginManager] Time to load instances of interface com.facebook.buck.apple.XCodeDescriptionClassSupplier: 9
[2020-01-17 19:03:10.569][info ][command:19b7738d-f78d-488b-9246-655f2f992446][tid:43][com.facebook.buck.core.plugin.impl.DefaultBuckPluginManager] Time to load instances of interface com.facebook.buck.core.model.targetgraph.BuiltInProviderProvider: 5
[2020-01-17 19:03:11.033][info ][command:19b7738d-f78d-488b-9246-655f2f992446][tid:50][com.facebook.buck.core.toolchain.impl.DefaultToolchainProvider] Cannot create a toolchain: android-ndk-location (UnconfiguredTargetConfiguration). Cause: Android NDK could not be found. Make sure to set one of these  environment variables: ANDROID_NDK_REPOSITORY, ANDROID_NDK, or NDK_HOME or ndk.ndk_path or ndk.ndk_repository_path in your .buckconfig
[2020-01-17 19:03:11.034][info ][command:19b7738d-f78d-488b-9246-655f2f992446][tid:50][com.facebook.buck.core.toolchain.impl.DefaultToolchainProvider] Cannot create a toolchain: ndk-cxx-platforms (UnconfiguredTargetConfiguration). Cause: Android NDK could not be found. Make sure to set one of these  environment variables: ANDROID_NDK_REPOSITORY, ANDROID_NDK, or NDK_HOME or ndk.ndk_path or ndk.ndk_repository_path in your .buckconfig
[2020-01-17 19:03:11.037][debug][command:19b7738d-f78d-488b-9246-655f2f992446][tid:50][com.facebook.buck.io.ExecutableFinder] Executable 'clang' mapped to 'Optional[/usr/bin/clang]'
[2020-01-17 19:03:11.038][debug][command:19b7738d-f78d-488b-9246-655f2f992446][tid:50][com.facebook.buck.io.ExecutableFinder] Executable 'clang++' mapped to 'Optional[/usr/bin/clang++]'
[2020-01-17 19:03:11.065][info ][command:19b7738d-f78d-488b-9246-655f2f992446][tid:50][com.facebook.buck.cxx.toolchain.impl.CxxPlatforms] Couldn't find default platform iphonesimulator-x86_64, falling back to system default
[2020-01-17 19:03:11.086][debug][command:19b7738d-f78d-488b-9246-655f2f992446][tid:01][com.facebook.buck.features.apple.project.XCodeProjectCommandHelper] Xcode project generation: Killing existing Xcode if needed
[2020-01-17 19:03:11.086][debug][command:19b7738d-f78d-488b-9246-655f2f992446][tid:01][com.facebook.buck.util.PkillProcessManager] Checking if Xcode is running...
[2020-01-17 19:03:11.113][debug][command:19b7738d-f78d-488b-9246-655f2f992446][tid:01][com.facebook.buck.util.PkillProcessManager] Process Xcode is not running
[2020-01-17 19:03:11.113][debug][command:19b7738d-f78d-488b-9246-655f2f992446][tid:01][com.facebook.buck.features.apple.project.XCodeProjectCommandHelper] Xcode is not running.
[2020-01-17 19:03:11.113][debug][command:19b7738d-f78d-488b-9246-655f2f992446][tid:01][com.facebook.buck.features.apple.project.XCodeProjectCommandHelper] Xcode project generation: Getting more part of the target graph
[2020-01-17 19:03:11.118][debug][command:19b7738d-f78d-488b-9246-655f2f992446][tid:01][com.facebook.buck.features.apple.project.XCodeProjectCommandHelper] Xcode project generation: Run the project generator
[2020-01-17 19:03:11.120][debug][command:19b7738d-f78d-488b-9246-655f2f992446][tid:01][com.facebook.buck.features.apple.project.XCodeProjectCommandHelper] Xcode project generation: Generates workspaces for targets
[2020-01-17 19:03:11.129][debug][command:19b7738d-f78d-488b-9246-655f2f992446][tid:01][com.facebook.buck.features.apple.project.XCodeProjectCommandHelper] Generating workspace for config targets [//BuckDemo:workspace]
[2020-01-17 19:03:11.134][debug][command:19b7738d-f78d-488b-9246-655f2f992446][tid:01][com.facebook.buck.features.apple.project.WorkspaceAndProjectGenerator] Generating workspace for target //BuckDemo:workspace
[2020-01-17 19:03:11.137][debug][command:19b7738d-f78d-488b-9246-655f2f992446][tid:01][com.facebook.buck.features.apple.project.WorkspaceAndProjectGenerator] Adding scheme BuckDemo
[2020-01-17 19:03:11.144][debug][command:19b7738d-f78d-488b-9246-655f2f992446][tid:01][com.facebook.buck.features.apple.project.WorkspaceAndProjectGenerator] Potentially adding extension schemes for BuckDemo
[2020-01-17 19:03:11.146][debug][command:19b7738d-f78d-488b-9246-655f2f992446][tid:01][com.facebook.buck.features.apple.project.WorkspaceAndProjectGenerator] Getting ordered test target nodes for [//BuckDemo:BuckDemo]
[2020-01-17 19:03:11.151][debug][command:null][tid:57][com.facebook.buck.features.apple.project.WorkspaceAndProjectGenerator] Generating project for directory BuckDemo with targets [//BuckDemo:BuckDemo, //BuckDemo:workspace]
[2020-01-17 19:03:11.151][debug][command:null][tid:57][com.facebook.buck.features.apple.project.WorkspaceAndProjectGenerator] Generating project for directory BuckDemo with targets [//BuckDemo:BuckDemo, //BuckDemo:workspace]
[2020-01-17 19:03:11.165][debug][command:null][tid:57][com.facebook.buck.features.apple.project.ProjectGenerator] Output directory BuckDemo, profile fs root path /Users/t719628/Documents/Douglas/Github/BuckDemo, repo root relative to output dir ..
[2020-01-17 19:03:11.165][debug][command:null][tid:57][com.facebook.buck.features.apple.project.ProjectGenerator] Output directory BuckDemo, profile fs root path /Users/t719628/Documents/Douglas/Github/BuckDemo, repo root relative to output dir ..
[2020-01-17 19:03:11.170][debug][command:null][tid:57][com.facebook.buck.features.apple.project.ProjectGenerator] Creating projects for targets [//BuckDemo:BuckDemo, //BuckDemo:workspace]
[2020-01-17 19:03:11.170][debug][command:null][tid:57][com.facebook.buck.features.apple.project.ProjectGenerator] Creating projects for targets [//BuckDemo:BuckDemo, //BuckDemo:workspace]
[2020-01-17 19:03:11.170][debug][command:null][tid:57][com.facebook.buck.features.apple.project.ProjectGenerator] Including rule //BuckDemo:BuckDemo in project
[2020-01-17 19:03:11.170][debug][command:null][tid:57][com.facebook.buck.features.apple.project.ProjectGenerator] Including rule //BuckDemo:BuckDemo in project
[2020-01-17 19:03:11.170][debug][command:null][tid:57][com.facebook.buck.features.apple.project.ProjectGenerator] Including rule //BuckDemo:workspace in project
[2020-01-17 19:03:11.170][debug][command:null][tid:57][com.facebook.buck.features.apple.project.ProjectGenerator] Including rule //BuckDemo:workspace in project
[2020-01-17 19:03:11.179][debug][command:null][tid:57][com.facebook.buck.features.apple.project.ProjectGenerator] Generating binary target for node //BuckDemo:BuckDemoBinary
[2020-01-17 19:03:11.179][debug][command:null][tid:57][com.facebook.buck.features.apple.project.ProjectGenerator] Generating binary target for node //BuckDemo:BuckDemoBinary
[2020-01-17 19:03:11.235][debug][command:null][tid:57][com.facebook.buck.features.apple.project.CxxPlatformXcodeConfigGenerator] Can't determine SDKROOT
[2020-01-17 19:03:11.235][debug][command:null][tid:57][com.facebook.buck.features.apple.project.CxxPlatformXcodeConfigGenerator] Can't determine SDKROOT
[2020-01-17 19:03:11.235][debug][command:null][tid:57][com.facebook.buck.features.apple.project.CxxPlatformXcodeConfigGenerator] Can't determine ARCH value
[2020-01-17 19:03:11.235][debug][command:null][tid:57][com.facebook.buck.features.apple.project.CxxPlatformXcodeConfigGenerator] Can't determine ARCH value
[2020-01-17 19:03:11.246][debug][command:null][tid:57][com.facebook.buck.features.apple.project.ProjectGenerator] Symlink tree at buck-out/gen/_p/pO5CoqROXa-pub is up to date, not regenerating (key 1637699c75bb765304ad925063b61a459aeb8b80).
[2020-01-17 19:03:11.246][debug][command:null][tid:57][com.facebook.buck.features.apple.project.ProjectGenerator] Symlink tree at buck-out/gen/_p/pO5CoqROXa-pub is up to date, not regenerating (key 1637699c75bb765304ad925063b61a459aeb8b80).
[2020-01-17 19:03:11.248][debug][command:null][tid:57][com.facebook.buck.features.apple.project.ProjectGenerator] Symlink tree at buck-out/gen/_p/pO5CoqROXa-priv is up to date, not regenerating (key 117fa1715a4ebef4669144190e7d775bf729f6f9).
[2020-01-17 19:03:11.248][debug][command:null][tid:57][com.facebook.buck.features.apple.project.ProjectGenerator] Symlink tree at buck-out/gen/_p/pO5CoqROXa-priv is up to date, not regenerating (key 117fa1715a4ebef4669144190e7d775bf729f6f9).
[2020-01-17 19:03:11.249][debug][command:null][tid:57][com.facebook.buck.features.apple.project.ProjectGenerator] Generated iOS bundle target //BuckDemo:BuckDemo with binarynode: //BuckDemo:BuckDemoBinary and without bundleloader
[2020-01-17 19:03:11.249][debug][command:null][tid:57][com.facebook.buck.features.apple.project.ProjectGenerator] Generated iOS bundle target //BuckDemo:BuckDemo with binarynode: //BuckDemo:BuckDemoBinary and without bundleloader
[2020-01-17 19:03:11.260][debug][command:null][tid:57][com.facebook.buck.features.apple.project.ProjectGenerator] Not regenerating project at BuckDemo/BuckDemo.xcodeproj/project.pbxproj (contents have not changed)
[2020-01-17 19:03:11.260][debug][command:null][tid:57][com.facebook.buck.features.apple.project.ProjectGenerator] Not regenerating project at BuckDemo/BuckDemo.xcodeproj/project.pbxproj (contents have not changed)
[2020-01-17 19:03:11.268][debug][command:19b7738d-f78d-488b-9246-655f2f992446][tid:01][com.facebook.buck.features.apple.project.WorkspaceAndProjectGenerator] Generating schemes for all sub-projects.
[2020-01-17 19:03:11.276][debug][command:19b7738d-f78d-488b-9246-655f2f992446][tid:01][com.facebook.buck.features.apple.project.SchemeGenerator] Generating scheme with build targets [com.facebook.buck.apple.xcode.xcodeproj.PBXNativeTarget@72d015da isa=PBXNativeTarget gid=E66DC04EA43AB09E00000000], test build targets [], test bundle targets []
[2020-01-17 19:03:11.337][debug][command:19b7738d-f78d-488b-9246-655f2f992446][tid:01][com.facebook.buck.features.apple.project.SchemeGenerator] Generating scheme with build targets [com.facebook.buck.apple.xcode.xcodeproj.PBXNativeTarget@72d015da isa=PBXNativeTarget gid=E66DC04EA43AB09E00000000], test build targets [], test bundle targets []
[2020-01-17 19:03:11.343][debug][command:19b7738d-f78d-488b-9246-655f2f992446][tid:01][com.facebook.buck.features.apple.project.XCodeProjectCommandHelper] Required build targets for workspace //BuckDemo:workspace: []
[2020-01-17 19:03:11.346][info ][command:19b7738d-f78d-488b-9246-655f2f992446][tid:20][com.facebook.buck.event.listener.CriticalPathEventListener] Received command finished event for command : project
[2020-01-17 19:03:11.349][info ][command:null][tid:28][com.facebook.buck.core.graph.transformation.executor.impl.AbstractDepsAwareExecutor] Worker was interrupted
[2020-01-17 19:03:11.349][info ][command:null][tid:27][com.facebook.buck.core.graph.transformation.executor.impl.AbstractDepsAwareExecutor] Worker was interrupted
[2020-01-17 19:03:11.349][info ][command:null][tid:28][com.facebook.buck.core.graph.transformation.executor.impl.AbstractDepsAwareExecutor] Worker was interrupted
[2020-01-17 19:03:11.349][info ][command:null][tid:27][com.facebook.buck.core.graph.transformation.executor.impl.AbstractDepsAwareExecutor] Worker was interrupted
[2020-01-17 19:03:11.349][info ][command:null][tid:30][com.facebook.buck.core.graph.transformation.executor.impl.AbstractDepsAwareExecutor] Worker was interrupted
[2020-01-17 19:03:11.349][info ][command:null][tid:30][com.facebook.buck.core.graph.transformation.executor.impl.AbstractDepsAwareExecutor] Worker was interrupted
[2020-01-17 19:03:11.349][info ][command:null][tid:29][com.facebook.buck.core.graph.transformation.executor.impl.AbstractDepsAwareExecutor] Worker was interrupted
[2020-01-17 19:03:11.349][info ][command:null][tid:29][com.facebook.buck.core.graph.transformation.executor.impl.AbstractDepsAwareExecutor] Worker was interrupted
[2020-01-17 19:03:11.349][info ][command:null][tid:31][com.facebook.buck.core.graph.transformation.executor.impl.AbstractDepsAwareExecutor] Worker was interrupted
[2020-01-17 19:03:11.349][info ][command:null][tid:31][com.facebook.buck.core.graph.transformation.executor.impl.AbstractDepsAwareExecutor] Worker was interrupted
[2020-01-17 19:03:11.349][info ][command:null][tid:32][com.facebook.buck.core.graph.transformation.executor.impl.AbstractDepsAwareExecutor] Worker was interrupted
[2020-01-17 19:03:11.349][info ][command:null][tid:33][com.facebook.buck.core.graph.transformation.executor.impl.AbstractDepsAwareExecutor] Worker was interrupted
[2020-01-17 19:03:11.349][info ][command:null][tid:32][com.facebook.buck.core.graph.transformation.executor.impl.AbstractDepsAwareExecutor] Worker was interrupted
[2020-01-17 19:03:11.349][info ][command:null][tid:33][com.facebook.buck.core.graph.transformation.executor.impl.AbstractDepsAwareExecutor] Worker was interrupted
[2020-01-17 19:03:11.349][info ][command:null][tid:34][com.facebook.buck.core.graph.transformation.executor.impl.AbstractDepsAwareExecutor] Worker was interrupted
[2020-01-17 19:03:11.349][info ][command:null][tid:34][com.facebook.buck.core.graph.transformation.executor.impl.AbstractDepsAwareExecutor] Worker was interrupted
[2020-01-17 19:03:11.354][debug][command:19b7738d-f78d-488b-9246-655f2f992446][tid:19][com.facebook.buck.util.perf.ProcessTracker] shutDown
[2020-01-17 19:03:11.354][debug][command:19b7738d-f78d-488b-9246-655f2f992446][tid:01][com.facebook.buck.event.listener.RenderingConsole] Stopping render scheduler
[2020-01-17 19:03:11.359][info ][command:19b7738d-f78d-488b-9246-655f2f992446][tid:01][com.facebook.buck.cli.MainRunner] Awaiting termination of PROJECT executor service. Waiting for all jobs to complete, or up to maximum of 60 seconds...
[2020-01-17 19:03:11.359][info ][command:19b7738d-f78d-488b-9246-655f2f992446][tid:01][com.facebook.buck.cli.MainRunner] Successfully terminated PROJECT executor service.
[2020-01-17 19:03:11.359][info ][command:19b7738d-f78d-488b-9246-655f2f992446][tid:01][com.facebook.buck.cli.MainRunner] Awaiting termination of NETWORK executor service. Waiting for all jobs to complete, or up to maximum of 60 seconds...
[2020-01-17 19:03:11.359][info ][command:19b7738d-f78d-488b-9246-655f2f992446][tid:01][com.facebook.buck.cli.MainRunner] Successfully terminated NETWORK executor service.
[2020-01-17 19:03:11.359][info ][command:19b7738d-f78d-488b-9246-655f2f992446][tid:01][com.facebook.buck.cli.MainRunner] Awaiting termination of GRAPH_CPU executor service. Waiting for all jobs to complete, or up to maximum of 60 seconds...
[2020-01-17 19:03:11.360][info ][command:19b7738d-f78d-488b-9246-655f2f992446][tid:01][com.facebook.buck.cli.MainRunner] Successfully terminated GRAPH_CPU executor service.
[2020-01-17 19:03:11.360][info ][command:19b7738d-f78d-488b-9246-655f2f992446][tid:01][com.facebook.buck.cli.MainRunner] Awaiting termination of CPU executor service. Waiting for all jobs to complete, or up to maximum of 60 seconds...
[2020-01-17 19:03:11.360][info ][command:19b7738d-f78d-488b-9246-655f2f992446][tid:01][com.facebook.buck.cli.MainRunner] Successfully terminated CPU executor service.
[2020-01-17 19:03:11.360][info ][command:19b7738d-f78d-488b-9246-655f2f992446][tid:01][com.facebook.buck.cli.MainRunner] Awaiting termination of ScheduledExecutorService executor service. Waiting for all jobs to complete, or up to maximum of 60 seconds...
[2020-01-17 19:03:11.360][info ][command:19b7738d-f78d-488b-9246-655f2f992446][tid:01][com.facebook.buck.cli.MainRunner] Successfully terminated ScheduledExecutorService executor service.
[2020-01-17 19:03:11.360][info ][command:19b7738d-f78d-488b-9246-655f2f992446][tid:01][com.facebook.buck.cli.MainRunner] Awaiting termination of CounterAggregatorExecutor executor service. Waiting for all jobs to complete, or up to maximum of 20 seconds...
[2020-01-17 19:03:11.361][info ][command:19b7738d-f78d-488b-9246-655f2f992446][tid:01][com.facebook.buck.cli.MainRunner] Successfully terminated CounterAggregatorExecutor executor service.
[2020-01-17 19:03:11.361][info ][command:19b7738d-f78d-488b-9246-655f2f992446][tid:01][com.facebook.buck.cli.MainRunner] Awaiting termination of HTTP Read executor service. Waiting for all jobs to complete, or up to maximum of 1800 seconds...
[2020-01-17 19:03:11.361][info ][command:19b7738d-f78d-488b-9246-655f2f992446][tid:01][com.facebook.buck.cli.MainRunner] Successfully terminated HTTP Read executor service.
[2020-01-17 19:03:11.361][info ][command:19b7738d-f78d-488b-9246-655f2f992446][tid:01][com.facebook.buck.cli.MainRunner] Awaiting termination of HTTP Write executor service. Waiting for all jobs to complete, or up to maximum of 1800 seconds...
[2020-01-17 19:03:11.361][info ][command:19b7738d-f78d-488b-9246-655f2f992446][tid:01][com.facebook.buck.cli.MainRunner] Successfully terminated HTTP Write executor service.
[2020-01-17 19:03:11.361][info ][command:19b7738d-f78d-488b-9246-655f2f992446][tid:01][com.facebook.buck.cli.MainRunner] Awaiting termination of Disk IO executor service. Waiting for all jobs to complete, or up to maximum of 10 seconds...
[2020-01-17 19:03:11.361][info ][command:19b7738d-f78d-488b-9246-655f2f992446][tid:01][com.facebook.buck.cli.MainRunner] Successfully terminated Disk IO executor service.
[2020-01-17 19:03:11.385][debug][command:null][tid:60][com.facebook.buck.event.listener.ChromeTraceBuildListener] Writing Chrome trace to buck-out/log/2020-01-17_21h03m09s_projectcommand_19b7738d-f78d-488b-9246-655f2f992446/build.2020-01-17.19-03-09.19b7738d-f78d-488b-9246-655f2f992446.trace
[2020-01-17 19:03:11.390][debug][command:null][tid:01][com.facebook.buck.cli.MainRunner] Done.
