[2020-01-17 19:21:47.229][debug][command:5a7c7a94-9353-4565-bf1d-c9192375d1c0][tid:01][com.facebook.buck.event.listener.RenderingConsole] Starting render scheduler (interval 100 ms)
[2020-01-17 19:21:47.248][debug][command:null][tid:19][com.facebook.buck.util.perf.ProcessTracker] startUp
[2020-01-17 19:21:47.248][debug][command:null][tid:19][com.facebook.buck.util.perf.ProcessTracker] startUp
[2020-01-17 19:21:47.278][debug][command:5a7c7a94-9353-4565-bf1d-c9192375d1c0][tid:01][com.facebook.buck.util.environment.MacWifiSsidFinder] Getting current SSID..
[2020-01-17 19:21:47.308][debug][command:5a7c7a94-9353-4565-bf1d-c9192375d1c0][tid:01][com.facebook.buck.util.environment.MacWifiSsidFinder] Getting SSID from Wi-Fi interface: <CWInterface: 0x7f8ac15ed400> [interfaceName=en0]
[2020-01-17 19:21:47.308][debug][command:5a7c7a94-9353-4565-bf1d-c9192375d1c0][tid:01][com.facebook.buck.util.environment.MacWifiSsidFinder] Found SSID: WLANGSNET
[2020-01-17 19:21:47.434][debug][command:5a7c7a94-9353-4565-bf1d-c9192375d1c0][tid:01][com.facebook.buck.util.randomizedtrial.RandomizedTrial] Determined key: 't719628@mact719628/depsaware_executor/5a7c7a94-9353-4565-bf1d-c9192375d1c0'
[2020-01-17 19:21:47.453][debug][command:5a7c7a94-9353-4565-bf1d-c9192375d1c0][tid:01][com.facebook.buck.cli.MainRunner] InvocationInfo BuildId=[5a7c7a94-9353-4565-bf1d-c9192375d1c0] Args=[install, //BuckDemo:BuckDemo]
[2020-01-17 19:21:47.496][info ][command:5a7c7a94-9353-4565-bf1d-c9192375d1c0][tid:01][com.facebook.buck.support.build.report.BuildReportUtils] Build report is not enabled
[2020-01-17 19:21:47.567][info ][command:5a7c7a94-9353-4565-bf1d-c9192375d1c0][tid:01][com.facebook.buck.support.build.report.BuildReportUtils] Build report is not enabled
[2020-01-17 19:21:47.567][warn ][command:null][tid:23][com.facebook.buck.event.listener.PublicAnnouncementManager] Failed to get public announcements. Reason: Failed to establish connection to server.
[2020-01-17 19:21:47.567][warn ][command:null][tid:23][com.facebook.buck.event.listener.PublicAnnouncementManager] Failed to get public announcements. Reason: Failed to establish connection to server.
[2020-01-17 19:21:47.574][debug][command:null][tid:24][com.facebook.buck.util.environment.MacNetworkConfiguration] Determine network service order and extract device names
[2020-01-17 19:21:47.574][debug][command:null][tid:24][com.facebook.buck.util.environment.MacNetworkConfiguration] Determine network service order and extract device names
[2020-01-17 19:21:47.578][debug][command:null][tid:24][com.facebook.buck.util.ListeningProcessExecutor] Launching process with params ProcessExecutorParams{command=[networksetup, -listnetworkserviceorder, ]}
[2020-01-17 19:21:47.578][debug][command:null][tid:24][com.facebook.buck.util.ListeningProcessExecutor] Launching process with params ProcessExecutorParams{command=[networksetup, -listnetworkserviceorder, ]}
[2020-01-17 19:21:47.634][debug][command:null][tid:24][com.facebook.buck.util.ListeningProcessExecutor] Successfully launched process com.zaxxer.nuprocess.osx.OsxProcess@e153851
[2020-01-17 19:21:47.634][debug][command:null][tid:24][com.facebook.buck.util.ListeningProcessExecutor] Successfully launched process com.zaxxer.nuprocess.osx.OsxProcess@e153851
[2020-01-17 19:21:47.637][debug][command:null][tid:24][com.facebook.buck.util.ListeningProcessExecutor] Waiting for process com.facebook.buck.util.ListeningProcessExecutor$LaunchedProcessImpl@7b171361 timeout 1000 MILLISECONDS
[2020-01-17 19:21:47.637][debug][command:null][tid:24][com.facebook.buck.util.ListeningProcessExecutor] Waiting for process com.facebook.buck.util.ListeningProcessExecutor$LaunchedProcessImpl@7b171361 timeout 1000 MILLISECONDS
[2020-01-17 19:21:47.675][debug][command:null][tid:24][com.facebook.buck.util.ListeningProcessExecutor] Wait for process returned 0
[2020-01-17 19:21:47.675][debug][command:null][tid:24][com.facebook.buck.util.ListeningProcessExecutor] Wait for process returned 0
[2020-01-17 19:21:47.675][debug][command:null][tid:24][com.facebook.buck.util.ListeningProcessExecutor] Destroying process com.facebook.buck.util.ListeningProcessExecutor$LaunchedProcessImpl@7b171361 (force true)
[2020-01-17 19:21:47.675][debug][command:null][tid:24][com.facebook.buck.util.ListeningProcessExecutor] Destroying process com.facebook.buck.util.ListeningProcessExecutor$LaunchedProcessImpl@7b171361 (force true)
[2020-01-17 19:21:47.675][debug][command:null][tid:24][com.facebook.buck.util.environment.MacNetworkConfiguration] Determine active state of media for device
[2020-01-17 19:21:47.675][debug][command:null][tid:24][com.facebook.buck.util.environment.MacNetworkConfiguration] Determine active state of media for device
[2020-01-17 19:21:47.675][debug][command:null][tid:24][com.facebook.buck.util.ListeningProcessExecutor] Launching process with params ProcessExecutorParams{command=[networksetup, -getMedia, en5]}
[2020-01-17 19:21:47.675][debug][command:null][tid:24][com.facebook.buck.util.ListeningProcessExecutor] Launching process with params ProcessExecutorParams{command=[networksetup, -getMedia, en5]}
[2020-01-17 19:21:47.678][debug][command:null][tid:24][com.facebook.buck.util.ListeningProcessExecutor] Successfully launched process com.zaxxer.nuprocess.osx.OsxProcess@4b78a0ff
[2020-01-17 19:21:47.678][debug][command:null][tid:24][com.facebook.buck.util.ListeningProcessExecutor] Successfully launched process com.zaxxer.nuprocess.osx.OsxProcess@4b78a0ff
[2020-01-17 19:21:47.680][debug][command:null][tid:24][com.facebook.buck.util.ListeningProcessExecutor] Waiting for process com.facebook.buck.util.ListeningProcessExecutor$LaunchedProcessImpl@4f7868d7 timeout 1000 MILLISECONDS
[2020-01-17 19:21:47.680][debug][command:null][tid:24][com.facebook.buck.util.ListeningProcessExecutor] Waiting for process com.facebook.buck.util.ListeningProcessExecutor$LaunchedProcessImpl@4f7868d7 timeout 1000 MILLISECONDS
[2020-01-17 19:21:47.711][debug][command:null][tid:24][com.facebook.buck.util.ListeningProcessExecutor] Wait for process returned 4
[2020-01-17 19:21:47.711][debug][command:null][tid:24][com.facebook.buck.util.ListeningProcessExecutor] Wait for process returned 4
[2020-01-17 19:21:47.711][debug][command:null][tid:24][com.facebook.buck.util.ListeningProcessExecutor] Destroying process com.facebook.buck.util.ListeningProcessExecutor$LaunchedProcessImpl@4f7868d7 (force true)
[2020-01-17 19:21:47.711][debug][command:null][tid:24][com.facebook.buck.util.ListeningProcessExecutor] Destroying process com.facebook.buck.util.ListeningProcessExecutor$LaunchedProcessImpl@4f7868d7 (force true)
[2020-01-17 19:21:47.711][debug][command:null][tid:24][com.facebook.buck.util.environment.MacNetworkConfiguration] Determine active state of media for device
[2020-01-17 19:21:47.711][debug][command:null][tid:24][com.facebook.buck.util.environment.MacNetworkConfiguration] Determine active state of media for device
[2020-01-17 19:21:47.712][debug][command:null][tid:24][com.facebook.buck.util.ListeningProcessExecutor] Launching process with params ProcessExecutorParams{command=[networksetup, -getMedia, en4]}
[2020-01-17 19:21:47.712][debug][command:null][tid:24][com.facebook.buck.util.ListeningProcessExecutor] Launching process with params ProcessExecutorParams{command=[networksetup, -getMedia, en4]}
[2020-01-17 19:21:47.713][debug][command:5a7c7a94-9353-4565-bf1d-c9192375d1c0][tid:01][com.facebook.buck.parser.DaemonicParserState] Starting to invalidate caches for /Users/t719628/Documents/Douglas/Github/BuckDemo..
[2020-01-17 19:21:47.713][debug][command:5a7c7a94-9353-4565-bf1d-c9192375d1c0][tid:01][com.facebook.buck.parser.DaemonicParserState] Cell caches were empty, no data invalidated.
[2020-01-17 19:21:47.714][debug][command:null][tid:24][com.facebook.buck.util.ListeningProcessExecutor] Successfully launched process com.zaxxer.nuprocess.osx.OsxProcess@69fff824
[2020-01-17 19:21:47.714][debug][command:null][tid:24][com.facebook.buck.util.ListeningProcessExecutor] Successfully launched process com.zaxxer.nuprocess.osx.OsxProcess@69fff824
[2020-01-17 19:21:47.717][debug][command:null][tid:24][com.facebook.buck.util.ListeningProcessExecutor] Waiting for process com.facebook.buck.util.ListeningProcessExecutor$LaunchedProcessImpl@436ef88b timeout 1000 MILLISECONDS
[2020-01-17 19:21:47.717][debug][command:null][tid:24][com.facebook.buck.util.ListeningProcessExecutor] Waiting for process com.facebook.buck.util.ListeningProcessExecutor$LaunchedProcessImpl@436ef88b timeout 1000 MILLISECONDS
[2020-01-17 19:21:47.736][debug][command:5a7c7a94-9353-4565-bf1d-c9192375d1c0][tid:39][com.facebook.buck.io.ExecutableFinder] Executable 'python2' mapped to 'Optional[/usr/bin/python2]'
[2020-01-17 19:21:47.754][debug][command:null][tid:24][com.facebook.buck.util.ListeningProcessExecutor] Wait for process returned 4
[2020-01-17 19:21:47.754][debug][command:null][tid:24][com.facebook.buck.util.ListeningProcessExecutor] Wait for process returned 4
[2020-01-17 19:21:47.754][debug][command:null][tid:24][com.facebook.buck.util.ListeningProcessExecutor] Destroying process com.facebook.buck.util.ListeningProcessExecutor$LaunchedProcessImpl@436ef88b (force true)
[2020-01-17 19:21:47.754][debug][command:null][tid:24][com.facebook.buck.util.ListeningProcessExecutor] Destroying process com.facebook.buck.util.ListeningProcessExecutor$LaunchedProcessImpl@436ef88b (force true)
[2020-01-17 19:21:47.755][debug][command:null][tid:24][com.facebook.buck.util.environment.MacNetworkConfiguration] Determine active state of media for device
[2020-01-17 19:21:47.755][debug][command:null][tid:24][com.facebook.buck.util.environment.MacNetworkConfiguration] Determine active state of media for device
[2020-01-17 19:21:47.755][debug][command:null][tid:24][com.facebook.buck.util.ListeningProcessExecutor] Launching process with params ProcessExecutorParams{command=[networksetup, -getMedia, en0]}
[2020-01-17 19:21:47.755][debug][command:null][tid:24][com.facebook.buck.util.ListeningProcessExecutor] Launching process with params ProcessExecutorParams{command=[networksetup, -getMedia, en0]}
[2020-01-17 19:21:47.758][debug][command:null][tid:24][com.facebook.buck.util.ListeningProcessExecutor] Successfully launched process com.zaxxer.nuprocess.osx.OsxProcess@66f81a35
[2020-01-17 19:21:47.758][debug][command:null][tid:24][com.facebook.buck.util.ListeningProcessExecutor] Successfully launched process com.zaxxer.nuprocess.osx.OsxProcess@66f81a35
[2020-01-17 19:21:47.761][debug][command:null][tid:24][com.facebook.buck.util.ListeningProcessExecutor] Waiting for process com.facebook.buck.util.ListeningProcessExecutor$LaunchedProcessImpl@7ec860e8 timeout 1000 MILLISECONDS
[2020-01-17 19:21:47.761][debug][command:null][tid:24][com.facebook.buck.util.ListeningProcessExecutor] Waiting for process com.facebook.buck.util.ListeningProcessExecutor$LaunchedProcessImpl@7ec860e8 timeout 1000 MILLISECONDS
[2020-01-17 19:21:47.781][info ][command:5a7c7a94-9353-4565-bf1d-c9192375d1c0][tid:39][com.facebook.buck.core.plugin.impl.DefaultBuckPluginManager] Time to load instances of interface com.facebook.buck.core.model.targetgraph.DescriptionProvider: 40
[2020-01-17 19:21:47.795][debug][command:null][tid:24][com.facebook.buck.util.ListeningProcessExecutor] Wait for process returned 0
[2020-01-17 19:21:47.795][debug][command:null][tid:24][com.facebook.buck.util.ListeningProcessExecutor] Wait for process returned 0
[2020-01-17 19:21:47.795][debug][command:null][tid:24][com.facebook.buck.util.ListeningProcessExecutor] Destroying process com.facebook.buck.util.ListeningProcessExecutor$LaunchedProcessImpl@7ec860e8 (force true)
[2020-01-17 19:21:47.795][debug][command:null][tid:24][com.facebook.buck.util.ListeningProcessExecutor] Destroying process com.facebook.buck.util.ListeningProcessExecutor$LaunchedProcessImpl@7ec860e8 (force true)
[2020-01-17 19:21:47.795][debug][command:null][tid:24][com.facebook.buck.util.environment.MacNetworkConfiguration] Determine WiFi SSID of device
[2020-01-17 19:21:47.795][debug][command:null][tid:24][com.facebook.buck.util.environment.MacNetworkConfiguration] Determine WiFi SSID of device
[2020-01-17 19:21:47.796][debug][command:null][tid:24][com.facebook.buck.util.ListeningProcessExecutor] Launching process with params ProcessExecutorParams{command=[networksetup, -getairportnetwork, en0]}
[2020-01-17 19:21:47.796][debug][command:null][tid:24][com.facebook.buck.util.ListeningProcessExecutor] Launching process with params ProcessExecutorParams{command=[networksetup, -getairportnetwork, en0]}
[2020-01-17 19:21:47.798][debug][command:null][tid:24][com.facebook.buck.util.ListeningProcessExecutor] Successfully launched process com.zaxxer.nuprocess.osx.OsxProcess@343f0b3e
[2020-01-17 19:21:47.798][debug][command:null][tid:24][com.facebook.buck.util.ListeningProcessExecutor] Successfully launched process com.zaxxer.nuprocess.osx.OsxProcess@343f0b3e
[2020-01-17 19:21:47.800][debug][command:null][tid:24][com.facebook.buck.util.ListeningProcessExecutor] Waiting for process com.facebook.buck.util.ListeningProcessExecutor$LaunchedProcessImpl@5ba6f77f timeout 1000 MILLISECONDS
[2020-01-17 19:21:47.800][debug][command:null][tid:24][com.facebook.buck.util.ListeningProcessExecutor] Waiting for process com.facebook.buck.util.ListeningProcessExecutor$LaunchedProcessImpl@5ba6f77f timeout 1000 MILLISECONDS
[2020-01-17 19:21:47.835][debug][command:null][tid:24][com.facebook.buck.util.ListeningProcessExecutor] Wait for process returned 0
[2020-01-17 19:21:47.835][debug][command:null][tid:24][com.facebook.buck.util.ListeningProcessExecutor] Wait for process returned 0
[2020-01-17 19:21:47.835][debug][command:null][tid:24][com.facebook.buck.util.ListeningProcessExecutor] Destroying process com.facebook.buck.util.ListeningProcessExecutor$LaunchedProcessImpl@5ba6f77f (force true)
[2020-01-17 19:21:47.835][debug][command:null][tid:24][com.facebook.buck.util.ListeningProcessExecutor] Destroying process com.facebook.buck.util.ListeningProcessExecutor$LaunchedProcessImpl@5ba6f77f (force true)
[2020-01-17 19:21:47.929][info ][command:5a7c7a94-9353-4565-bf1d-c9192375d1c0][tid:39][com.facebook.buck.core.plugin.impl.DefaultBuckPluginManager] Time to load instances of interface com.facebook.buck.apple.XCodeDescriptionClassSupplier: 9
[2020-01-17 19:21:47.976][info ][command:5a7c7a94-9353-4565-bf1d-c9192375d1c0][tid:39][com.facebook.buck.core.plugin.impl.DefaultBuckPluginManager] Time to load instances of interface com.facebook.buck.core.model.targetgraph.BuiltInProviderProvider: 5
[2020-01-17 19:21:48.426][info ][command:5a7c7a94-9353-4565-bf1d-c9192375d1c0][tid:46][com.facebook.buck.core.toolchain.impl.DefaultToolchainProvider] Cannot create a toolchain: android-ndk-location (UnconfiguredTargetConfiguration). Cause: Android NDK could not be found. Make sure to set one of these  environment variables: ANDROID_NDK_REPOSITORY, ANDROID_NDK, or NDK_HOME or ndk.ndk_path or ndk.ndk_repository_path in your .buckconfig
[2020-01-17 19:21:48.426][info ][command:5a7c7a94-9353-4565-bf1d-c9192375d1c0][tid:46][com.facebook.buck.core.toolchain.impl.DefaultToolchainProvider] Cannot create a toolchain: ndk-cxx-platforms (UnconfiguredTargetConfiguration). Cause: Android NDK could not be found. Make sure to set one of these  environment variables: ANDROID_NDK_REPOSITORY, ANDROID_NDK, or NDK_HOME or ndk.ndk_path or ndk.ndk_repository_path in your .buckconfig
[2020-01-17 19:21:48.445][debug][command:5a7c7a94-9353-4565-bf1d-c9192375d1c0][tid:46][com.facebook.buck.apple.toolchain.impl.AppleToolchainDiscovery] Searching for Xcode toolchains under /Library/Developer/CommandLineTools/Toolchains
[2020-01-17 19:21:48.445][debug][command:5a7c7a94-9353-4565-bf1d-c9192375d1c0][tid:46][com.facebook.buck.apple.toolchain.impl.AppleToolchainDiscovery] Skipping toolchain search path /Library/Developer/CommandLineTools/Toolchains that does not exist
[2020-01-17 19:21:48.448][debug][command:5a7c7a94-9353-4565-bf1d-c9192375d1c0][tid:46][com.facebook.buck.apple.toolchain.impl.AppleSdkDiscovery] Searching for Xcode platforms under /Library/Developer/CommandLineTools/Platforms
[2020-01-17 19:21:48.450][debug][command:5a7c7a94-9353-4565-bf1d-c9192375d1c0][tid:46][com.facebook.buck.apple.toolchain.impl.AppleSdkDiscovery] Skipping platform search path /Library/Developer/CommandLineTools/Platforms that does not exist
[2020-01-17 19:21:48.461][debug][command:5a7c7a94-9353-4565-bf1d-c9192375d1c0][tid:46][com.facebook.buck.io.ExecutableFinder] Executable 'clang' mapped to 'Optional[/usr/bin/clang]'
[2020-01-17 19:21:48.462][debug][command:5a7c7a94-9353-4565-bf1d-c9192375d1c0][tid:46][com.facebook.buck.io.ExecutableFinder] Executable 'clang++' mapped to 'Optional[/usr/bin/clang++]'
[2020-01-17 19:21:48.490][info ][command:5a7c7a94-9353-4565-bf1d-c9192375d1c0][tid:46][com.facebook.buck.cxx.toolchain.impl.CxxPlatforms] Couldn't find default platform iphonesimulator-x86_64, falling back to system default
[2020-01-17 19:21:48.512][info ][command:5a7c7a94-9353-4565-bf1d-c9192375d1c0][tid:20][com.facebook.buck.event.listener.LoggingBuildListener] Build started at 2020-01-17 19:21:48.510
[2020-01-17 19:21:48.539][debug][command:5a7c7a94-9353-4565-bf1d-c9192375d1c0][tid:01][com.facebook.buck.core.model.actiongraph.computation.ActionGraphProvider] Computing TargetGraph HashCode...
[2020-01-17 19:21:48.539][info ][command:5a7c7a94-9353-4565-bf1d-c9192375d1c0][tid:01][com.facebook.buck.core.model.actiongraph.computation.ActionGraphProvider] ActionGraph cache miss. Cache was empty.
[2020-01-17 19:21:48.546][debug][command:5a7c7a94-9353-4565-bf1d-c9192375d1c0][tid:01][com.facebook.buck.core.model.actiongraph.computation.ParallelActionGraphFactory] start target graph walk
[2020-01-17 19:21:48.612][debug][command:null][tid:58][com.facebook.buck.cxx.toolchain.CxxToolProvider] Output of [/usr/bin/clang, --version]: [Apple clang version 11.0.0 (clang-1100.0.33.17), Target: x86_64-apple-darwin19.0.0, Thread model: posix, InstalledDir: /Library/Developer/CommandLineTools/usr/bin, ]
[2020-01-17 19:21:48.612][debug][command:null][tid:58][com.facebook.buck.cxx.toolchain.CxxToolProvider] Output of [/usr/bin/clang, --version]: [Apple clang version 11.0.0 (clang-1100.0.33.17), Target: x86_64-apple-darwin19.0.0, Thread model: posix, InstalledDir: /Library/Developer/CommandLineTools/usr/bin, ]
[2020-01-17 19:21:48.633][debug][command:null][tid:58][com.facebook.buck.cxx.toolchain.CxxToolProvider] Output of [/usr/bin/clang++, --version]: [Apple clang version 11.0.0 (clang-1100.0.33.17), Target: x86_64-apple-darwin19.0.0, Thread model: posix, InstalledDir: /Library/Developer/CommandLineTools/usr/bin, ]
[2020-01-17 19:21:48.633][debug][command:null][tid:58][com.facebook.buck.cxx.toolchain.CxxToolProvider] Output of [/usr/bin/clang++, --version]: [Apple clang version 11.0.0 (clang-1100.0.33.17), Target: x86_64-apple-darwin19.0.0, Thread model: posix, InstalledDir: /Library/Developer/CommandLineTools/usr/bin, ]
[2020-01-17 19:21:48.688][debug][command:null][tid:58][com.facebook.buck.core.rulekey.MissingExcludeReporter] Field com.facebook.buck.rules.args.ImmutableSourcePathArg.path should be annotated with @AddToRuleKey or @ExcludeFromRuleKey.
[2020-01-17 19:21:48.688][debug][command:null][tid:58][com.facebook.buck.core.rulekey.MissingExcludeReporter] Field com.facebook.buck.rules.args.ImmutableSourcePathArg.path should be annotated with @AddToRuleKey or @ExcludeFromRuleKey.
[2020-01-17 19:21:48.696][debug][command:null][tid:60][com.facebook.buck.apple.toolchain.impl.ProvisioningProfileStoreFactory] Provisioning profile search path: /Users/t719628/Library/MobileDevice/Provisioning Profiles
[2020-01-17 19:21:48.696][debug][command:null][tid:60][com.facebook.buck.apple.toolchain.impl.ProvisioningProfileStoreFactory] Provisioning profile search path: /Users/t719628/Library/MobileDevice/Provisioning Profiles
[2020-01-17 19:21:48.700][info ][command:5a7c7a94-9353-4565-bf1d-c9192375d1c0][tid:20][com.facebook.buck.event.listener.LoggingBuildListener] Build finished at 2020-01-17 19:21:48.699
[2020-01-17 19:21:48.709][info ][command:5a7c7a94-9353-4565-bf1d-c9192375d1c0][tid:20][com.facebook.buck.event.listener.AbstractConsoleEventBusListener] 
Top slow rules: Buck didn't spend time in rules.
[2020-01-17 19:21:48.709][info ][command:5a7c7a94-9353-4565-bf1d-c9192375d1c0][tid:20][com.facebook.buck.event.listener.CriticalPathEventListener] Received command finished event for command : install
[2020-01-17 19:21:48.711][info ][command:null][tid:29][com.facebook.buck.core.graph.transformation.executor.impl.AbstractDepsAwareExecutor] Worker was interrupted
[2020-01-17 19:21:48.711][info ][command:null][tid:28][com.facebook.buck.core.graph.transformation.executor.impl.AbstractDepsAwareExecutor] Worker was interrupted
[2020-01-17 19:21:48.711][info ][command:null][tid:30][com.facebook.buck.core.graph.transformation.executor.impl.AbstractDepsAwareExecutor] Worker was interrupted
[2020-01-17 19:21:48.711][info ][command:null][tid:29][com.facebook.buck.core.graph.transformation.executor.impl.AbstractDepsAwareExecutor] Worker was interrupted
[2020-01-17 19:21:48.711][info ][command:null][tid:30][com.facebook.buck.core.graph.transformation.executor.impl.AbstractDepsAwareExecutor] Worker was interrupted
[2020-01-17 19:21:48.711][info ][command:null][tid:31][com.facebook.buck.core.graph.transformation.executor.impl.AbstractDepsAwareExecutor] Worker was interrupted
[2020-01-17 19:21:48.711][info ][command:null][tid:31][com.facebook.buck.core.graph.transformation.executor.impl.AbstractDepsAwareExecutor] Worker was interrupted
[2020-01-17 19:21:48.711][info ][command:null][tid:27][com.facebook.buck.core.graph.transformation.executor.impl.AbstractDepsAwareExecutor] Worker was interrupted
[2020-01-17 19:21:48.711][info ][command:null][tid:27][com.facebook.buck.core.graph.transformation.executor.impl.AbstractDepsAwareExecutor] Worker was interrupted
[2020-01-17 19:21:48.711][info ][command:null][tid:28][com.facebook.buck.core.graph.transformation.executor.impl.AbstractDepsAwareExecutor] Worker was interrupted
[2020-01-17 19:21:48.711][info ][command:null][tid:32][com.facebook.buck.core.graph.transformation.executor.impl.AbstractDepsAwareExecutor] Worker was interrupted
[2020-01-17 19:21:48.711][info ][command:null][tid:32][com.facebook.buck.core.graph.transformation.executor.impl.AbstractDepsAwareExecutor] Worker was interrupted
[2020-01-17 19:21:48.711][info ][command:null][tid:34][com.facebook.buck.core.graph.transformation.executor.impl.AbstractDepsAwareExecutor] Worker was interrupted
[2020-01-17 19:21:48.711][info ][command:null][tid:34][com.facebook.buck.core.graph.transformation.executor.impl.AbstractDepsAwareExecutor] Worker was interrupted
[2020-01-17 19:21:48.711][info ][command:null][tid:33][com.facebook.buck.core.graph.transformation.executor.impl.AbstractDepsAwareExecutor] Worker was interrupted
[2020-01-17 19:21:48.711][info ][command:null][tid:33][com.facebook.buck.core.graph.transformation.executor.impl.AbstractDepsAwareExecutor] Worker was interrupted
[2020-01-17 19:21:48.718][debug][command:5a7c7a94-9353-4565-bf1d-c9192375d1c0][tid:19][com.facebook.buck.util.perf.ProcessTracker] shutDown
[2020-01-17 19:21:48.719][debug][command:5a7c7a94-9353-4565-bf1d-c9192375d1c0][tid:01][com.facebook.buck.event.listener.RenderingConsole] Stopping render scheduler
[2020-01-17 19:21:48.720][info ][command:5a7c7a94-9353-4565-bf1d-c9192375d1c0][tid:01][com.facebook.buck.event.listener.AbstractConsoleEventBusListener] 
Top slow rules: Buck didn't spend time in rules.
[2020-01-17 19:21:48.725][info ][command:5a7c7a94-9353-4565-bf1d-c9192375d1c0][tid:01][com.facebook.buck.cli.MainRunner] Awaiting termination of PROJECT executor service. Waiting for all jobs to complete, or up to maximum of 60 seconds...
[2020-01-17 19:21:48.726][info ][command:5a7c7a94-9353-4565-bf1d-c9192375d1c0][tid:01][com.facebook.buck.cli.MainRunner] Successfully terminated PROJECT executor service.
[2020-01-17 19:21:48.726][info ][command:5a7c7a94-9353-4565-bf1d-c9192375d1c0][tid:01][com.facebook.buck.cli.MainRunner] Awaiting termination of NETWORK executor service. Waiting for all jobs to complete, or up to maximum of 60 seconds...
[2020-01-17 19:21:48.726][info ][command:5a7c7a94-9353-4565-bf1d-c9192375d1c0][tid:01][com.facebook.buck.cli.MainRunner] Successfully terminated NETWORK executor service.
[2020-01-17 19:21:48.727][info ][command:5a7c7a94-9353-4565-bf1d-c9192375d1c0][tid:01][com.facebook.buck.cli.MainRunner] Awaiting termination of GRAPH_CPU executor service. Waiting for all jobs to complete, or up to maximum of 60 seconds...
[2020-01-17 19:21:48.727][info ][command:5a7c7a94-9353-4565-bf1d-c9192375d1c0][tid:01][com.facebook.buck.cli.MainRunner] Successfully terminated GRAPH_CPU executor service.
[2020-01-17 19:21:48.727][info ][command:5a7c7a94-9353-4565-bf1d-c9192375d1c0][tid:01][com.facebook.buck.cli.MainRunner] Awaiting termination of CPU executor service. Waiting for all jobs to complete, or up to maximum of 60 seconds...
[2020-01-17 19:21:48.727][info ][command:5a7c7a94-9353-4565-bf1d-c9192375d1c0][tid:01][com.facebook.buck.cli.MainRunner] Successfully terminated CPU executor service.
[2020-01-17 19:21:48.728][info ][command:5a7c7a94-9353-4565-bf1d-c9192375d1c0][tid:01][com.facebook.buck.cli.MainRunner] Awaiting termination of ScheduledExecutorService executor service. Waiting for all jobs to complete, or up to maximum of 60 seconds...
[2020-01-17 19:21:48.728][info ][command:5a7c7a94-9353-4565-bf1d-c9192375d1c0][tid:01][com.facebook.buck.cli.MainRunner] Successfully terminated ScheduledExecutorService executor service.
[2020-01-17 19:21:48.728][info ][command:5a7c7a94-9353-4565-bf1d-c9192375d1c0][tid:01][com.facebook.buck.cli.MainRunner] Awaiting termination of CounterAggregatorExecutor executor service. Waiting for all jobs to complete, or up to maximum of 20 seconds...
[2020-01-17 19:21:48.728][info ][command:5a7c7a94-9353-4565-bf1d-c9192375d1c0][tid:01][com.facebook.buck.cli.MainRunner] Successfully terminated CounterAggregatorExecutor executor service.
[2020-01-17 19:21:48.728][info ][command:5a7c7a94-9353-4565-bf1d-c9192375d1c0][tid:01][com.facebook.buck.cli.MainRunner] Awaiting termination of HTTP Read executor service. Waiting for all jobs to complete, or up to maximum of 1800 seconds...
[2020-01-17 19:21:48.728][info ][command:5a7c7a94-9353-4565-bf1d-c9192375d1c0][tid:01][com.facebook.buck.cli.MainRunner] Successfully terminated HTTP Read executor service.
[2020-01-17 19:21:48.729][info ][command:5a7c7a94-9353-4565-bf1d-c9192375d1c0][tid:01][com.facebook.buck.cli.MainRunner] Awaiting termination of HTTP Write executor service. Waiting for all jobs to complete, or up to maximum of 1800 seconds...
[2020-01-17 19:21:48.729][info ][command:5a7c7a94-9353-4565-bf1d-c9192375d1c0][tid:01][com.facebook.buck.cli.MainRunner] Successfully terminated HTTP Write executor service.
[2020-01-17 19:21:48.729][info ][command:5a7c7a94-9353-4565-bf1d-c9192375d1c0][tid:01][com.facebook.buck.cli.MainRunner] Awaiting termination of Disk IO executor service. Waiting for all jobs to complete, or up to maximum of 10 seconds...
[2020-01-17 19:21:48.729][info ][command:5a7c7a94-9353-4565-bf1d-c9192375d1c0][tid:01][com.facebook.buck.cli.MainRunner] Successfully terminated Disk IO executor service.
[2020-01-17 19:21:48.734][info ][command:5a7c7a94-9353-4565-bf1d-c9192375d1c0][tid:01][com.facebook.buck.cli.MainRunner] Auto fixing is not enabled for command install
[2020-01-17 19:21:48.764][debug][command:null][tid:63][com.facebook.buck.event.listener.ChromeTraceBuildListener] Writing Chrome trace to buck-out/log/2020-01-17_21h21m47s_installcommand_5a7c7a94-9353-4565-bf1d-c9192375d1c0/build.2020-01-17.19-21-47.5a7c7a94-9353-4565-bf1d-c9192375d1c0.trace
[2020-01-17 19:21:48.769][warn ][command:null][tid:01][com.facebook.buck.cli.MainRunner] Command failed:
com.facebook.buck.core.exceptions.BuckUncheckedExecutionException: null: java.util.concurrent.ExecutionException: com.facebook.buck.core.exceptions.BuckUncheckedExecutionException: When creating rule //BuckDemo:BuckDemo.: com.facebook.buck.core.exceptions.BuckUncheckedExecutionException: null: java.util.concurrent.ExecutionException: com.facebook.buck.core.exceptions.BuckUncheckedExecutionException: When creating rule //BuckDemo:BuckDemo#dwarf-and-dsym.: com.facebook.buck.core.exceptions.BuckUncheckedExecutionException: null: java.util.concurrent.ExecutionException: com.facebook.buck.core.exceptions.BuckUncheckedExecutionException: When creating rule //BuckDemo:BuckDemo#dwarf-and-dsym,no-include-frameworks.: com.facebook.buck.core.exceptions.HumanReadableException: //BuckDemo:BuckDemo#dwarf-and-dsym,no-include-frameworks: Apple bundle requires an Apple platform, found 'default'

A common cause of this error is that the required SDK is missing.
Please check whether it's installed and retry.
Original exception: "Apple C++ Platform" has no flavor "default"; available ones: 
	at com.facebook.buck.util.concurrent.MoreFutures.getUncheckedInterruptibly(MoreFutures.java:192)
	at com.facebook.buck.core.model.actiongraph.computation.ParallelActionGraphFactory.create(ParallelActionGraphFactory.java:105)
	at com.facebook.buck.core.model.actiongraph.computation.ActionGraphFactory.createActionGraph(ActionGraphFactory.java:149)
	at com.facebook.buck.core.model.actiongraph.computation.ActionGraphProvider.createActionGraph(ActionGraphProvider.java:209)
	at com.facebook.buck.core.model.actiongraph.computation.ActionGraphProvider.getActionGraph(ActionGraphProvider.java:152)
	at com.facebook.buck.cli.BuildCommand.createActionGraphAndResolver(BuildCommand.java:832)
	at com.facebook.buck.cli.BuildCommand.createGraphsAndTargets(BuildCommand.java:412)
	at com.facebook.buck.cli.BuildCommand.executeBuildAndProcessResult(BuildCommand.java:476)
	at com.facebook.buck.cli.BuildCommand.run(BuildCommand.java:361)
	at com.facebook.buck.cli.InstallCommand.runWithoutHelp(InstallCommand.java:231)
	at com.facebook.buck.cli.AbstractCommand.run(AbstractCommand.java:277)
	at com.facebook.buck.cli.AbstractContainerCommand.run(AbstractContainerCommand.java:90)
	at com.facebook.buck.cli.MainRunner.runMainWithExitCode(MainRunner.java:1443)
	at com.facebook.buck.cli.MainRunner.runMainThenExit(MainRunner.java:478)
	at com.facebook.buck.cli.MainWithoutNailgun.main(MainWithoutNailgun.java:57)
	at sun.reflect.NativeMethodAccessorImpl.invoke0(Native Method)
	at sun.reflect.NativeMethodAccessorImpl.invoke(NativeMethodAccessorImpl.java:62)
	at sun.reflect.DelegatingMethodAccessorImpl.invoke(DelegatingMethodAccessorImpl.java:43)
	at java.lang.reflect.Method.invoke(Method.java:498)
	at com.facebook.buck.cli.bootstrapper.ClassLoaderBootstrapper.main(ClassLoaderBootstrapper.java:55)
Caused by: java.util.concurrent.ExecutionException: com.facebook.buck.core.exceptions.BuckUncheckedExecutionException: When creating rule //BuckDemo:BuckDemo.: com.facebook.buck.core.exceptions.BuckUncheckedExecutionException: null: java.util.concurrent.ExecutionException: com.facebook.buck.core.exceptions.BuckUncheckedExecutionException: When creating rule //BuckDemo:BuckDemo#dwarf-and-dsym.: com.facebook.buck.core.exceptions.BuckUncheckedExecutionException: null: java.util.concurrent.ExecutionException: com.facebook.buck.core.exceptions.BuckUncheckedExecutionException: When creating rule //BuckDemo:BuckDemo#dwarf-and-dsym,no-include-frameworks.: com.facebook.buck.core.exceptions.HumanReadableException: //BuckDemo:BuckDemo#dwarf-and-dsym,no-include-frameworks: Apple bundle requires an Apple platform, found 'default'

A common cause of this error is that the required SDK is missing.
Please check whether it's installed and retry.
Original exception: "Apple C++ Platform" has no flavor "default"; available ones: 
	at com.google.common.util.concurrent.AbstractFuture.getDoneValue(AbstractFuture.java:528)
	at com.google.common.util.concurrent.AbstractFuture.get(AbstractFuture.java:507)
	at com.google.common.util.concurrent.AbstractFuture$TrustedFuture.get(AbstractFuture.java:85)
	at com.facebook.buck.util.concurrent.MoreFutures.getUncheckedInterruptibly(MoreFutures.java:187)
	... 19 more
Caused by: com.facebook.buck.core.exceptions.BuckUncheckedExecutionException: When creating rule //BuckDemo:BuckDemo.: com.facebook.buck.core.exceptions.BuckUncheckedExecutionException: null: java.util.concurrent.ExecutionException: com.facebook.buck.core.exceptions.BuckUncheckedExecutionException: When creating rule //BuckDemo:BuckDemo#dwarf-and-dsym.: com.facebook.buck.core.exceptions.BuckUncheckedExecutionException: null: java.util.concurrent.ExecutionException: com.facebook.buck.core.exceptions.BuckUncheckedExecutionException: When creating rule //BuckDemo:BuckDemo#dwarf-and-dsym,no-include-frameworks.: com.facebook.buck.core.exceptions.HumanReadableException: //BuckDemo:BuckDemo#dwarf-and-dsym,no-include-frameworks: Apple bundle requires an Apple platform, found 'default'

A common cause of this error is that the required SDK is missing.
Please check whether it's installed and retry.
Original exception: "Apple C++ Platform" has no flavor "default"; available ones: 
	at com.facebook.buck.core.rules.transformer.impl.DefaultTargetNodeToBuildRuleTransformer.transform(DefaultTargetNodeToBuildRuleTransformer.java:114)
	at com.facebook.buck.core.rules.transformer.TargetNodeToBuildRuleTransformer.transform(TargetNodeToBuildRuleTransformer.java:40)
	at com.facebook.buck.core.rules.resolver.impl.MultiThreadedActionGraphBuilder.lambda$17(MultiThreadedActionGraphBuilder.java:241)
	at com.facebook.buck.core.rules.resolver.impl.MultiThreadedActionGraphBuilder.lambda$19(MultiThreadedActionGraphBuilder.java:283)
	at com.facebook.buck.core.rules.resolver.impl.MultiThreadedActionGraphBuilder.lambda$16(MultiThreadedActionGraphBuilder.java:247)
	at com.facebook.buck.core.rules.resolver.impl.MultiThreadedActionGraphBuilder$Task.tryComplete(MultiThreadedActionGraphBuilder.java:344)
	at com.facebook.buck.core.rules.resolver.impl.MultiThreadedActionGraphBuilder$Task.tryComplete(MultiThreadedActionGraphBuilder.java:333)
	at java.util.concurrent.ThreadPoolExecutor.runWorker(ThreadPoolExecutor.java:1149)
	at java.util.concurrent.ThreadPoolExecutor$Worker.run(ThreadPoolExecutor.java:624)
	at java.lang.Thread.run(Thread.java:748)
Caused by: com.facebook.buck.core.exceptions.BuckUncheckedExecutionException: null: java.util.concurrent.ExecutionException: com.facebook.buck.core.exceptions.BuckUncheckedExecutionException: When creating rule //BuckDemo:BuckDemo#dwarf-and-dsym.: com.facebook.buck.core.exceptions.BuckUncheckedExecutionException: null: java.util.concurrent.ExecutionException: com.facebook.buck.core.exceptions.BuckUncheckedExecutionException: When creating rule //BuckDemo:BuckDemo#dwarf-and-dsym,no-include-frameworks.: com.facebook.buck.core.exceptions.HumanReadableException: //BuckDemo:BuckDemo#dwarf-and-dsym,no-include-frameworks: Apple bundle requires an Apple platform, found 'default'

A common cause of this error is that the required SDK is missing.
Please check whether it's installed and retry.
Original exception: "Apple C++ Platform" has no flavor "default"; available ones: 
	at com.facebook.buck.util.concurrent.MoreFutures.getUncheckedInterruptibly(MoreFutures.java:192)
	at com.facebook.buck.core.rules.resolver.impl.MultiThreadedActionGraphBuilder$Task.get(MultiThreadedActionGraphBuilder.java:317)
	at com.facebook.buck.core.rules.resolver.impl.MultiThreadedActionGraphBuilder$Task.access$2(MultiThreadedActionGraphBuilder.java:315)
	at com.facebook.buck.core.rules.resolver.impl.MultiThreadedActionGraphBuilder.requireRule(MultiThreadedActionGraphBuilder.java:220)
	at com.facebook.buck.apple.AppleBundleDescription.createBuildRule(AppleBundleDescription.java:164)
	at com.facebook.buck.apple.AppleBundleDescription.createBuildRule(AppleBundleDescription.java:1)
	at com.facebook.buck.core.rules.transformer.impl.DefaultTargetNodeToBuildRuleTransformer.transform(DefaultTargetNodeToBuildRuleTransformer.java:112)
	... 9 more
Caused by: java.util.concurrent.ExecutionException: com.facebook.buck.core.exceptions.BuckUncheckedExecutionException: When creating rule //BuckDemo:BuckDemo#dwarf-and-dsym.: com.facebook.buck.core.exceptions.BuckUncheckedExecutionException: null: java.util.concurrent.ExecutionException: com.facebook.buck.core.exceptions.BuckUncheckedExecutionException: When creating rule //BuckDemo:BuckDemo#dwarf-and-dsym,no-include-frameworks.: com.facebook.buck.core.exceptions.HumanReadableException: //BuckDemo:BuckDemo#dwarf-and-dsym,no-include-frameworks: Apple bundle requires an Apple platform, found 'default'

A common cause of this error is that the required SDK is missing.
Please check whether it's installed and retry.
Original exception: "Apple C++ Platform" has no flavor "default"; available ones: 
	at com.google.common.util.concurrent.AbstractFuture.getDoneValue(AbstractFuture.java:528)
	at com.google.common.util.concurrent.AbstractFuture.get(AbstractFuture.java:487)
	at com.google.common.util.concurrent.AbstractFuture$TrustedFuture.get(AbstractFuture.java:85)
	at com.facebook.buck.util.concurrent.MoreFutures.getUncheckedInterruptibly(MoreFutures.java:187)
	... 15 more
Caused by: com.facebook.buck.core.exceptions.BuckUncheckedExecutionException: When creating rule //BuckDemo:BuckDemo#dwarf-and-dsym.: com.facebook.buck.core.exceptions.BuckUncheckedExecutionException: null: java.util.concurrent.ExecutionException: com.facebook.buck.core.exceptions.BuckUncheckedExecutionException: When creating rule //BuckDemo:BuckDemo#dwarf-and-dsym,no-include-frameworks.: com.facebook.buck.core.exceptions.HumanReadableException: //BuckDemo:BuckDemo#dwarf-and-dsym,no-include-frameworks: Apple bundle requires an Apple platform, found 'default'

A common cause of this error is that the required SDK is missing.
Please check whether it's installed and retry.
Original exception: "Apple C++ Platform" has no flavor "default"; available ones: 
	at com.facebook.buck.core.rules.transformer.impl.DefaultTargetNodeToBuildRuleTransformer.transform(DefaultTargetNodeToBuildRuleTransformer.java:114)
	at com.facebook.buck.core.rules.transformer.TargetNodeToBuildRuleTransformer.transform(TargetNodeToBuildRuleTransformer.java:40)
	at com.facebook.buck.core.rules.resolver.impl.MultiThreadedActionGraphBuilder.lambda$17(MultiThreadedActionGraphBuilder.java:241)
	at com.facebook.buck.core.rules.resolver.impl.MultiThreadedActionGraphBuilder.lambda$19(MultiThreadedActionGraphBuilder.java:283)
	at com.facebook.buck.core.rules.resolver.impl.MultiThreadedActionGraphBuilder.lambda$16(MultiThreadedActionGraphBuilder.java:247)
	at com.facebook.buck.core.rules.resolver.impl.MultiThreadedActionGraphBuilder$Task.tryComplete(MultiThreadedActionGraphBuilder.java:344)
	at com.facebook.buck.core.rules.resolver.impl.MultiThreadedActionGraphBuilder$Task.tryComplete(MultiThreadedActionGraphBuilder.java:333)
	at com.facebook.buck.core.rules.resolver.impl.MultiThreadedActionGraphBuilder$Task.get(MultiThreadedActionGraphBuilder.java:316)
	... 14 more
Caused by: com.facebook.buck.core.exceptions.BuckUncheckedExecutionException: null: java.util.concurrent.ExecutionException: com.facebook.buck.core.exceptions.BuckUncheckedExecutionException: When creating rule //BuckDemo:BuckDemo#dwarf-and-dsym,no-include-frameworks.: com.facebook.buck.core.exceptions.HumanReadableException: //BuckDemo:BuckDemo#dwarf-and-dsym,no-include-frameworks: Apple bundle requires an Apple platform, found 'default'

A common cause of this error is that the required SDK is missing.
Please check whether it's installed and retry.
Original exception: "Apple C++ Platform" has no flavor "default"; available ones: 
	at com.facebook.buck.util.concurrent.MoreFutures.getUncheckedInterruptibly(MoreFutures.java:192)
	at com.facebook.buck.core.rules.resolver.impl.MultiThreadedActionGraphBuilder$Task.get(MultiThreadedActionGraphBuilder.java:317)
	at com.facebook.buck.core.rules.resolver.impl.MultiThreadedActionGraphBuilder$Task.access$2(MultiThreadedActionGraphBuilder.java:315)
	at com.facebook.buck.core.rules.resolver.impl.MultiThreadedActionGraphBuilder.requireRule(MultiThreadedActionGraphBuilder.java:220)
	at com.facebook.buck.apple.AppleBundleDescription.createBuildRule(AppleBundleDescription.java:169)
	at com.facebook.buck.apple.AppleBundleDescription.createBuildRule(AppleBundleDescription.java:1)
	at com.facebook.buck.core.rules.transformer.impl.DefaultTargetNodeToBuildRuleTransformer.transform(DefaultTargetNodeToBuildRuleTransformer.java:112)
	... 21 more
Caused by: java.util.concurrent.ExecutionException: com.facebook.buck.core.exceptions.BuckUncheckedExecutionException: When creating rule //BuckDemo:BuckDemo#dwarf-and-dsym,no-include-frameworks.: com.facebook.buck.core.exceptions.HumanReadableException: //BuckDemo:BuckDemo#dwarf-and-dsym,no-include-frameworks: Apple bundle requires an Apple platform, found 'default'

A common cause of this error is that the required SDK is missing.
Please check whether it's installed and retry.
Original exception: "Apple C++ Platform" has no flavor "default"; available ones: 
	at com.google.common.util.concurrent.AbstractFuture.getDoneValue(AbstractFuture.java:528)
	at com.google.common.util.concurrent.AbstractFuture.get(AbstractFuture.java:487)
	at com.google.common.util.concurrent.AbstractFuture$TrustedFuture.get(AbstractFuture.java:85)
	at com.facebook.buck.util.concurrent.MoreFutures.getUncheckedInterruptibly(MoreFutures.java:187)
	... 27 more
Caused by: com.facebook.buck.core.exceptions.BuckUncheckedExecutionException: When creating rule //BuckDemo:BuckDemo#dwarf-and-dsym,no-include-frameworks.: com.facebook.buck.core.exceptions.HumanReadableException: //BuckDemo:BuckDemo#dwarf-and-dsym,no-include-frameworks: Apple bundle requires an Apple platform, found 'default'

A common cause of this error is that the required SDK is missing.
Please check whether it's installed and retry.
Original exception: "Apple C++ Platform" has no flavor "default"; available ones: 
	at com.facebook.buck.core.rules.transformer.impl.DefaultTargetNodeToBuildRuleTransformer.transform(DefaultTargetNodeToBuildRuleTransformer.java:114)
	at com.facebook.buck.core.rules.transformer.TargetNodeToBuildRuleTransformer.transform(TargetNodeToBuildRuleTransformer.java:40)
	at com.facebook.buck.core.rules.resolver.impl.MultiThreadedActionGraphBuilder.lambda$17(MultiThreadedActionGraphBuilder.java:241)
	at com.facebook.buck.core.rules.resolver.impl.MultiThreadedActionGraphBuilder.lambda$19(MultiThreadedActionGraphBuilder.java:283)
	at com.facebook.buck.core.rules.resolver.impl.MultiThreadedActionGraphBuilder.lambda$16(MultiThreadedActionGraphBuilder.java:247)
	at com.facebook.buck.core.rules.resolver.impl.MultiThreadedActionGraphBuilder$Task.tryComplete(MultiThreadedActionGraphBuilder.java:344)
	at com.facebook.buck.core.rules.resolver.impl.MultiThreadedActionGraphBuilder$Task.tryComplete(MultiThreadedActionGraphBuilder.java:333)
	at com.facebook.buck.core.rules.resolver.impl.MultiThreadedActionGraphBuilder$Task.get(MultiThreadedActionGraphBuilder.java:316)
	... 26 more
Caused by: com.facebook.buck.core.exceptions.HumanReadableException: //BuckDemo:BuckDemo#dwarf-and-dsym,no-include-frameworks: Apple bundle requires an Apple platform, found 'default'

A common cause of this error is that the required SDK is missing.
Please check whether it's installed and retry.
Original exception: "Apple C++ Platform" has no flavor "default"; available ones: 
	at com.facebook.buck.apple.ApplePlatforms.getAppleCxxPlatformForBuildTarget(ApplePlatforms.java:74)
	at com.facebook.buck.apple.AppleDescriptions.createAppleBundle(AppleDescriptions.java:675)
	at com.facebook.buck.apple.AppleBundleDescription.createBuildRule(AppleBundleDescription.java:182)
	at com.facebook.buck.apple.AppleBundleDescription.createBuildRule(AppleBundleDescription.java:1)
	at com.facebook.buck.core.rules.transformer.impl.DefaultTargetNodeToBuildRuleTransformer.transform(DefaultTargetNodeToBuildRuleTransformer.java:112)
	... 33 more
Caused by: com.facebook.buck.core.model.FlavorDomainException: "Apple C++ Platform" has no flavor "default"; available ones: 
	at com.facebook.buck.core.model.FlavorDomain.getValue(FlavorDomain.java:182)
	at com.facebook.buck.apple.ApplePlatforms.getAppleCxxPlatformForBuildTarget(ApplePlatforms.java:72)
	... 37 more

[2020-01-17 19:21:48.775][warn ][command:null][tid:01][com.facebook.buck.util.Console] Command failure: //BuckDemo:BuckDemo#dwarf-and-dsym,no-include-frameworks: Apple bundle requires an Apple platform, found 'default'

A common cause of this error is that the required SDK is missing.
Please check whether it's installed and retry.
Original exception: "Apple C++ Platform" has no flavor "default"; available ones: 
    When creating rule //BuckDemo:BuckDemo#dwarf-and-dsym,no-include-frameworks.
    When creating rule //BuckDemo:BuckDemo#dwarf-and-dsym.
    When creating rule //BuckDemo:BuckDemo.
[2020-01-17 19:21:48.776][warn ][command:null][tid:01][com.facebook.buck.util.Console] Command failure: //BuckDemo:BuckDemo#dwarf-and-dsym,no-include-frameworks: Apple bundle requires an Apple platform, found 'default'

A common cause of this error is that the required SDK is missing.
Please check whether it's installed and retry.
Original exception: "Apple C++ Platform" has no flavor "default"; available ones: 
    When creating rule //BuckDemo:BuckDemo#dwarf-and-dsym,no-include-frameworks.
    When creating rule //BuckDemo:BuckDemo#dwarf-and-dsym.
    When creating rule //BuckDemo:BuckDemo.
[2020-01-17 19:21:48.782][debug][command:null][tid:01][com.facebook.buck.cli.MainRunner] Done.
