[2020-01-17 19:32:43.638][debug][command:427a2018-136f-4a74-be53-31d5e2938024][tid:01][com.facebook.buck.event.listener.RenderingConsole] Starting render scheduler (interval 100 ms)
[2020-01-17 19:32:43.653][debug][command:null][tid:19][com.facebook.buck.util.perf.ProcessTracker] startUp
[2020-01-17 19:32:43.653][debug][command:null][tid:19][com.facebook.buck.util.perf.ProcessTracker] startUp
[2020-01-17 19:32:43.681][debug][command:427a2018-136f-4a74-be53-31d5e2938024][tid:01][com.facebook.buck.util.environment.MacWifiSsidFinder] Getting current SSID..
[2020-01-17 19:32:43.712][debug][command:427a2018-136f-4a74-be53-31d5e2938024][tid:01][com.facebook.buck.util.environment.MacWifiSsidFinder] Getting SSID from Wi-Fi interface: <CWInterface: 0x7f8cfe90f140> [interfaceName=en0]
[2020-01-17 19:32:43.713][debug][command:427a2018-136f-4a74-be53-31d5e2938024][tid:01][com.facebook.buck.util.environment.MacWifiSsidFinder] Found SSID: WLANGSNET
[2020-01-17 19:32:43.834][debug][command:427a2018-136f-4a74-be53-31d5e2938024][tid:01][com.facebook.buck.util.randomizedtrial.RandomizedTrial] Determined key: 't719628@mact719628/depsaware_executor/427a2018-136f-4a74-be53-31d5e2938024'
[2020-01-17 19:32:43.856][debug][command:427a2018-136f-4a74-be53-31d5e2938024][tid:01][com.facebook.buck.cli.MainRunner] InvocationInfo BuildId=[427a2018-136f-4a74-be53-31d5e2938024] Args=[build, //BuckDemo:BuckDemo]
[2020-01-17 19:32:43.900][info ][command:427a2018-136f-4a74-be53-31d5e2938024][tid:01][com.facebook.buck.support.build.report.BuildReportUtils] Build report is not enabled
[2020-01-17 19:32:43.971][info ][command:427a2018-136f-4a74-be53-31d5e2938024][tid:01][com.facebook.buck.support.build.report.BuildReportUtils] Build report is not enabled
[2020-01-17 19:32:43.971][warn ][command:null][tid:23][com.facebook.buck.event.listener.PublicAnnouncementManager] Failed to get public announcements. Reason: Failed to establish connection to server.
[2020-01-17 19:32:43.971][warn ][command:null][tid:23][com.facebook.buck.event.listener.PublicAnnouncementManager] Failed to get public announcements. Reason: Failed to establish connection to server.
[2020-01-17 19:32:43.978][debug][command:null][tid:24][com.facebook.buck.util.environment.MacNetworkConfiguration] Determine network service order and extract device names
[2020-01-17 19:32:43.978][debug][command:null][tid:24][com.facebook.buck.util.environment.MacNetworkConfiguration] Determine network service order and extract device names
[2020-01-17 19:32:43.982][debug][command:null][tid:24][com.facebook.buck.util.ListeningProcessExecutor] Launching process with params ProcessExecutorParams{command=[networksetup, -listnetworkserviceorder, ]}
[2020-01-17 19:32:43.982][debug][command:null][tid:24][com.facebook.buck.util.ListeningProcessExecutor] Launching process with params ProcessExecutorParams{command=[networksetup, -listnetworkserviceorder, ]}
[2020-01-17 19:32:44.036][info ][command:427a2018-136f-4a74-be53-31d5e2938024][tid:20][com.facebook.buck.event.listener.LoggingBuildListener] Build started at 2020-01-17 19:32:44.036
[2020-01-17 19:32:44.040][debug][command:null][tid:24][com.facebook.buck.util.ListeningProcessExecutor] Successfully launched process com.zaxxer.nuprocess.osx.OsxProcess@69319e29
[2020-01-17 19:32:44.040][debug][command:null][tid:24][com.facebook.buck.util.ListeningProcessExecutor] Successfully launched process com.zaxxer.nuprocess.osx.OsxProcess@69319e29
[2020-01-17 19:32:44.044][debug][command:null][tid:24][com.facebook.buck.util.ListeningProcessExecutor] Waiting for process com.facebook.buck.util.ListeningProcessExecutor$LaunchedProcessImpl@183d579d timeout 1000 MILLISECONDS
[2020-01-17 19:32:44.044][debug][command:null][tid:24][com.facebook.buck.util.ListeningProcessExecutor] Waiting for process com.facebook.buck.util.ListeningProcessExecutor$LaunchedProcessImpl@183d579d timeout 1000 MILLISECONDS
[2020-01-17 19:32:44.081][debug][command:null][tid:24][com.facebook.buck.util.ListeningProcessExecutor] Wait for process returned 0
[2020-01-17 19:32:44.081][debug][command:null][tid:24][com.facebook.buck.util.ListeningProcessExecutor] Wait for process returned 0
[2020-01-17 19:32:44.081][debug][command:null][tid:24][com.facebook.buck.util.ListeningProcessExecutor] Destroying process com.facebook.buck.util.ListeningProcessExecutor$LaunchedProcessImpl@183d579d (force true)
[2020-01-17 19:32:44.081][debug][command:null][tid:24][com.facebook.buck.util.ListeningProcessExecutor] Destroying process com.facebook.buck.util.ListeningProcessExecutor$LaunchedProcessImpl@183d579d (force true)
[2020-01-17 19:32:44.081][debug][command:null][tid:24][com.facebook.buck.util.environment.MacNetworkConfiguration] Determine active state of media for device
[2020-01-17 19:32:44.081][debug][command:null][tid:24][com.facebook.buck.util.environment.MacNetworkConfiguration] Determine active state of media for device
[2020-01-17 19:32:44.082][debug][command:null][tid:24][com.facebook.buck.util.ListeningProcessExecutor] Launching process with params ProcessExecutorParams{command=[networksetup, -getMedia, en5]}
[2020-01-17 19:32:44.082][debug][command:null][tid:24][com.facebook.buck.util.ListeningProcessExecutor] Launching process with params ProcessExecutorParams{command=[networksetup, -getMedia, en5]}
[2020-01-17 19:32:44.085][debug][command:null][tid:24][com.facebook.buck.util.ListeningProcessExecutor] Successfully launched process com.zaxxer.nuprocess.osx.OsxProcess@563b6a26
[2020-01-17 19:32:44.085][debug][command:null][tid:24][com.facebook.buck.util.ListeningProcessExecutor] Successfully launched process com.zaxxer.nuprocess.osx.OsxProcess@563b6a26
[2020-01-17 19:32:44.087][debug][command:null][tid:24][com.facebook.buck.util.ListeningProcessExecutor] Waiting for process com.facebook.buck.util.ListeningProcessExecutor$LaunchedProcessImpl@24d64c3 timeout 1000 MILLISECONDS
[2020-01-17 19:32:44.087][debug][command:null][tid:24][com.facebook.buck.util.ListeningProcessExecutor] Waiting for process com.facebook.buck.util.ListeningProcessExecutor$LaunchedProcessImpl@24d64c3 timeout 1000 MILLISECONDS
[2020-01-17 19:32:44.109][debug][command:427a2018-136f-4a74-be53-31d5e2938024][tid:01][com.facebook.buck.parser.DaemonicParserState] Starting to invalidate caches for /Users/t719628/Documents/Douglas/Github/BuckDemo..
[2020-01-17 19:32:44.109][debug][command:427a2018-136f-4a74-be53-31d5e2938024][tid:01][com.facebook.buck.parser.DaemonicParserState] Cell caches were empty, no data invalidated.
[2020-01-17 19:32:44.127][debug][command:null][tid:24][com.facebook.buck.util.ListeningProcessExecutor] Wait for process returned 4
[2020-01-17 19:32:44.127][debug][command:null][tid:24][com.facebook.buck.util.ListeningProcessExecutor] Wait for process returned 4
[2020-01-17 19:32:44.127][debug][command:null][tid:24][com.facebook.buck.util.ListeningProcessExecutor] Destroying process com.facebook.buck.util.ListeningProcessExecutor$LaunchedProcessImpl@24d64c3 (force true)
[2020-01-17 19:32:44.127][debug][command:null][tid:24][com.facebook.buck.util.ListeningProcessExecutor] Destroying process com.facebook.buck.util.ListeningProcessExecutor$LaunchedProcessImpl@24d64c3 (force true)
[2020-01-17 19:32:44.127][debug][command:null][tid:24][com.facebook.buck.util.environment.MacNetworkConfiguration] Determine active state of media for device
[2020-01-17 19:32:44.127][debug][command:null][tid:24][com.facebook.buck.util.environment.MacNetworkConfiguration] Determine active state of media for device
[2020-01-17 19:32:44.128][debug][command:null][tid:24][com.facebook.buck.util.ListeningProcessExecutor] Launching process with params ProcessExecutorParams{command=[networksetup, -getMedia, en4]}
[2020-01-17 19:32:44.128][debug][command:null][tid:24][com.facebook.buck.util.ListeningProcessExecutor] Launching process with params ProcessExecutorParams{command=[networksetup, -getMedia, en4]}
[2020-01-17 19:32:44.132][debug][command:null][tid:24][com.facebook.buck.util.ListeningProcessExecutor] Successfully launched process com.zaxxer.nuprocess.osx.OsxProcess@2bb60a96
[2020-01-17 19:32:44.132][debug][command:null][tid:24][com.facebook.buck.util.ListeningProcessExecutor] Successfully launched process com.zaxxer.nuprocess.osx.OsxProcess@2bb60a96
[2020-01-17 19:32:44.134][debug][command:null][tid:24][com.facebook.buck.util.ListeningProcessExecutor] Waiting for process com.facebook.buck.util.ListeningProcessExecutor$LaunchedProcessImpl@4847d856 timeout 1000 MILLISECONDS
[2020-01-17 19:32:44.134][debug][command:null][tid:24][com.facebook.buck.util.ListeningProcessExecutor] Waiting for process com.facebook.buck.util.ListeningProcessExecutor$LaunchedProcessImpl@4847d856 timeout 1000 MILLISECONDS
[2020-01-17 19:32:44.135][debug][command:427a2018-136f-4a74-be53-31d5e2938024][tid:38][com.facebook.buck.io.ExecutableFinder] Executable 'python2' mapped to 'Optional[/usr/bin/python2]'
[2020-01-17 19:32:44.169][debug][command:null][tid:24][com.facebook.buck.util.ListeningProcessExecutor] Wait for process returned 4
[2020-01-17 19:32:44.169][debug][command:null][tid:24][com.facebook.buck.util.ListeningProcessExecutor] Wait for process returned 4
[2020-01-17 19:32:44.170][debug][command:null][tid:24][com.facebook.buck.util.ListeningProcessExecutor] Destroying process com.facebook.buck.util.ListeningProcessExecutor$LaunchedProcessImpl@4847d856 (force true)
[2020-01-17 19:32:44.170][debug][command:null][tid:24][com.facebook.buck.util.ListeningProcessExecutor] Destroying process com.facebook.buck.util.ListeningProcessExecutor$LaunchedProcessImpl@4847d856 (force true)
[2020-01-17 19:32:44.170][debug][command:null][tid:24][com.facebook.buck.util.environment.MacNetworkConfiguration] Determine active state of media for device
[2020-01-17 19:32:44.170][debug][command:null][tid:24][com.facebook.buck.util.environment.MacNetworkConfiguration] Determine active state of media for device
[2020-01-17 19:32:44.170][debug][command:null][tid:24][com.facebook.buck.util.ListeningProcessExecutor] Launching process with params ProcessExecutorParams{command=[networksetup, -getMedia, en0]}
[2020-01-17 19:32:44.170][debug][command:null][tid:24][com.facebook.buck.util.ListeningProcessExecutor] Launching process with params ProcessExecutorParams{command=[networksetup, -getMedia, en0]}
[2020-01-17 19:32:44.173][debug][command:null][tid:24][com.facebook.buck.util.ListeningProcessExecutor] Successfully launched process com.zaxxer.nuprocess.osx.OsxProcess@115246f8
[2020-01-17 19:32:44.173][debug][command:null][tid:24][com.facebook.buck.util.ListeningProcessExecutor] Successfully launched process com.zaxxer.nuprocess.osx.OsxProcess@115246f8
[2020-01-17 19:32:44.175][debug][command:null][tid:24][com.facebook.buck.util.ListeningProcessExecutor] Waiting for process com.facebook.buck.util.ListeningProcessExecutor$LaunchedProcessImpl@274ff608 timeout 1000 MILLISECONDS
[2020-01-17 19:32:44.175][debug][command:null][tid:24][com.facebook.buck.util.ListeningProcessExecutor] Waiting for process com.facebook.buck.util.ListeningProcessExecutor$LaunchedProcessImpl@274ff608 timeout 1000 MILLISECONDS
[2020-01-17 19:32:44.181][info ][command:427a2018-136f-4a74-be53-31d5e2938024][tid:38][com.facebook.buck.core.plugin.impl.DefaultBuckPluginManager] Time to load instances of interface com.facebook.buck.core.model.targetgraph.DescriptionProvider: 40
[2020-01-17 19:32:44.208][debug][command:null][tid:24][com.facebook.buck.util.ListeningProcessExecutor] Wait for process returned 0
[2020-01-17 19:32:44.208][debug][command:null][tid:24][com.facebook.buck.util.ListeningProcessExecutor] Wait for process returned 0
[2020-01-17 19:32:44.208][debug][command:null][tid:24][com.facebook.buck.util.ListeningProcessExecutor] Destroying process com.facebook.buck.util.ListeningProcessExecutor$LaunchedProcessImpl@274ff608 (force true)
[2020-01-17 19:32:44.208][debug][command:null][tid:24][com.facebook.buck.util.ListeningProcessExecutor] Destroying process com.facebook.buck.util.ListeningProcessExecutor$LaunchedProcessImpl@274ff608 (force true)
[2020-01-17 19:32:44.208][debug][command:null][tid:24][com.facebook.buck.util.environment.MacNetworkConfiguration] Determine WiFi SSID of device
[2020-01-17 19:32:44.208][debug][command:null][tid:24][com.facebook.buck.util.environment.MacNetworkConfiguration] Determine WiFi SSID of device
[2020-01-17 19:32:44.208][debug][command:null][tid:24][com.facebook.buck.util.ListeningProcessExecutor] Launching process with params ProcessExecutorParams{command=[networksetup, -getairportnetwork, en0]}
[2020-01-17 19:32:44.208][debug][command:null][tid:24][com.facebook.buck.util.ListeningProcessExecutor] Launching process with params ProcessExecutorParams{command=[networksetup, -getairportnetwork, en0]}
[2020-01-17 19:32:44.212][debug][command:null][tid:24][com.facebook.buck.util.ListeningProcessExecutor] Successfully launched process com.zaxxer.nuprocess.osx.OsxProcess@2d1bf000
[2020-01-17 19:32:44.212][debug][command:null][tid:24][com.facebook.buck.util.ListeningProcessExecutor] Successfully launched process com.zaxxer.nuprocess.osx.OsxProcess@2d1bf000
[2020-01-17 19:32:44.214][debug][command:null][tid:24][com.facebook.buck.util.ListeningProcessExecutor] Waiting for process com.facebook.buck.util.ListeningProcessExecutor$LaunchedProcessImpl@7259ee19 timeout 1000 MILLISECONDS
[2020-01-17 19:32:44.214][debug][command:null][tid:24][com.facebook.buck.util.ListeningProcessExecutor] Waiting for process com.facebook.buck.util.ListeningProcessExecutor$LaunchedProcessImpl@7259ee19 timeout 1000 MILLISECONDS
[2020-01-17 19:32:44.246][debug][command:null][tid:24][com.facebook.buck.util.ListeningProcessExecutor] Wait for process returned 0
[2020-01-17 19:32:44.246][debug][command:null][tid:24][com.facebook.buck.util.ListeningProcessExecutor] Wait for process returned 0
[2020-01-17 19:32:44.246][debug][command:null][tid:24][com.facebook.buck.util.ListeningProcessExecutor] Destroying process com.facebook.buck.util.ListeningProcessExecutor$LaunchedProcessImpl@7259ee19 (force true)
[2020-01-17 19:32:44.246][debug][command:null][tid:24][com.facebook.buck.util.ListeningProcessExecutor] Destroying process com.facebook.buck.util.ListeningProcessExecutor$LaunchedProcessImpl@7259ee19 (force true)
[2020-01-17 19:32:44.303][info ][command:427a2018-136f-4a74-be53-31d5e2938024][tid:38][com.facebook.buck.core.plugin.impl.DefaultBuckPluginManager] Time to load instances of interface com.facebook.buck.apple.XCodeDescriptionClassSupplier: 8
[2020-01-17 19:32:44.382][info ][command:427a2018-136f-4a74-be53-31d5e2938024][tid:38][com.facebook.buck.core.plugin.impl.DefaultBuckPluginManager] Time to load instances of interface com.facebook.buck.core.model.targetgraph.BuiltInProviderProvider: 4
[2020-01-17 19:32:44.856][debug][command:427a2018-136f-4a74-be53-31d5e2938024][tid:46][com.facebook.buck.apple.toolchain.impl.AppleToolchainDiscovery] Searching for Xcode toolchains under /Library/Developer/CommandLineTools/Toolchains
[2020-01-17 19:32:44.857][debug][command:427a2018-136f-4a74-be53-31d5e2938024][tid:46][com.facebook.buck.apple.toolchain.impl.AppleToolchainDiscovery] Skipping toolchain search path /Library/Developer/CommandLineTools/Toolchains that does not exist
[2020-01-17 19:32:44.860][debug][command:427a2018-136f-4a74-be53-31d5e2938024][tid:46][com.facebook.buck.apple.toolchain.impl.AppleSdkDiscovery] Searching for Xcode platforms under /Library/Developer/CommandLineTools/Platforms
[2020-01-17 19:32:44.862][debug][command:427a2018-136f-4a74-be53-31d5e2938024][tid:46][com.facebook.buck.apple.toolchain.impl.AppleSdkDiscovery] Skipping platform search path /Library/Developer/CommandLineTools/Platforms that does not exist
[2020-01-17 19:32:44.874][info ][command:427a2018-136f-4a74-be53-31d5e2938024][tid:46][com.facebook.buck.core.toolchain.impl.DefaultToolchainProvider] Cannot create a toolchain: android-ndk-location (UnconfiguredTargetConfiguration). Cause: Android NDK could not be found. Make sure to set one of these  environment variables: ANDROID_NDK_REPOSITORY, ANDROID_NDK, or NDK_HOME or ndk.ndk_path or ndk.ndk_repository_path in your .buckconfig
[2020-01-17 19:32:44.874][info ][command:427a2018-136f-4a74-be53-31d5e2938024][tid:46][com.facebook.buck.core.toolchain.impl.DefaultToolchainProvider] Cannot create a toolchain: ndk-cxx-platforms (UnconfiguredTargetConfiguration). Cause: Android NDK could not be found. Make sure to set one of these  environment variables: ANDROID_NDK_REPOSITORY, ANDROID_NDK, or NDK_HOME or ndk.ndk_path or ndk.ndk_repository_path in your .buckconfig
[2020-01-17 19:32:44.876][debug][command:427a2018-136f-4a74-be53-31d5e2938024][tid:46][com.facebook.buck.io.ExecutableFinder] Executable 'clang' mapped to 'Optional[/usr/bin/clang]'
[2020-01-17 19:32:44.877][debug][command:427a2018-136f-4a74-be53-31d5e2938024][tid:46][com.facebook.buck.io.ExecutableFinder] Executable 'clang++' mapped to 'Optional[/usr/bin/clang++]'
[2020-01-17 19:32:44.905][info ][command:427a2018-136f-4a74-be53-31d5e2938024][tid:46][com.facebook.buck.cxx.toolchain.impl.CxxPlatforms] Couldn't find default platform iphoneos-arm64, falling back to system default
[2020-01-17 19:32:44.943][debug][command:427a2018-136f-4a74-be53-31d5e2938024][tid:01][com.facebook.buck.core.model.actiongraph.computation.ActionGraphProvider] Computing TargetGraph HashCode...
[2020-01-17 19:32:44.943][info ][command:427a2018-136f-4a74-be53-31d5e2938024][tid:01][com.facebook.buck.core.model.actiongraph.computation.ActionGraphProvider] ActionGraph cache miss. Cache was empty.
[2020-01-17 19:32:44.950][debug][command:427a2018-136f-4a74-be53-31d5e2938024][tid:01][com.facebook.buck.core.model.actiongraph.computation.ParallelActionGraphFactory] start target graph walk
[2020-01-17 19:32:45.016][debug][command:null][tid:58][com.facebook.buck.cxx.toolchain.CxxToolProvider] Output of [/usr/bin/clang, --version]: [Apple clang version 11.0.0 (clang-1100.0.33.17), Target: x86_64-apple-darwin19.0.0, Thread model: posix, InstalledDir: /Library/Developer/CommandLineTools/usr/bin, ]
[2020-01-17 19:32:45.016][debug][command:null][tid:58][com.facebook.buck.cxx.toolchain.CxxToolProvider] Output of [/usr/bin/clang, --version]: [Apple clang version 11.0.0 (clang-1100.0.33.17), Target: x86_64-apple-darwin19.0.0, Thread model: posix, InstalledDir: /Library/Developer/CommandLineTools/usr/bin, ]
[2020-01-17 19:32:45.037][debug][command:null][tid:58][com.facebook.buck.cxx.toolchain.CxxToolProvider] Output of [/usr/bin/clang++, --version]: [Apple clang version 11.0.0 (clang-1100.0.33.17), Target: x86_64-apple-darwin19.0.0, Thread model: posix, InstalledDir: /Library/Developer/CommandLineTools/usr/bin, ]
[2020-01-17 19:32:45.037][debug][command:null][tid:58][com.facebook.buck.cxx.toolchain.CxxToolProvider] Output of [/usr/bin/clang++, --version]: [Apple clang version 11.0.0 (clang-1100.0.33.17), Target: x86_64-apple-darwin19.0.0, Thread model: posix, InstalledDir: /Library/Developer/CommandLineTools/usr/bin, ]
[2020-01-17 19:32:45.092][debug][command:null][tid:58][com.facebook.buck.core.rulekey.MissingExcludeReporter] Field com.facebook.buck.rules.args.ImmutableSourcePathArg.path should be annotated with @AddToRuleKey or @ExcludeFromRuleKey.
[2020-01-17 19:32:45.092][debug][command:null][tid:58][com.facebook.buck.core.rulekey.MissingExcludeReporter] Field com.facebook.buck.rules.args.ImmutableSourcePathArg.path should be annotated with @AddToRuleKey or @ExcludeFromRuleKey.
[2020-01-17 19:32:45.101][debug][command:null][tid:60][com.facebook.buck.apple.toolchain.impl.ProvisioningProfileStoreFactory] Provisioning profile search path: /Users/t719628/Library/MobileDevice/Provisioning Profiles
[2020-01-17 19:32:45.101][debug][command:null][tid:60][com.facebook.buck.apple.toolchain.impl.ProvisioningProfileStoreFactory] Provisioning profile search path: /Users/t719628/Library/MobileDevice/Provisioning Profiles
[2020-01-17 19:32:45.106][info ][command:427a2018-136f-4a74-be53-31d5e2938024][tid:20][com.facebook.buck.event.listener.LoggingBuildListener] Build finished at 2020-01-17 19:32:45.105
[2020-01-17 19:32:45.115][info ][command:427a2018-136f-4a74-be53-31d5e2938024][tid:20][com.facebook.buck.event.listener.AbstractConsoleEventBusListener] 
Top slow rules: Buck didn't spend time in rules.
[2020-01-17 19:32:45.116][info ][command:427a2018-136f-4a74-be53-31d5e2938024][tid:20][com.facebook.buck.event.listener.CriticalPathEventListener] Received command finished event for command : build
[2020-01-17 19:32:45.117][info ][command:null][tid:28][com.facebook.buck.core.graph.transformation.executor.impl.AbstractDepsAwareExecutor] Worker was interrupted
[2020-01-17 19:32:45.117][info ][command:null][tid:28][com.facebook.buck.core.graph.transformation.executor.impl.AbstractDepsAwareExecutor] Worker was interrupted
[2020-01-17 19:32:45.117][info ][command:null][tid:29][com.facebook.buck.core.graph.transformation.executor.impl.AbstractDepsAwareExecutor] Worker was interrupted
[2020-01-17 19:32:45.117][info ][command:null][tid:29][com.facebook.buck.core.graph.transformation.executor.impl.AbstractDepsAwareExecutor] Worker was interrupted
[2020-01-17 19:32:45.117][info ][command:null][tid:27][com.facebook.buck.core.graph.transformation.executor.impl.AbstractDepsAwareExecutor] Worker was interrupted
[2020-01-17 19:32:45.117][info ][command:null][tid:27][com.facebook.buck.core.graph.transformation.executor.impl.AbstractDepsAwareExecutor] Worker was interrupted
[2020-01-17 19:32:45.117][info ][command:null][tid:33][com.facebook.buck.core.graph.transformation.executor.impl.AbstractDepsAwareExecutor] Worker was interrupted
[2020-01-17 19:32:45.117][info ][command:null][tid:33][com.facebook.buck.core.graph.transformation.executor.impl.AbstractDepsAwareExecutor] Worker was interrupted
[2020-01-17 19:32:45.117][info ][command:null][tid:30][com.facebook.buck.core.graph.transformation.executor.impl.AbstractDepsAwareExecutor] Worker was interrupted
[2020-01-17 19:32:45.117][info ][command:null][tid:30][com.facebook.buck.core.graph.transformation.executor.impl.AbstractDepsAwareExecutor] Worker was interrupted
[2020-01-17 19:32:45.117][info ][command:null][tid:31][com.facebook.buck.core.graph.transformation.executor.impl.AbstractDepsAwareExecutor] Worker was interrupted
[2020-01-17 19:32:45.117][info ][command:null][tid:31][com.facebook.buck.core.graph.transformation.executor.impl.AbstractDepsAwareExecutor] Worker was interrupted
[2020-01-17 19:32:45.117][info ][command:null][tid:32][com.facebook.buck.core.graph.transformation.executor.impl.AbstractDepsAwareExecutor] Worker was interrupted
[2020-01-17 19:32:45.117][info ][command:null][tid:32][com.facebook.buck.core.graph.transformation.executor.impl.AbstractDepsAwareExecutor] Worker was interrupted
[2020-01-17 19:32:45.117][info ][command:null][tid:34][com.facebook.buck.core.graph.transformation.executor.impl.AbstractDepsAwareExecutor] Worker was interrupted
[2020-01-17 19:32:45.117][info ][command:null][tid:34][com.facebook.buck.core.graph.transformation.executor.impl.AbstractDepsAwareExecutor] Worker was interrupted
[2020-01-17 19:32:45.122][debug][command:427a2018-136f-4a74-be53-31d5e2938024][tid:19][com.facebook.buck.util.perf.ProcessTracker] shutDown
[2020-01-17 19:32:45.123][debug][command:427a2018-136f-4a74-be53-31d5e2938024][tid:01][com.facebook.buck.event.listener.RenderingConsole] Stopping render scheduler
[2020-01-17 19:32:45.124][info ][command:427a2018-136f-4a74-be53-31d5e2938024][tid:01][com.facebook.buck.event.listener.AbstractConsoleEventBusListener] 
Top slow rules: Buck didn't spend time in rules.
[2020-01-17 19:32:45.128][info ][command:427a2018-136f-4a74-be53-31d5e2938024][tid:01][com.facebook.buck.cli.MainRunner] Awaiting termination of PROJECT executor service. Waiting for all jobs to complete, or up to maximum of 60 seconds...
[2020-01-17 19:32:45.128][info ][command:427a2018-136f-4a74-be53-31d5e2938024][tid:01][com.facebook.buck.cli.MainRunner] Successfully terminated PROJECT executor service.
[2020-01-17 19:32:45.129][info ][command:427a2018-136f-4a74-be53-31d5e2938024][tid:01][com.facebook.buck.cli.MainRunner] Awaiting termination of NETWORK executor service. Waiting for all jobs to complete, or up to maximum of 60 seconds...
[2020-01-17 19:32:45.129][info ][command:427a2018-136f-4a74-be53-31d5e2938024][tid:01][com.facebook.buck.cli.MainRunner] Successfully terminated NETWORK executor service.
[2020-01-17 19:32:45.129][info ][command:427a2018-136f-4a74-be53-31d5e2938024][tid:01][com.facebook.buck.cli.MainRunner] Awaiting termination of GRAPH_CPU executor service. Waiting for all jobs to complete, or up to maximum of 60 seconds...
[2020-01-17 19:32:45.130][info ][command:427a2018-136f-4a74-be53-31d5e2938024][tid:01][com.facebook.buck.cli.MainRunner] Successfully terminated GRAPH_CPU executor service.
[2020-01-17 19:32:45.130][info ][command:427a2018-136f-4a74-be53-31d5e2938024][tid:01][com.facebook.buck.cli.MainRunner] Awaiting termination of CPU executor service. Waiting for all jobs to complete, or up to maximum of 60 seconds...
[2020-01-17 19:32:45.130][info ][command:427a2018-136f-4a74-be53-31d5e2938024][tid:01][com.facebook.buck.cli.MainRunner] Successfully terminated CPU executor service.
[2020-01-17 19:32:45.130][info ][command:427a2018-136f-4a74-be53-31d5e2938024][tid:01][com.facebook.buck.cli.MainRunner] Awaiting termination of ScheduledExecutorService executor service. Waiting for all jobs to complete, or up to maximum of 60 seconds...
[2020-01-17 19:32:45.130][info ][command:427a2018-136f-4a74-be53-31d5e2938024][tid:01][com.facebook.buck.cli.MainRunner] Successfully terminated ScheduledExecutorService executor service.
[2020-01-17 19:32:45.131][info ][command:427a2018-136f-4a74-be53-31d5e2938024][tid:01][com.facebook.buck.cli.MainRunner] Awaiting termination of CounterAggregatorExecutor executor service. Waiting for all jobs to complete, or up to maximum of 20 seconds...
[2020-01-17 19:32:45.131][info ][command:427a2018-136f-4a74-be53-31d5e2938024][tid:01][com.facebook.buck.cli.MainRunner] Successfully terminated CounterAggregatorExecutor executor service.
[2020-01-17 19:32:45.131][info ][command:427a2018-136f-4a74-be53-31d5e2938024][tid:01][com.facebook.buck.cli.MainRunner] Awaiting termination of HTTP Read executor service. Waiting for all jobs to complete, or up to maximum of 1800 seconds...
[2020-01-17 19:32:45.131][info ][command:427a2018-136f-4a74-be53-31d5e2938024][tid:01][com.facebook.buck.cli.MainRunner] Successfully terminated HTTP Read executor service.
[2020-01-17 19:32:45.131][info ][command:427a2018-136f-4a74-be53-31d5e2938024][tid:01][com.facebook.buck.cli.MainRunner] Awaiting termination of HTTP Write executor service. Waiting for all jobs to complete, or up to maximum of 1800 seconds...
[2020-01-17 19:32:45.131][info ][command:427a2018-136f-4a74-be53-31d5e2938024][tid:01][com.facebook.buck.cli.MainRunner] Successfully terminated HTTP Write executor service.
[2020-01-17 19:32:45.131][info ][command:427a2018-136f-4a74-be53-31d5e2938024][tid:01][com.facebook.buck.cli.MainRunner] Awaiting termination of Disk IO executor service. Waiting for all jobs to complete, or up to maximum of 10 seconds...
[2020-01-17 19:32:45.132][info ][command:427a2018-136f-4a74-be53-31d5e2938024][tid:01][com.facebook.buck.cli.MainRunner] Successfully terminated Disk IO executor service.
[2020-01-17 19:32:45.136][info ][command:427a2018-136f-4a74-be53-31d5e2938024][tid:01][com.facebook.buck.cli.MainRunner] Auto fixing is not enabled for command build
[2020-01-17 19:32:45.164][debug][command:null][tid:63][com.facebook.buck.event.listener.ChromeTraceBuildListener] Writing Chrome trace to buck-out/log/2020-01-17_21h32m43s_buildcommand_427a2018-136f-4a74-be53-31d5e2938024/build.2020-01-17.19-32-43.427a2018-136f-4a74-be53-31d5e2938024.trace
[2020-01-17 19:32:45.171][warn ][command:null][tid:01][com.facebook.buck.cli.MainRunner] Command failed:
com.facebook.buck.core.exceptions.BuckUncheckedExecutionException: null: java.util.concurrent.ExecutionException: com.facebook.buck.core.exceptions.BuckUncheckedExecutionException: When creating rule //BuckDemo:BuckDemo.: com.facebook.buck.core.exceptions.BuckUncheckedExecutionException: null: java.util.concurrent.ExecutionException: com.facebook.buck.core.exceptions.BuckUncheckedExecutionException: When creating rule //BuckDemo:BuckDemo#dwarf-and-dsym.: com.facebook.buck.core.exceptions.BuckUncheckedExecutionException: null: java.util.concurrent.ExecutionException: com.facebook.buck.core.exceptions.BuckUncheckedExecutionException: When creating rule //BuckDemo:BuckDemo#dwarf-and-dsym,no-include-frameworks.: com.facebook.buck.core.exceptions.HumanReadableException: //BuckDemo:BuckDemo#dwarf-and-dsym,no-include-frameworks: Apple bundle requires an Apple platform, found 'default'

A common cause of this error is that the required SDK is missing.
Please check whether it's installed and retry.
Original exception: "Apple C++ Platform" has no flavor "default"; available ones: 
	at com.facebook.buck.util.concurrent.MoreFutures.getUncheckedInterruptibly(MoreFutures.java:192)
	at com.facebook.buck.core.model.actiongraph.computation.ParallelActionGraphFactory.create(ParallelActionGraphFactory.java:105)
	at com.facebook.buck.core.model.actiongraph.computation.ActionGraphFactory.createActionGraph(ActionGraphFactory.java:149)
	at com.facebook.buck.core.model.actiongraph.computation.ActionGraphProvider.createActionGraph(ActionGraphProvider.java:209)
	at com.facebook.buck.core.model.actiongraph.computation.ActionGraphProvider.getActionGraph(ActionGraphProvider.java:152)
	at com.facebook.buck.cli.BuildCommand.createActionGraphAndResolver(BuildCommand.java:832)
	at com.facebook.buck.cli.BuildCommand.createGraphsAndTargets(BuildCommand.java:412)
	at com.facebook.buck.cli.BuildCommand.executeBuildAndProcessResult(BuildCommand.java:476)
	at com.facebook.buck.cli.BuildCommand.run(BuildCommand.java:361)
	at com.facebook.buck.cli.BuildCommand.runWithoutHelpInternal(BuildCommand.java:303)
	at com.facebook.buck.cli.BuildCommand.runWithoutHelp(BuildCommand.java:285)
	at com.facebook.buck.cli.AbstractCommand.run(AbstractCommand.java:277)
	at com.facebook.buck.cli.AbstractContainerCommand.run(AbstractContainerCommand.java:90)
	at com.facebook.buck.cli.MainRunner.runMainWithExitCode(MainRunner.java:1443)
	at com.facebook.buck.cli.MainRunner.runMainThenExit(MainRunner.java:478)
	at com.facebook.buck.cli.MainWithoutNailgun.main(MainWithoutNailgun.java:57)
	at sun.reflect.NativeMethodAccessorImpl.invoke0(Native Method)
	at sun.reflect.NativeMethodAccessorImpl.invoke(NativeMethodAccessorImpl.java:62)
	at sun.reflect.DelegatingMethodAccessorImpl.invoke(DelegatingMethodAccessorImpl.java:43)
	at java.lang.reflect.Method.invoke(Method.java:498)
	at com.facebook.buck.cli.bootstrapper.ClassLoaderBootstrapper.main(ClassLoaderBootstrapper.java:55)
Caused by: java.util.concurrent.ExecutionException: com.facebook.buck.core.exceptions.BuckUncheckedExecutionException: When creating rule //BuckDemo:BuckDemo.: com.facebook.buck.core.exceptions.BuckUncheckedExecutionException: null: java.util.concurrent.ExecutionException: com.facebook.buck.core.exceptions.BuckUncheckedExecutionException: When creating rule //BuckDemo:BuckDemo#dwarf-and-dsym.: com.facebook.buck.core.exceptions.BuckUncheckedExecutionException: null: java.util.concurrent.ExecutionException: com.facebook.buck.core.exceptions.BuckUncheckedExecutionException: When creating rule //BuckDemo:BuckDemo#dwarf-and-dsym,no-include-frameworks.: com.facebook.buck.core.exceptions.HumanReadableException: //BuckDemo:BuckDemo#dwarf-and-dsym,no-include-frameworks: Apple bundle requires an Apple platform, found 'default'

A common cause of this error is that the required SDK is missing.
Please check whether it's installed and retry.
Original exception: "Apple C++ Platform" has no flavor "default"; available ones: 
	at com.google.common.util.concurrent.AbstractFuture.getDoneValue(AbstractFuture.java:528)
	at com.google.common.util.concurrent.AbstractFuture.get(AbstractFuture.java:507)
	at com.google.common.util.concurrent.AbstractFuture$TrustedFuture.get(AbstractFuture.java:85)
	at com.facebook.buck.util.concurrent.MoreFutures.getUncheckedInterruptibly(MoreFutures.java:187)
	... 20 more
Caused by: com.facebook.buck.core.exceptions.BuckUncheckedExecutionException: When creating rule //BuckDemo:BuckDemo.: com.facebook.buck.core.exceptions.BuckUncheckedExecutionException: null: java.util.concurrent.ExecutionException: com.facebook.buck.core.exceptions.BuckUncheckedExecutionException: When creating rule //BuckDemo:BuckDemo#dwarf-and-dsym.: com.facebook.buck.core.exceptions.BuckUncheckedExecutionException: null: java.util.concurrent.ExecutionException: com.facebook.buck.core.exceptions.BuckUncheckedExecutionException: When creating rule //BuckDemo:BuckDemo#dwarf-and-dsym,no-include-frameworks.: com.facebook.buck.core.exceptions.HumanReadableException: //BuckDemo:BuckDemo#dwarf-and-dsym,no-include-frameworks: Apple bundle requires an Apple platform, found 'default'

A common cause of this error is that the required SDK is missing.
Please check whether it's installed and retry.
Original exception: "Apple C++ Platform" has no flavor "default"; available ones: 
	at com.facebook.buck.core.rules.transformer.impl.DefaultTargetNodeToBuildRuleTransformer.transform(DefaultTargetNodeToBuildRuleTransformer.java:114)
	at com.facebook.buck.core.rules.transformer.TargetNodeToBuildRuleTransformer.transform(TargetNodeToBuildRuleTransformer.java:40)
	at com.facebook.buck.core.rules.resolver.impl.MultiThreadedActionGraphBuilder.lambda$17(MultiThreadedActionGraphBuilder.java:241)
	at com.facebook.buck.core.rules.resolver.impl.MultiThreadedActionGraphBuilder.lambda$19(MultiThreadedActionGraphBuilder.java:283)
	at com.facebook.buck.core.rules.resolver.impl.MultiThreadedActionGraphBuilder.lambda$16(MultiThreadedActionGraphBuilder.java:247)
	at com.facebook.buck.core.rules.resolver.impl.MultiThreadedActionGraphBuilder$Task.tryComplete(MultiThreadedActionGraphBuilder.java:344)
	at com.facebook.buck.core.rules.resolver.impl.MultiThreadedActionGraphBuilder$Task.tryComplete(MultiThreadedActionGraphBuilder.java:333)
	at java.util.concurrent.ThreadPoolExecutor.runWorker(ThreadPoolExecutor.java:1149)
	at java.util.concurrent.ThreadPoolExecutor$Worker.run(ThreadPoolExecutor.java:624)
	at java.lang.Thread.run(Thread.java:748)
Caused by: com.facebook.buck.core.exceptions.BuckUncheckedExecutionException: null: java.util.concurrent.ExecutionException: com.facebook.buck.core.exceptions.BuckUncheckedExecutionException: When creating rule //BuckDemo:BuckDemo#dwarf-and-dsym.: com.facebook.buck.core.exceptions.BuckUncheckedExecutionException: null: java.util.concurrent.ExecutionException: com.facebook.buck.core.exceptions.BuckUncheckedExecutionException: When creating rule //BuckDemo:BuckDemo#dwarf-and-dsym,no-include-frameworks.: com.facebook.buck.core.exceptions.HumanReadableException: //BuckDemo:BuckDemo#dwarf-and-dsym,no-include-frameworks: Apple bundle requires an Apple platform, found 'default'

A common cause of this error is that the required SDK is missing.
Please check whether it's installed and retry.
Original exception: "Apple C++ Platform" has no flavor "default"; available ones: 
	at com.facebook.buck.util.concurrent.MoreFutures.getUncheckedInterruptibly(MoreFutures.java:192)
	at com.facebook.buck.core.rules.resolver.impl.MultiThreadedActionGraphBuilder$Task.get(MultiThreadedActionGraphBuilder.java:317)
	at com.facebook.buck.core.rules.resolver.impl.MultiThreadedActionGraphBuilder$Task.access$2(MultiThreadedActionGraphBuilder.java:315)
	at com.facebook.buck.core.rules.resolver.impl.MultiThreadedActionGraphBuilder.requireRule(MultiThreadedActionGraphBuilder.java:220)
	at com.facebook.buck.apple.AppleBundleDescription.createBuildRule(AppleBundleDescription.java:164)
	at com.facebook.buck.apple.AppleBundleDescription.createBuildRule(AppleBundleDescription.java:1)
	at com.facebook.buck.core.rules.transformer.impl.DefaultTargetNodeToBuildRuleTransformer.transform(DefaultTargetNodeToBuildRuleTransformer.java:112)
	... 9 more
Caused by: java.util.concurrent.ExecutionException: com.facebook.buck.core.exceptions.BuckUncheckedExecutionException: When creating rule //BuckDemo:BuckDemo#dwarf-and-dsym.: com.facebook.buck.core.exceptions.BuckUncheckedExecutionException: null: java.util.concurrent.ExecutionException: com.facebook.buck.core.exceptions.BuckUncheckedExecutionException: When creating rule //BuckDemo:BuckDemo#dwarf-and-dsym,no-include-frameworks.: com.facebook.buck.core.exceptions.HumanReadableException: //BuckDemo:BuckDemo#dwarf-and-dsym,no-include-frameworks: Apple bundle requires an Apple platform, found 'default'

A common cause of this error is that the required SDK is missing.
Please check whether it's installed and retry.
Original exception: "Apple C++ Platform" has no flavor "default"; available ones: 
	at com.google.common.util.concurrent.AbstractFuture.getDoneValue(AbstractFuture.java:528)
	at com.google.common.util.concurrent.AbstractFuture.get(AbstractFuture.java:487)
	at com.google.common.util.concurrent.AbstractFuture$TrustedFuture.get(AbstractFuture.java:85)
	at com.facebook.buck.util.concurrent.MoreFutures.getUncheckedInterruptibly(MoreFutures.java:187)
	... 15 more
Caused by: com.facebook.buck.core.exceptions.BuckUncheckedExecutionException: When creating rule //BuckDemo:BuckDemo#dwarf-and-dsym.: com.facebook.buck.core.exceptions.BuckUncheckedExecutionException: null: java.util.concurrent.ExecutionException: com.facebook.buck.core.exceptions.BuckUncheckedExecutionException: When creating rule //BuckDemo:BuckDemo#dwarf-and-dsym,no-include-frameworks.: com.facebook.buck.core.exceptions.HumanReadableException: //BuckDemo:BuckDemo#dwarf-and-dsym,no-include-frameworks: Apple bundle requires an Apple platform, found 'default'

A common cause of this error is that the required SDK is missing.
Please check whether it's installed and retry.
Original exception: "Apple C++ Platform" has no flavor "default"; available ones: 
	at com.facebook.buck.core.rules.transformer.impl.DefaultTargetNodeToBuildRuleTransformer.transform(DefaultTargetNodeToBuildRuleTransformer.java:114)
	at com.facebook.buck.core.rules.transformer.TargetNodeToBuildRuleTransformer.transform(TargetNodeToBuildRuleTransformer.java:40)
	at com.facebook.buck.core.rules.resolver.impl.MultiThreadedActionGraphBuilder.lambda$17(MultiThreadedActionGraphBuilder.java:241)
	at com.facebook.buck.core.rules.resolver.impl.MultiThreadedActionGraphBuilder.lambda$19(MultiThreadedActionGraphBuilder.java:283)
	at com.facebook.buck.core.rules.resolver.impl.MultiThreadedActionGraphBuilder.lambda$16(MultiThreadedActionGraphBuilder.java:247)
	at com.facebook.buck.core.rules.resolver.impl.MultiThreadedActionGraphBuilder$Task.tryComplete(MultiThreadedActionGraphBuilder.java:344)
	at com.facebook.buck.core.rules.resolver.impl.MultiThreadedActionGraphBuilder$Task.tryComplete(MultiThreadedActionGraphBuilder.java:333)
	at com.facebook.buck.core.rules.resolver.impl.MultiThreadedActionGraphBuilder$Task.get(MultiThreadedActionGraphBuilder.java:316)
	... 14 more
Caused by: com.facebook.buck.core.exceptions.BuckUncheckedExecutionException: null: java.util.concurrent.ExecutionException: com.facebook.buck.core.exceptions.BuckUncheckedExecutionException: When creating rule //BuckDemo:BuckDemo#dwarf-and-dsym,no-include-frameworks.: com.facebook.buck.core.exceptions.HumanReadableException: //BuckDemo:BuckDemo#dwarf-and-dsym,no-include-frameworks: Apple bundle requires an Apple platform, found 'default'

A common cause of this error is that the required SDK is missing.
Please check whether it's installed and retry.
Original exception: "Apple C++ Platform" has no flavor "default"; available ones: 
	at com.facebook.buck.util.concurrent.MoreFutures.getUncheckedInterruptibly(MoreFutures.java:192)
	at com.facebook.buck.core.rules.resolver.impl.MultiThreadedActionGraphBuilder$Task.get(MultiThreadedActionGraphBuilder.java:317)
	at com.facebook.buck.core.rules.resolver.impl.MultiThreadedActionGraphBuilder$Task.access$2(MultiThreadedActionGraphBuilder.java:315)
	at com.facebook.buck.core.rules.resolver.impl.MultiThreadedActionGraphBuilder.requireRule(MultiThreadedActionGraphBuilder.java:220)
	at com.facebook.buck.apple.AppleBundleDescription.createBuildRule(AppleBundleDescription.java:169)
	at com.facebook.buck.apple.AppleBundleDescription.createBuildRule(AppleBundleDescription.java:1)
	at com.facebook.buck.core.rules.transformer.impl.DefaultTargetNodeToBuildRuleTransformer.transform(DefaultTargetNodeToBuildRuleTransformer.java:112)
	... 21 more
Caused by: java.util.concurrent.ExecutionException: com.facebook.buck.core.exceptions.BuckUncheckedExecutionException: When creating rule //BuckDemo:BuckDemo#dwarf-and-dsym,no-include-frameworks.: com.facebook.buck.core.exceptions.HumanReadableException: //BuckDemo:BuckDemo#dwarf-and-dsym,no-include-frameworks: Apple bundle requires an Apple platform, found 'default'

A common cause of this error is that the required SDK is missing.
Please check whether it's installed and retry.
Original exception: "Apple C++ Platform" has no flavor "default"; available ones: 
	at com.google.common.util.concurrent.AbstractFuture.getDoneValue(AbstractFuture.java:528)
	at com.google.common.util.concurrent.AbstractFuture.get(AbstractFuture.java:487)
	at com.google.common.util.concurrent.AbstractFuture$TrustedFuture.get(AbstractFuture.java:85)
	at com.facebook.buck.util.concurrent.MoreFutures.getUncheckedInterruptibly(MoreFutures.java:187)
	... 27 more
Caused by: com.facebook.buck.core.exceptions.BuckUncheckedExecutionException: When creating rule //BuckDemo:BuckDemo#dwarf-and-dsym,no-include-frameworks.: com.facebook.buck.core.exceptions.HumanReadableException: //BuckDemo:BuckDemo#dwarf-and-dsym,no-include-frameworks: Apple bundle requires an Apple platform, found 'default'

A common cause of this error is that the required SDK is missing.
Please check whether it's installed and retry.
Original exception: "Apple C++ Platform" has no flavor "default"; available ones: 
	at com.facebook.buck.core.rules.transformer.impl.DefaultTargetNodeToBuildRuleTransformer.transform(DefaultTargetNodeToBuildRuleTransformer.java:114)
	at com.facebook.buck.core.rules.transformer.TargetNodeToBuildRuleTransformer.transform(TargetNodeToBuildRuleTransformer.java:40)
	at com.facebook.buck.core.rules.resolver.impl.MultiThreadedActionGraphBuilder.lambda$17(MultiThreadedActionGraphBuilder.java:241)
	at com.facebook.buck.core.rules.resolver.impl.MultiThreadedActionGraphBuilder.lambda$19(MultiThreadedActionGraphBuilder.java:283)
	at com.facebook.buck.core.rules.resolver.impl.MultiThreadedActionGraphBuilder.lambda$16(MultiThreadedActionGraphBuilder.java:247)
	at com.facebook.buck.core.rules.resolver.impl.MultiThreadedActionGraphBuilder$Task.tryComplete(MultiThreadedActionGraphBuilder.java:344)
	at com.facebook.buck.core.rules.resolver.impl.MultiThreadedActionGraphBuilder$Task.tryComplete(MultiThreadedActionGraphBuilder.java:333)
	at com.facebook.buck.core.rules.resolver.impl.MultiThreadedActionGraphBuilder$Task.get(MultiThreadedActionGraphBuilder.java:316)
	... 26 more
Caused by: com.facebook.buck.core.exceptions.HumanReadableException: //BuckDemo:BuckDemo#dwarf-and-dsym,no-include-frameworks: Apple bundle requires an Apple platform, found 'default'

A common cause of this error is that the required SDK is missing.
Please check whether it's installed and retry.
Original exception: "Apple C++ Platform" has no flavor "default"; available ones: 
	at com.facebook.buck.apple.ApplePlatforms.getAppleCxxPlatformForBuildTarget(ApplePlatforms.java:74)
	at com.facebook.buck.apple.AppleDescriptions.createAppleBundle(AppleDescriptions.java:675)
	at com.facebook.buck.apple.AppleBundleDescription.createBuildRule(AppleBundleDescription.java:182)
	at com.facebook.buck.apple.AppleBundleDescription.createBuildRule(AppleBundleDescription.java:1)
	at com.facebook.buck.core.rules.transformer.impl.DefaultTargetNodeToBuildRuleTransformer.transform(DefaultTargetNodeToBuildRuleTransformer.java:112)
	... 33 more
Caused by: com.facebook.buck.core.model.FlavorDomainException: "Apple C++ Platform" has no flavor "default"; available ones: 
	at com.facebook.buck.core.model.FlavorDomain.getValue(FlavorDomain.java:182)
	at com.facebook.buck.apple.ApplePlatforms.getAppleCxxPlatformForBuildTarget(ApplePlatforms.java:72)
	... 37 more

[2020-01-17 19:32:45.177][warn ][command:null][tid:01][com.facebook.buck.util.Console] Command failure: //BuckDemo:BuckDemo#dwarf-and-dsym,no-include-frameworks: Apple bundle requires an Apple platform, found 'default'

A common cause of this error is that the required SDK is missing.
Please check whether it's installed and retry.
Original exception: "Apple C++ Platform" has no flavor "default"; available ones: 
    When creating rule //BuckDemo:BuckDemo#dwarf-and-dsym,no-include-frameworks.
    When creating rule //BuckDemo:BuckDemo#dwarf-and-dsym.
    When creating rule //BuckDemo:BuckDemo.
[2020-01-17 19:32:45.177][warn ][command:null][tid:01][com.facebook.buck.util.Console] Command failure: //BuckDemo:BuckDemo#dwarf-and-dsym,no-include-frameworks: Apple bundle requires an Apple platform, found 'default'

A common cause of this error is that the required SDK is missing.
Please check whether it's installed and retry.
Original exception: "Apple C++ Platform" has no flavor "default"; available ones: 
    When creating rule //BuckDemo:BuckDemo#dwarf-and-dsym,no-include-frameworks.
    When creating rule //BuckDemo:BuckDemo#dwarf-and-dsym.
    When creating rule //BuckDemo:BuckDemo.
[2020-01-17 19:32:45.182][debug][command:null][tid:01][com.facebook.buck.cli.MainRunner] Done.
