[2020-01-21 12:37:48.697][debug][command:26e86f99-f892-4d68-8252-aaee73177bca][tid:01][com.facebook.buck.event.listener.RenderingConsole] Starting render scheduler (interval 100 ms)
[2020-01-21 12:37:48.718][debug][command:null][tid:19][com.facebook.buck.util.perf.ProcessTracker] startUp
[2020-01-21 12:37:48.718][debug][command:null][tid:19][com.facebook.buck.util.perf.ProcessTracker] startUp
[2020-01-21 12:37:48.772][debug][command:26e86f99-f892-4d68-8252-aaee73177bca][tid:01][com.facebook.buck.util.environment.MacWifiSsidFinder] Getting current SSID..
[2020-01-21 12:37:48.804][debug][command:26e86f99-f892-4d68-8252-aaee73177bca][tid:01][com.facebook.buck.util.environment.MacWifiSsidFinder] Getting SSID from Wi-Fi interface: <CWInterface: 0x7fe6e4a1add0> [interfaceName=en0]
[2020-01-21 12:37:48.805][debug][command:26e86f99-f892-4d68-8252-aaee73177bca][tid:01][com.facebook.buck.util.environment.MacWifiSsidFinder] Found SSID: WLANGSNET
[2020-01-21 12:37:48.961][debug][command:26e86f99-f892-4d68-8252-aaee73177bca][tid:01][com.facebook.buck.util.randomizedtrial.RandomizedTrial] Determined key: 't719628@mact719628/depsaware_executor/26e86f99-f892-4d68-8252-aaee73177bca'
[2020-01-21 12:37:48.983][debug][command:26e86f99-f892-4d68-8252-aaee73177bca][tid:01][com.facebook.buck.cli.MainRunner] InvocationInfo BuildId=[26e86f99-f892-4d68-8252-aaee73177bca] Args=[build, //BuckDemo:BuckDemo]
[2020-01-21 12:37:49.031][info ][command:26e86f99-f892-4d68-8252-aaee73177bca][tid:01][com.facebook.buck.support.build.report.BuildReportUtils] Build report is not enabled
[2020-01-21 12:37:49.116][warn ][command:null][tid:23][com.facebook.buck.event.listener.PublicAnnouncementManager] Failed to get public announcements. Reason: Failed to establish connection to server.
[2020-01-21 12:37:49.116][warn ][command:null][tid:23][com.facebook.buck.event.listener.PublicAnnouncementManager] Failed to get public announcements. Reason: Failed to establish connection to server.
[2020-01-21 12:37:49.116][info ][command:26e86f99-f892-4d68-8252-aaee73177bca][tid:01][com.facebook.buck.support.build.report.BuildReportUtils] Build report is not enabled
[2020-01-21 12:37:49.122][debug][command:null][tid:24][com.facebook.buck.util.environment.MacNetworkConfiguration] Determine network service order and extract device names
[2020-01-21 12:37:49.122][debug][command:null][tid:24][com.facebook.buck.util.environment.MacNetworkConfiguration] Determine network service order and extract device names
[2020-01-21 12:37:49.125][debug][command:null][tid:24][com.facebook.buck.util.ListeningProcessExecutor] Launching process with params ProcessExecutorParams{command=[networksetup, -listnetworkserviceorder, ]}
[2020-01-21 12:37:49.125][debug][command:null][tid:24][com.facebook.buck.util.ListeningProcessExecutor] Launching process with params ProcessExecutorParams{command=[networksetup, -listnetworkserviceorder, ]}
[2020-01-21 12:37:49.185][debug][command:null][tid:24][com.facebook.buck.util.ListeningProcessExecutor] Successfully launched process com.zaxxer.nuprocess.osx.OsxProcess@466a15e5
[2020-01-21 12:37:49.185][debug][command:null][tid:24][com.facebook.buck.util.ListeningProcessExecutor] Successfully launched process com.zaxxer.nuprocess.osx.OsxProcess@466a15e5
[2020-01-21 12:37:49.188][debug][command:null][tid:24][com.facebook.buck.util.ListeningProcessExecutor] Waiting for process com.facebook.buck.util.ListeningProcessExecutor$LaunchedProcessImpl@4724cfe6 timeout 1000 MILLISECONDS
[2020-01-21 12:37:49.188][debug][command:null][tid:24][com.facebook.buck.util.ListeningProcessExecutor] Waiting for process com.facebook.buck.util.ListeningProcessExecutor$LaunchedProcessImpl@4724cfe6 timeout 1000 MILLISECONDS
[2020-01-21 12:37:49.202][info ][command:26e86f99-f892-4d68-8252-aaee73177bca][tid:20][com.facebook.buck.event.listener.LoggingBuildListener] Build started at 2020-01-21 12:37:49.201
[2020-01-21 12:37:49.230][debug][command:null][tid:24][com.facebook.buck.util.ListeningProcessExecutor] Wait for process returned 0
[2020-01-21 12:37:49.230][debug][command:null][tid:24][com.facebook.buck.util.ListeningProcessExecutor] Wait for process returned 0
[2020-01-21 12:37:49.231][debug][command:null][tid:24][com.facebook.buck.util.ListeningProcessExecutor] Destroying process com.facebook.buck.util.ListeningProcessExecutor$LaunchedProcessImpl@4724cfe6 (force true)
[2020-01-21 12:37:49.231][debug][command:null][tid:24][com.facebook.buck.util.ListeningProcessExecutor] Destroying process com.facebook.buck.util.ListeningProcessExecutor$LaunchedProcessImpl@4724cfe6 (force true)
[2020-01-21 12:37:49.231][debug][command:null][tid:24][com.facebook.buck.util.environment.MacNetworkConfiguration] Determine active state of media for device
[2020-01-21 12:37:49.231][debug][command:null][tid:24][com.facebook.buck.util.environment.MacNetworkConfiguration] Determine active state of media for device
[2020-01-21 12:37:49.231][debug][command:null][tid:24][com.facebook.buck.util.ListeningProcessExecutor] Launching process with params ProcessExecutorParams{command=[networksetup, -getMedia, en5]}
[2020-01-21 12:37:49.231][debug][command:null][tid:24][com.facebook.buck.util.ListeningProcessExecutor] Launching process with params ProcessExecutorParams{command=[networksetup, -getMedia, en5]}
[2020-01-21 12:37:49.235][debug][command:null][tid:24][com.facebook.buck.util.ListeningProcessExecutor] Successfully launched process com.zaxxer.nuprocess.osx.OsxProcess@33aa5c5b
[2020-01-21 12:37:49.235][debug][command:null][tid:24][com.facebook.buck.util.ListeningProcessExecutor] Successfully launched process com.zaxxer.nuprocess.osx.OsxProcess@33aa5c5b
[2020-01-21 12:37:49.237][debug][command:null][tid:24][com.facebook.buck.util.ListeningProcessExecutor] Waiting for process com.facebook.buck.util.ListeningProcessExecutor$LaunchedProcessImpl@1855b08a timeout 1000 MILLISECONDS
[2020-01-21 12:37:49.237][debug][command:null][tid:24][com.facebook.buck.util.ListeningProcessExecutor] Waiting for process com.facebook.buck.util.ListeningProcessExecutor$LaunchedProcessImpl@1855b08a timeout 1000 MILLISECONDS
[2020-01-21 12:37:49.272][debug][command:null][tid:24][com.facebook.buck.util.ListeningProcessExecutor] Wait for process returned 4
[2020-01-21 12:37:49.272][debug][command:null][tid:24][com.facebook.buck.util.ListeningProcessExecutor] Wait for process returned 4
[2020-01-21 12:37:49.272][debug][command:null][tid:24][com.facebook.buck.util.ListeningProcessExecutor] Destroying process com.facebook.buck.util.ListeningProcessExecutor$LaunchedProcessImpl@1855b08a (force true)
[2020-01-21 12:37:49.272][debug][command:null][tid:24][com.facebook.buck.util.ListeningProcessExecutor] Destroying process com.facebook.buck.util.ListeningProcessExecutor$LaunchedProcessImpl@1855b08a (force true)
[2020-01-21 12:37:49.272][debug][command:null][tid:24][com.facebook.buck.util.environment.MacNetworkConfiguration] Determine active state of media for device
[2020-01-21 12:37:49.272][debug][command:null][tid:24][com.facebook.buck.util.environment.MacNetworkConfiguration] Determine active state of media for device
[2020-01-21 12:37:49.273][debug][command:null][tid:24][com.facebook.buck.util.ListeningProcessExecutor] Launching process with params ProcessExecutorParams{command=[networksetup, -getMedia, en4]}
[2020-01-21 12:37:49.273][debug][command:null][tid:24][com.facebook.buck.util.ListeningProcessExecutor] Launching process with params ProcessExecutorParams{command=[networksetup, -getMedia, en4]}
[2020-01-21 12:37:49.275][debug][command:null][tid:24][com.facebook.buck.util.ListeningProcessExecutor] Successfully launched process com.zaxxer.nuprocess.osx.OsxProcess@45406bbb
[2020-01-21 12:37:49.275][debug][command:null][tid:24][com.facebook.buck.util.ListeningProcessExecutor] Successfully launched process com.zaxxer.nuprocess.osx.OsxProcess@45406bbb
[2020-01-21 12:37:49.278][debug][command:null][tid:24][com.facebook.buck.util.ListeningProcessExecutor] Waiting for process com.facebook.buck.util.ListeningProcessExecutor$LaunchedProcessImpl@469d5d31 timeout 1000 MILLISECONDS
[2020-01-21 12:37:49.278][debug][command:null][tid:24][com.facebook.buck.util.ListeningProcessExecutor] Waiting for process com.facebook.buck.util.ListeningProcessExecutor$LaunchedProcessImpl@469d5d31 timeout 1000 MILLISECONDS
[2020-01-21 12:37:49.282][debug][command:26e86f99-f892-4d68-8252-aaee73177bca][tid:01][com.facebook.buck.parser.DaemonicParserState] Starting to invalidate caches for /Users/t719628/Documents/Douglas/Github/BuckDemo..
[2020-01-21 12:37:49.282][debug][command:26e86f99-f892-4d68-8252-aaee73177bca][tid:01][com.facebook.buck.parser.DaemonicParserState] Cell caches were empty, no data invalidated.
[2020-01-21 12:37:49.311][debug][command:26e86f99-f892-4d68-8252-aaee73177bca][tid:39][com.facebook.buck.io.ExecutableFinder] Executable 'python2' mapped to 'Optional[/usr/bin/python2]'
[2020-01-21 12:37:49.321][debug][command:null][tid:24][com.facebook.buck.util.ListeningProcessExecutor] Wait for process returned 4
[2020-01-21 12:37:49.321][debug][command:null][tid:24][com.facebook.buck.util.ListeningProcessExecutor] Wait for process returned 4
[2020-01-21 12:37:49.321][debug][command:null][tid:24][com.facebook.buck.util.ListeningProcessExecutor] Destroying process com.facebook.buck.util.ListeningProcessExecutor$LaunchedProcessImpl@469d5d31 (force true)
[2020-01-21 12:37:49.321][debug][command:null][tid:24][com.facebook.buck.util.ListeningProcessExecutor] Destroying process com.facebook.buck.util.ListeningProcessExecutor$LaunchedProcessImpl@469d5d31 (force true)
[2020-01-21 12:37:49.321][debug][command:null][tid:24][com.facebook.buck.util.environment.MacNetworkConfiguration] Determine active state of media for device
[2020-01-21 12:37:49.321][debug][command:null][tid:24][com.facebook.buck.util.environment.MacNetworkConfiguration] Determine active state of media for device
[2020-01-21 12:37:49.321][debug][command:null][tid:24][com.facebook.buck.util.ListeningProcessExecutor] Launching process with params ProcessExecutorParams{command=[networksetup, -getMedia, en0]}
[2020-01-21 12:37:49.321][debug][command:null][tid:24][com.facebook.buck.util.ListeningProcessExecutor] Launching process with params ProcessExecutorParams{command=[networksetup, -getMedia, en0]}
[2020-01-21 12:37:49.324][debug][command:null][tid:24][com.facebook.buck.util.ListeningProcessExecutor] Successfully launched process com.zaxxer.nuprocess.osx.OsxProcess@36fb5e2
[2020-01-21 12:37:49.324][debug][command:null][tid:24][com.facebook.buck.util.ListeningProcessExecutor] Successfully launched process com.zaxxer.nuprocess.osx.OsxProcess@36fb5e2
[2020-01-21 12:37:49.326][debug][command:null][tid:24][com.facebook.buck.util.ListeningProcessExecutor] Waiting for process com.facebook.buck.util.ListeningProcessExecutor$LaunchedProcessImpl@5e56d217 timeout 1000 MILLISECONDS
[2020-01-21 12:37:49.326][debug][command:null][tid:24][com.facebook.buck.util.ListeningProcessExecutor] Waiting for process com.facebook.buck.util.ListeningProcessExecutor$LaunchedProcessImpl@5e56d217 timeout 1000 MILLISECONDS
[2020-01-21 12:37:49.357][info ][command:26e86f99-f892-4d68-8252-aaee73177bca][tid:39][com.facebook.buck.core.plugin.impl.DefaultBuckPluginManager] Time to load instances of interface com.facebook.buck.core.model.targetgraph.DescriptionProvider: 41
[2020-01-21 12:37:49.364][debug][command:null][tid:24][com.facebook.buck.util.ListeningProcessExecutor] Wait for process returned 0
[2020-01-21 12:37:49.364][debug][command:null][tid:24][com.facebook.buck.util.ListeningProcessExecutor] Wait for process returned 0
[2020-01-21 12:37:49.364][debug][command:null][tid:24][com.facebook.buck.util.ListeningProcessExecutor] Destroying process com.facebook.buck.util.ListeningProcessExecutor$LaunchedProcessImpl@5e56d217 (force true)
[2020-01-21 12:37:49.364][debug][command:null][tid:24][com.facebook.buck.util.ListeningProcessExecutor] Destroying process com.facebook.buck.util.ListeningProcessExecutor$LaunchedProcessImpl@5e56d217 (force true)
[2020-01-21 12:37:49.364][debug][command:null][tid:24][com.facebook.buck.util.environment.MacNetworkConfiguration] Determine WiFi SSID of device
[2020-01-21 12:37:49.364][debug][command:null][tid:24][com.facebook.buck.util.environment.MacNetworkConfiguration] Determine WiFi SSID of device
[2020-01-21 12:37:49.365][debug][command:null][tid:24][com.facebook.buck.util.ListeningProcessExecutor] Launching process with params ProcessExecutorParams{command=[networksetup, -getairportnetwork, en0]}
[2020-01-21 12:37:49.365][debug][command:null][tid:24][com.facebook.buck.util.ListeningProcessExecutor] Launching process with params ProcessExecutorParams{command=[networksetup, -getairportnetwork, en0]}
[2020-01-21 12:37:49.369][debug][command:null][tid:24][com.facebook.buck.util.ListeningProcessExecutor] Successfully launched process com.zaxxer.nuprocess.osx.OsxProcess@539f4c5a
[2020-01-21 12:37:49.369][debug][command:null][tid:24][com.facebook.buck.util.ListeningProcessExecutor] Successfully launched process com.zaxxer.nuprocess.osx.OsxProcess@539f4c5a
[2020-01-21 12:37:49.371][debug][command:null][tid:24][com.facebook.buck.util.ListeningProcessExecutor] Waiting for process com.facebook.buck.util.ListeningProcessExecutor$LaunchedProcessImpl@209382 timeout 1000 MILLISECONDS
[2020-01-21 12:37:49.371][debug][command:null][tid:24][com.facebook.buck.util.ListeningProcessExecutor] Waiting for process com.facebook.buck.util.ListeningProcessExecutor$LaunchedProcessImpl@209382 timeout 1000 MILLISECONDS
[2020-01-21 12:37:49.409][debug][command:null][tid:24][com.facebook.buck.util.ListeningProcessExecutor] Wait for process returned 0
[2020-01-21 12:37:49.409][debug][command:null][tid:24][com.facebook.buck.util.ListeningProcessExecutor] Wait for process returned 0
[2020-01-21 12:37:49.409][debug][command:null][tid:24][com.facebook.buck.util.ListeningProcessExecutor] Destroying process com.facebook.buck.util.ListeningProcessExecutor$LaunchedProcessImpl@209382 (force true)
[2020-01-21 12:37:49.409][debug][command:null][tid:24][com.facebook.buck.util.ListeningProcessExecutor] Destroying process com.facebook.buck.util.ListeningProcessExecutor$LaunchedProcessImpl@209382 (force true)
[2020-01-21 12:37:49.483][info ][command:26e86f99-f892-4d68-8252-aaee73177bca][tid:39][com.facebook.buck.core.plugin.impl.DefaultBuckPluginManager] Time to load instances of interface com.facebook.buck.apple.XCodeDescriptionClassSupplier: 8
[2020-01-21 12:37:49.570][info ][command:26e86f99-f892-4d68-8252-aaee73177bca][tid:39][com.facebook.buck.core.plugin.impl.DefaultBuckPluginManager] Time to load instances of interface com.facebook.buck.core.model.targetgraph.BuiltInProviderProvider: 4
[2020-01-21 12:37:49.956][warn ][command:26e86f99-f892-4d68-8252-aaee73177bca][tid:20][com.facebook.buck.event.listener.LoggingBuildListener] ERROR: /Users/t719628/Documents/Douglas/Github/BuckDemo/BuckDemo/BUCK:3:1: illegal argument in call to apple_asset_catalog: files is not a recognized attribute
[2020-01-21 12:37:50.008][info ][command:26e86f99-f892-4d68-8252-aaee73177bca][tid:20][com.facebook.buck.event.listener.LoggingBuildListener] Build finished at 2020-01-21 12:37:50.008
[2020-01-21 12:37:50.023][info ][command:26e86f99-f892-4d68-8252-aaee73177bca][tid:20][com.facebook.buck.event.listener.AbstractConsoleEventBusListener] 
Top slow rules: Buck didn't spend time in rules.
[2020-01-21 12:37:50.024][info ][command:26e86f99-f892-4d68-8252-aaee73177bca][tid:20][com.facebook.buck.event.listener.CriticalPathEventListener] Received command finished event for command : build
[2020-01-21 12:37:50.025][info ][command:null][tid:27][com.facebook.buck.core.graph.transformation.executor.impl.AbstractDepsAwareExecutor] Worker was interrupted
[2020-01-21 12:37:50.025][info ][command:null][tid:28][com.facebook.buck.core.graph.transformation.executor.impl.AbstractDepsAwareExecutor] Worker was interrupted
[2020-01-21 12:37:50.025][info ][command:null][tid:27][com.facebook.buck.core.graph.transformation.executor.impl.AbstractDepsAwareExecutor] Worker was interrupted
[2020-01-21 12:37:50.025][info ][command:null][tid:28][com.facebook.buck.core.graph.transformation.executor.impl.AbstractDepsAwareExecutor] Worker was interrupted
[2020-01-21 12:37:50.025][info ][command:null][tid:29][com.facebook.buck.core.graph.transformation.executor.impl.AbstractDepsAwareExecutor] Worker was interrupted
[2020-01-21 12:37:50.025][info ][command:null][tid:29][com.facebook.buck.core.graph.transformation.executor.impl.AbstractDepsAwareExecutor] Worker was interrupted
[2020-01-21 12:37:50.025][info ][command:null][tid:32][com.facebook.buck.core.graph.transformation.executor.impl.AbstractDepsAwareExecutor] Worker was interrupted
[2020-01-21 12:37:50.025][info ][command:null][tid:30][com.facebook.buck.core.graph.transformation.executor.impl.AbstractDepsAwareExecutor] Worker was interrupted
[2020-01-21 12:37:50.025][info ][command:null][tid:35][com.facebook.buck.core.graph.transformation.executor.impl.AbstractDepsAwareExecutor] Worker was interrupted
[2020-01-21 12:37:50.025][info ][command:null][tid:32][com.facebook.buck.core.graph.transformation.executor.impl.AbstractDepsAwareExecutor] Worker was interrupted
[2020-01-21 12:37:50.025][info ][command:null][tid:30][com.facebook.buck.core.graph.transformation.executor.impl.AbstractDepsAwareExecutor] Worker was interrupted
[2020-01-21 12:37:50.025][info ][command:null][tid:35][com.facebook.buck.core.graph.transformation.executor.impl.AbstractDepsAwareExecutor] Worker was interrupted
[2020-01-21 12:37:50.025][info ][command:null][tid:31][com.facebook.buck.core.graph.transformation.executor.impl.AbstractDepsAwareExecutor] Worker was interrupted
[2020-01-21 12:37:50.025][info ][command:null][tid:31][com.facebook.buck.core.graph.transformation.executor.impl.AbstractDepsAwareExecutor] Worker was interrupted
[2020-01-21 12:37:50.025][info ][command:null][tid:33][com.facebook.buck.core.graph.transformation.executor.impl.AbstractDepsAwareExecutor] Worker was interrupted
[2020-01-21 12:37:50.025][info ][command:null][tid:33][com.facebook.buck.core.graph.transformation.executor.impl.AbstractDepsAwareExecutor] Worker was interrupted
[2020-01-21 12:37:50.031][debug][command:26e86f99-f892-4d68-8252-aaee73177bca][tid:19][com.facebook.buck.util.perf.ProcessTracker] shutDown
[2020-01-21 12:37:50.034][debug][command:26e86f99-f892-4d68-8252-aaee73177bca][tid:01][com.facebook.buck.event.listener.RenderingConsole] Stopping render scheduler
[2020-01-21 12:37:50.035][info ][command:26e86f99-f892-4d68-8252-aaee73177bca][tid:01][com.facebook.buck.cli.MainRunner] Awaiting termination of PROJECT executor service. Waiting for all jobs to complete, or up to maximum of 60 seconds...
[2020-01-21 12:37:50.035][info ][command:26e86f99-f892-4d68-8252-aaee73177bca][tid:01][com.facebook.buck.cli.MainRunner] Successfully terminated PROJECT executor service.
[2020-01-21 12:37:50.035][info ][command:26e86f99-f892-4d68-8252-aaee73177bca][tid:01][com.facebook.buck.cli.MainRunner] Awaiting termination of NETWORK executor service. Waiting for all jobs to complete, or up to maximum of 60 seconds...
[2020-01-21 12:37:50.035][info ][command:26e86f99-f892-4d68-8252-aaee73177bca][tid:01][com.facebook.buck.cli.MainRunner] Successfully terminated NETWORK executor service.
[2020-01-21 12:37:50.036][info ][command:26e86f99-f892-4d68-8252-aaee73177bca][tid:01][com.facebook.buck.cli.MainRunner] Awaiting termination of GRAPH_CPU executor service. Waiting for all jobs to complete, or up to maximum of 60 seconds...
[2020-01-21 12:37:50.036][info ][command:26e86f99-f892-4d68-8252-aaee73177bca][tid:01][com.facebook.buck.cli.MainRunner] Successfully terminated GRAPH_CPU executor service.
[2020-01-21 12:37:50.036][info ][command:26e86f99-f892-4d68-8252-aaee73177bca][tid:01][com.facebook.buck.cli.MainRunner] Awaiting termination of CPU executor service. Waiting for all jobs to complete, or up to maximum of 60 seconds...
[2020-01-21 12:37:50.036][info ][command:26e86f99-f892-4d68-8252-aaee73177bca][tid:01][com.facebook.buck.cli.MainRunner] Successfully terminated CPU executor service.
[2020-01-21 12:37:50.036][info ][command:26e86f99-f892-4d68-8252-aaee73177bca][tid:01][com.facebook.buck.cli.MainRunner] Awaiting termination of ScheduledExecutorService executor service. Waiting for all jobs to complete, or up to maximum of 60 seconds...
[2020-01-21 12:37:50.036][info ][command:26e86f99-f892-4d68-8252-aaee73177bca][tid:01][com.facebook.buck.cli.MainRunner] Successfully terminated ScheduledExecutorService executor service.
[2020-01-21 12:37:50.036][info ][command:26e86f99-f892-4d68-8252-aaee73177bca][tid:01][com.facebook.buck.cli.MainRunner] Awaiting termination of CounterAggregatorExecutor executor service. Waiting for all jobs to complete, or up to maximum of 20 seconds...
[2020-01-21 12:37:50.037][info ][command:26e86f99-f892-4d68-8252-aaee73177bca][tid:01][com.facebook.buck.cli.MainRunner] Successfully terminated CounterAggregatorExecutor executor service.
[2020-01-21 12:37:50.037][info ][command:26e86f99-f892-4d68-8252-aaee73177bca][tid:01][com.facebook.buck.cli.MainRunner] Awaiting termination of HTTP Read executor service. Waiting for all jobs to complete, or up to maximum of 1800 seconds...
[2020-01-21 12:37:50.037][info ][command:26e86f99-f892-4d68-8252-aaee73177bca][tid:01][com.facebook.buck.cli.MainRunner] Successfully terminated HTTP Read executor service.
[2020-01-21 12:37:50.037][info ][command:26e86f99-f892-4d68-8252-aaee73177bca][tid:01][com.facebook.buck.cli.MainRunner] Awaiting termination of HTTP Write executor service. Waiting for all jobs to complete, or up to maximum of 1800 seconds...
[2020-01-21 12:37:50.037][info ][command:26e86f99-f892-4d68-8252-aaee73177bca][tid:01][com.facebook.buck.cli.MainRunner] Successfully terminated HTTP Write executor service.
[2020-01-21 12:37:50.038][info ][command:26e86f99-f892-4d68-8252-aaee73177bca][tid:01][com.facebook.buck.cli.MainRunner] Awaiting termination of Disk IO executor service. Waiting for all jobs to complete, or up to maximum of 10 seconds...
[2020-01-21 12:37:50.038][info ][command:26e86f99-f892-4d68-8252-aaee73177bca][tid:01][com.facebook.buck.cli.MainRunner] Successfully terminated Disk IO executor service.
[2020-01-21 12:37:50.044][info ][command:26e86f99-f892-4d68-8252-aaee73177bca][tid:01][com.facebook.buck.cli.MainRunner] Auto fixing is not enabled for command build
[2020-01-21 12:37:50.075][debug][command:null][tid:48][com.facebook.buck.event.listener.ChromeTraceBuildListener] Writing Chrome trace to buck-out/log/2020-01-21_14h37m48s_buildcommand_26e86f99-f892-4d68-8252-aaee73177bca/build.2020-01-21.12-37-49.26e86f99-f892-4d68-8252-aaee73177bca.trace
[2020-01-21 12:37:50.083][warn ][command:null][tid:01][com.facebook.buck.cli.MainRunner] Command failed:
com.facebook.buck.parser.exceptions.BuildFileParseException: Cannot evaluate file /Users/t719628/Documents/Douglas/Github/BuckDemo/BuckDemo/BUCK
	at com.facebook.buck.parser.exceptions.BuildFileParseException.createForUnknownParseError(BuildFileParseException.java:35)
	at com.facebook.buck.skylark.parser.AbstractSkylarkFileParser.parse(AbstractSkylarkFileParser.java:191)
	at com.facebook.buck.skylark.parser.SkylarkProjectBuildFileParser.getManifest(SkylarkProjectBuildFileParser.java:136)
	at com.facebook.buck.skylark.parser.SkylarkProjectBuildFileParser.getManifest(SkylarkProjectBuildFileParser.java:1)
	at com.facebook.buck.parser.HybridProjectBuildFileParser.getManifest(HybridProjectBuildFileParser.java:62)
	at com.facebook.buck.parser.HybridProjectBuildFileParser.getManifest(HybridProjectBuildFileParser.java:1)
	at com.facebook.buck.json.TargetCountVerificationParserDecorator.getManifest(TargetCountVerificationParserDecorator.java:73)
	at com.facebook.buck.parser.api.ForwardingProjectBuildFileParserDecorator.getManifest(ForwardingProjectBuildFileParserDecorator.java:1)
	at com.facebook.buck.parser.decorators.EventReportingProjectBuildFileParser.getManifest(EventReportingProjectBuildFileParser.java:69)
	at com.facebook.buck.parser.api.ForwardingProjectBuildFileParserDecorator.getManifest(ForwardingProjectBuildFileParserDecorator.java:1)
	at com.facebook.buck.parser.FileParserPool.lambda$0(FileParserPool.java:83)
	at com.facebook.buck.util.concurrent.ResourcePool$1.apply(ResourcePool.java:136)
	at com.facebook.buck.util.concurrent.ResourcePool$1.apply(ResourcePool.java:1)
	at com.google.common.util.concurrent.AbstractTransformFuture$AsyncTransformFuture.doTransform(AbstractTransformFuture.java:206)
	at com.google.common.util.concurrent.AbstractTransformFuture$AsyncTransformFuture.doTransform(AbstractTransformFuture.java:195)
	at com.google.common.util.concurrent.AbstractTransformFuture.run(AbstractTransformFuture.java:115)
	at com.google.common.util.concurrent.MoreExecutors$5$1.run(MoreExecutors.java:999)
	at java.util.concurrent.ThreadPoolExecutor.runWorker(ThreadPoolExecutor.java:1149)
	at java.util.concurrent.ThreadPoolExecutor$Worker.run(ThreadPoolExecutor.java:624)
	at java.lang.Thread.run(Thread.java:748)

[2020-01-21 12:37:50.085][warn ][command:null][tid:01][com.facebook.buck.util.Console] Command failure: Cannot evaluate file /Users/t719628/Documents/Douglas/Github/BuckDemo/BuckDemo/BUCK
[2020-01-21 12:37:50.085][warn ][command:null][tid:01][com.facebook.buck.util.Console] Command failure: Cannot evaluate file /Users/t719628/Documents/Douglas/Github/BuckDemo/BuckDemo/BUCK
[2020-01-21 12:37:50.094][debug][command:null][tid:01][com.facebook.buck.cli.MainRunner] Done.
